[2025-09-07T14:30:44.892+0000] {taskinstance.py:1125} INFO - Dependencies all met for dep_context=non-requeueable deps ti=<TaskInstance: orquestador.train_model manual__2025-09-07T14:30:31+00:00 [queued]>
[2025-09-07T14:30:44.908+0000] {taskinstance.py:1125} INFO - Dependencies all met for dep_context=requeueable deps ti=<TaskInstance: orquestador.train_model manual__2025-09-07T14:30:31+00:00 [queued]>
[2025-09-07T14:30:44.909+0000] {taskinstance.py:1331} INFO - Starting attempt 1 of 1
[2025-09-07T14:30:44.927+0000] {taskinstance.py:1350} INFO - Executing <Task(PythonOperator): train_model> on 2025-09-07 14:30:31+00:00
[2025-09-07T14:30:44.942+0000] {standard_task_runner.py:57} INFO - Started process 155 to run task
[2025-09-07T14:30:44.950+0000] {standard_task_runner.py:84} INFO - Running: ['***', 'tasks', 'run', 'orquestador', 'train_model', 'manual__2025-09-07T14:30:31+00:00', '--job-id', '29', '--raw', '--subdir', 'DAGS_FOLDER/orquestador.py', '--cfg-path', '/tmp/tmpp4l16qss']
[2025-09-07T14:30:44.954+0000] {standard_task_runner.py:85} INFO - Job 29: Subtask train_model
[2025-09-07T14:30:45.031+0000] {task_command.py:410} INFO - Running <TaskInstance: orquestador.train_model manual__2025-09-07T14:30:31+00:00 [running]> on host b7ae5b05c2d0
[2025-09-07T14:30:45.184+0000] {taskinstance.py:1570} INFO - Exporting env vars: AIRFLOW_CTX_DAG_OWNER='***' AIRFLOW_CTX_DAG_ID='orquestador' AIRFLOW_CTX_TASK_ID='train_model' AIRFLOW_CTX_EXECUTION_DATE='2025-09-07T14:30:31+00:00' AIRFLOW_CTX_TRY_NUMBER='1' AIRFLOW_CTX_DAG_RUN_ID='manual__2025-09-07T14:30:31+00:00'
[2025-09-07T14:30:45.188+0000] {crypto.py:83} WARNING - empty cryptography key - values will not be stored encrypted.
[2025-09-07T14:30:45.189+0000] {base.py:73} INFO - Using connection ID 'mysql_conn' for task execution.
[2025-09-07T14:30:45.254+0000] {warnings.py:110} WARNING - /home/***/.local/lib/python3.7/site-packages/sklearn/linear_model/_logistic.py:818: ConvergenceWarning: lbfgs failed to converge (status=1):
STOP: TOTAL NO. of ITERATIONS REACHED LIMIT.

Increase the number of iterations (max_iter) or scale the data as shown in:
    https://scikit-learn.org/stable/modules/preprocessing.html
Please also refer to the documentation for alternative solver options:
    https://scikit-learn.org/stable/modules/linear_model.html#logistic-regression
  extra_warning_msg=_LOGISTIC_SOLVER_CONVERGENCE_MSG,

[2025-09-07T14:30:45.259+0000] {python.py:183} INFO - Done. Returned value was: None
[2025-09-07T14:30:45.289+0000] {taskinstance.py:1373} INFO - Marking task as SUCCESS. dag_id=orquestador, task_id=train_model, execution_date=20250907T143031, start_date=20250907T143044, end_date=20250907T143045
[2025-09-07T14:30:45.363+0000] {local_task_job_runner.py:232} INFO - Task exited with return code 0
[2025-09-07T14:30:45.410+0000] {taskinstance.py:2674} INFO - 1 downstream tasks scheduled from follow-on schedule check
