[2025-09-06T07:04:52.937+0000] {taskinstance.py:1125} INFO - Dependencies all met for dep_context=non-requeueable deps ti=<TaskInstance: orquestador.delete_table manual__2025-09-06T07:04:51.110548+00:00 [queued]>
[2025-09-06T07:04:52.951+0000] {taskinstance.py:1125} INFO - Dependencies all met for dep_context=requeueable deps ti=<TaskInstance: orquestador.delete_table manual__2025-09-06T07:04:51.110548+00:00 [queued]>
[2025-09-06T07:04:52.952+0000] {taskinstance.py:1331} INFO - Starting attempt 1 of 1
[2025-09-06T07:04:52.982+0000] {taskinstance.py:1350} INFO - Executing <Task(MySqlOperator): delete_table> on 2025-09-06 07:04:51.110548+00:00
[2025-09-06T07:04:52.994+0000] {standard_task_runner.py:57} INFO - Started process 256 to run task
[2025-09-06T07:04:53.005+0000] {standard_task_runner.py:84} INFO - Running: ['***', 'tasks', 'run', 'orquestador', 'delete_table', 'manual__2025-09-06T07:04:51.110548+00:00', '--job-id', '449', '--raw', '--subdir', 'DAGS_FOLDER/orquestador.py', '--cfg-path', '/tmp/tmpygdok8uu']
[2025-09-06T07:04:53.010+0000] {standard_task_runner.py:85} INFO - Job 449: Subtask delete_table
[2025-09-06T07:04:53.089+0000] {task_command.py:410} INFO - Running <TaskInstance: orquestador.delete_table manual__2025-09-06T07:04:51.110548+00:00 [running]> on host 32a81c69218b
[2025-09-06T07:04:53.255+0000] {taskinstance.py:1570} INFO - Exporting env vars: AIRFLOW_CTX_DAG_OWNER='***' AIRFLOW_CTX_DAG_ID='orquestador' AIRFLOW_CTX_TASK_ID='delete_table' AIRFLOW_CTX_EXECUTION_DATE='2025-09-06T07:04:51.110548+00:00' AIRFLOW_CTX_TRY_NUMBER='1' AIRFLOW_CTX_DAG_RUN_ID='manual__2025-09-06T07:04:51.110548+00:00'
[2025-09-06T07:04:53.258+0000] {sql.py:262} INFO - Executing: 
DROP TABLE IF EXISTS penguins_raw;

[2025-09-06T07:04:53.274+0000] {base.py:73} INFO - Using connection ID 'mysql_conn' for task execution.
[2025-09-06T07:04:53.367+0000] {base.py:73} INFO - Using connection ID 'mysql_conn' for task execution.
[2025-09-06T07:04:53.387+0000] {sql.py:375} INFO - Running statement: 
DROP TABLE IF EXISTS penguins_raw;
, parameters: None
[2025-09-06T07:04:53.405+0000] {sql.py:384} INFO - Rows affected: 0
[2025-09-06T07:04:53.425+0000] {taskinstance.py:1373} INFO - Marking task as SUCCESS. dag_id=orquestador, task_id=delete_table, execution_date=20250906T070451, start_date=20250906T070452, end_date=20250906T070453
[2025-09-06T07:04:53.497+0000] {local_task_job_runner.py:232} INFO - Task exited with return code 0
[2025-09-06T07:04:53.565+0000] {taskinstance.py:2674} INFO - 1 downstream tasks scheduled from follow-on schedule check
