[2025-09-07T14:30:34.458+0000] {taskinstance.py:1125} INFO - Dependencies all met for dep_context=non-requeueable deps ti=<TaskInstance: orquestador.delete_table-clean manual__2025-09-07T14:30:31+00:00 [queued]>
[2025-09-07T14:30:34.472+0000] {taskinstance.py:1125} INFO - Dependencies all met for dep_context=requeueable deps ti=<TaskInstance: orquestador.delete_table-clean manual__2025-09-07T14:30:31+00:00 [queued]>
[2025-09-07T14:30:34.473+0000] {taskinstance.py:1331} INFO - Starting attempt 1 of 1
[2025-09-07T14:30:34.490+0000] {taskinstance.py:1350} INFO - Executing <Task(MySqlOperator): delete_table-clean> on 2025-09-07 14:30:31+00:00
[2025-09-07T14:30:34.499+0000] {standard_task_runner.py:57} INFO - Started process 140 to run task
[2025-09-07T14:30:34.505+0000] {standard_task_runner.py:84} INFO - Running: ['***', 'tasks', 'run', 'orquestador', 'delete_table-clean', 'manual__2025-09-07T14:30:31+00:00', '--job-id', '24', '--raw', '--subdir', 'DAGS_FOLDER/orquestador.py', '--cfg-path', '/tmp/tmpljh7a0m9']
[2025-09-07T14:30:34.513+0000] {standard_task_runner.py:85} INFO - Job 24: Subtask delete_table-clean
[2025-09-07T14:30:34.572+0000] {task_command.py:410} INFO - Running <TaskInstance: orquestador.delete_table-clean manual__2025-09-07T14:30:31+00:00 [running]> on host b7ae5b05c2d0
[2025-09-07T14:30:34.685+0000] {taskinstance.py:1570} INFO - Exporting env vars: AIRFLOW_CTX_DAG_OWNER='***' AIRFLOW_CTX_DAG_ID='orquestador' AIRFLOW_CTX_TASK_ID='delete_table-clean' AIRFLOW_CTX_EXECUTION_DATE='2025-09-07T14:30:31+00:00' AIRFLOW_CTX_TRY_NUMBER='1' AIRFLOW_CTX_DAG_RUN_ID='manual__2025-09-07T14:30:31+00:00'
[2025-09-07T14:30:34.686+0000] {sql.py:262} INFO - Executing: 
DROP TABLE IF EXISTS penguins_clean;            
 
[2025-09-07T14:30:34.687+0000] {crypto.py:83} WARNING - empty cryptography key - values will not be stored encrypted.
[2025-09-07T14:30:34.688+0000] {base.py:73} INFO - Using connection ID 'mysql_conn' for task execution.
[2025-09-07T14:30:34.759+0000] {base.py:73} INFO - Using connection ID 'mysql_conn' for task execution.
[2025-09-07T14:30:34.786+0000] {sql.py:375} INFO - Running statement: 
DROP TABLE IF EXISTS penguins_clean;            
 , parameters: None
[2025-09-07T14:30:34.819+0000] {sql.py:384} INFO - Rows affected: 0
[2025-09-07T14:30:34.830+0000] {taskinstance.py:1373} INFO - Marking task as SUCCESS. dag_id=orquestador, task_id=delete_table-clean, execution_date=20250907T143031, start_date=20250907T143034, end_date=20250907T143034
[2025-09-07T14:30:34.880+0000] {local_task_job_runner.py:232} INFO - Task exited with return code 0
[2025-09-07T14:30:34.924+0000] {taskinstance.py:2674} INFO - 0 downstream tasks scheduled from follow-on schedule check
