[2025-09-06T05:28:17.144+0000] {taskinstance.py:1125} INFO - Dependencies all met for dep_context=non-requeueable deps ti=<TaskInstance: mysql_insert_select.read_data manual__2025-09-06T05:28:02.999636+00:00 [queued]>
[2025-09-06T05:28:17.162+0000] {taskinstance.py:1125} INFO - Dependencies all met for dep_context=requeueable deps ti=<TaskInstance: mysql_insert_select.read_data manual__2025-09-06T05:28:02.999636+00:00 [queued]>
[2025-09-06T05:28:17.162+0000] {taskinstance.py:1331} INFO - Starting attempt 1 of 1
[2025-09-06T05:28:17.182+0000] {taskinstance.py:1350} INFO - Executing <Task(PythonOperator): read_data> on 2025-09-06 05:28:02.999636+00:00
[2025-09-06T05:28:17.194+0000] {standard_task_runner.py:57} INFO - Started process 1617 to run task
[2025-09-06T05:28:17.201+0000] {standard_task_runner.py:84} INFO - Running: ['***', 'tasks', 'run', 'mysql_insert_select', 'read_data', 'manual__2025-09-06T05:28:02.999636+00:00', '--job-id', '289', '--raw', '--subdir', 'DAGS_FOLDER/mysql_insert_select.py', '--cfg-path', '/tmp/tmpbow2xavp']
[2025-09-06T05:28:17.205+0000] {standard_task_runner.py:85} INFO - Job 289: Subtask read_data
[2025-09-06T05:28:17.288+0000] {task_command.py:410} INFO - Running <TaskInstance: mysql_insert_select.read_data manual__2025-09-06T05:28:02.999636+00:00 [running]> on host 6faa580ba6cb
[2025-09-06T05:28:17.441+0000] {taskinstance.py:1570} INFO - Exporting env vars: AIRFLOW_CTX_DAG_OWNER='***' AIRFLOW_CTX_DAG_ID='mysql_insert_select' AIRFLOW_CTX_TASK_ID='read_data' AIRFLOW_CTX_EXECUTION_DATE='2025-09-06T05:28:02.999636+00:00' AIRFLOW_CTX_TRY_NUMBER='1' AIRFLOW_CTX_DAG_RUN_ID='manual__2025-09-06T05:28:02.999636+00:00'
[2025-09-06T05:28:17.457+0000] {base.py:73} INFO - Using connection ID 'mysql_conn' for task execution.
[2025-09-06T05:28:17.523+0000] {logging_mixin.py:149} INFO -    species  bill_length_mm  ...  sex_female  sex_male
0        1            39.1  ...           0         1
1        1            39.5  ...           1         0
2        1            40.3  ...           1         0
4        1            36.7  ...           1         0
5        1            39.3  ...           0         1

[5 rows x 11 columns]
[2025-09-06T05:28:17.523+0000] {logging_mixin.py:149} INFO -  Datos limpios listos para insertar en penguins_clean
[2025-09-06T05:28:17.524+0000] {logging_mixin.py:149} INFO - Index(['species', 'bill_length_mm', 'bill_depth_mm', 'flipper_length_mm',
       'body_mass_g', 'year', 'island_Biscoe', 'island_Dream',
       'island_Torgersen', 'sex_female', 'sex_male'],
      dtype='object')
[2025-09-06T05:28:17.565+0000] {base.py:73} INFO - Using connection ID 'mysql_conn' for task execution.
[2025-09-06T05:28:17.602+0000] {logging_mixin.py:149} INFO -  Limpieza e inserción terminada en penguins_clean
[2025-09-06T05:28:17.603+0000] {python.py:183} INFO - Done. Returned value was: None
[2025-09-06T05:28:17.618+0000] {taskinstance.py:1373} INFO - Marking task as SUCCESS. dag_id=mysql_insert_select, task_id=read_data, execution_date=20250906T052802, start_date=20250906T052817, end_date=20250906T052817
[2025-09-06T05:28:17.653+0000] {local_task_job_runner.py:232} INFO - Task exited with return code 0
[2025-09-06T05:28:17.707+0000] {taskinstance.py:2674} INFO - 1 downstream tasks scheduled from follow-on schedule check
