[2025-09-06T21:49:41.844+0000] {taskinstance.py:1125} INFO - Dependencies all met for dep_context=non-requeueable deps ti=<TaskInstance: orquestador.train_model scheduled__2023-01-01T00:00:00+00:00 [queued]>
[2025-09-06T21:49:41.860+0000] {taskinstance.py:1125} INFO - Dependencies all met for dep_context=requeueable deps ti=<TaskInstance: orquestador.train_model scheduled__2023-01-01T00:00:00+00:00 [queued]>
[2025-09-06T21:49:41.860+0000] {taskinstance.py:1331} INFO - Starting attempt 1 of 1
[2025-09-06T21:49:41.879+0000] {taskinstance.py:1350} INFO - Executing <Task(PythonOperator): train_model> on 2023-01-01 00:00:00+00:00
[2025-09-06T21:49:41.896+0000] {standard_task_runner.py:57} INFO - Started process 128 to run task
[2025-09-06T21:49:41.902+0000] {standard_task_runner.py:84} INFO - Running: ['***', 'tasks', 'run', 'orquestador', 'train_model', 'scheduled__2023-01-01T00:00:00+00:00', '--job-id', '15', '--raw', '--subdir', 'DAGS_FOLDER/orquestador.py', '--cfg-path', '/tmp/tmps870gzvx']
[2025-09-06T21:49:41.906+0000] {standard_task_runner.py:85} INFO - Job 15: Subtask train_model
[2025-09-06T21:49:41.969+0000] {task_command.py:410} INFO - Running <TaskInstance: orquestador.train_model scheduled__2023-01-01T00:00:00+00:00 [running]> on host 82e428de455a
[2025-09-06T21:49:42.083+0000] {taskinstance.py:1570} INFO - Exporting env vars: AIRFLOW_CTX_DAG_OWNER='***' AIRFLOW_CTX_DAG_ID='orquestador' AIRFLOW_CTX_TASK_ID='train_model' AIRFLOW_CTX_EXECUTION_DATE='2023-01-01T00:00:00+00:00' AIRFLOW_CTX_TRY_NUMBER='1' AIRFLOW_CTX_DAG_RUN_ID='scheduled__2023-01-01T00:00:00+00:00'
[2025-09-06T21:49:42.084+0000] {crypto.py:83} WARNING - empty cryptography key - values will not be stored encrypted.
[2025-09-06T21:49:42.085+0000] {base.py:73} INFO - Using connection ID 'mysql_conn' for task execution.
[2025-09-06T21:49:42.138+0000] {warnings.py:110} WARNING - /home/***/.local/lib/python3.7/site-packages/sklearn/linear_model/_logistic.py:818: ConvergenceWarning: lbfgs failed to converge (status=1):
STOP: TOTAL NO. of ITERATIONS REACHED LIMIT.

Increase the number of iterations (max_iter) or scale the data as shown in:
    https://scikit-learn.org/stable/modules/preprocessing.html
Please also refer to the documentation for alternative solver options:
    https://scikit-learn.org/stable/modules/linear_model.html#logistic-regression
  extra_warning_msg=_LOGISTIC_SOLVER_CONVERGENCE_MSG,

[2025-09-06T21:49:42.142+0000] {python.py:183} INFO - Done. Returned value was: None
[2025-09-06T21:49:42.161+0000] {taskinstance.py:1373} INFO - Marking task as SUCCESS. dag_id=orquestador, task_id=train_model, execution_date=20230101T000000, start_date=20250906T214941, end_date=20250906T214942
[2025-09-06T21:49:42.194+0000] {local_task_job_runner.py:232} INFO - Task exited with return code 0
[2025-09-06T21:49:42.235+0000] {taskinstance.py:2674} INFO - 1 downstream tasks scheduled from follow-on schedule check
[2025-09-06T22:04:24.452+0000] {taskinstance.py:1125} INFO - Dependencies all met for dep_context=non-requeueable deps ti=<TaskInstance: orquestador.train_model scheduled__2023-01-01T00:00:00+00:00 [queued]>
[2025-09-06T22:04:24.468+0000] {taskinstance.py:1125} INFO - Dependencies all met for dep_context=requeueable deps ti=<TaskInstance: orquestador.train_model scheduled__2023-01-01T00:00:00+00:00 [queued]>
[2025-09-06T22:04:24.468+0000] {taskinstance.py:1331} INFO - Starting attempt 1 of 1
[2025-09-06T22:04:24.483+0000] {taskinstance.py:1350} INFO - Executing <Task(PythonOperator): train_model> on 2023-01-01 00:00:00+00:00
[2025-09-06T22:04:24.491+0000] {standard_task_runner.py:57} INFO - Started process 119 to run task
[2025-09-06T22:04:24.497+0000] {standard_task_runner.py:84} INFO - Running: ['***', 'tasks', 'run', 'orquestador', 'train_model', 'scheduled__2023-01-01T00:00:00+00:00', '--job-id', '9', '--raw', '--subdir', 'DAGS_FOLDER/orquestador.py', '--cfg-path', '/tmp/tmpgwhpixxx']
[2025-09-06T22:04:24.501+0000] {standard_task_runner.py:85} INFO - Job 9: Subtask train_model
[2025-09-06T22:04:24.580+0000] {task_command.py:410} INFO - Running <TaskInstance: orquestador.train_model scheduled__2023-01-01T00:00:00+00:00 [running]> on host b0f46732fbd8
[2025-09-06T22:04:24.683+0000] {taskinstance.py:1570} INFO - Exporting env vars: AIRFLOW_CTX_DAG_OWNER='***' AIRFLOW_CTX_DAG_ID='orquestador' AIRFLOW_CTX_TASK_ID='train_model' AIRFLOW_CTX_EXECUTION_DATE='2023-01-01T00:00:00+00:00' AIRFLOW_CTX_TRY_NUMBER='1' AIRFLOW_CTX_DAG_RUN_ID='scheduled__2023-01-01T00:00:00+00:00'
[2025-09-06T22:04:24.685+0000] {crypto.py:83} WARNING - empty cryptography key - values will not be stored encrypted.
[2025-09-06T22:04:24.685+0000] {base.py:73} INFO - Using connection ID 'mysql_conn' for task execution.
[2025-09-06T22:04:24.748+0000] {warnings.py:110} WARNING - /home/***/.local/lib/python3.7/site-packages/sklearn/linear_model/_logistic.py:818: ConvergenceWarning: lbfgs failed to converge (status=1):
STOP: TOTAL NO. of ITERATIONS REACHED LIMIT.

Increase the number of iterations (max_iter) or scale the data as shown in:
    https://scikit-learn.org/stable/modules/preprocessing.html
Please also refer to the documentation for alternative solver options:
    https://scikit-learn.org/stable/modules/linear_model.html#logistic-regression
  extra_warning_msg=_LOGISTIC_SOLVER_CONVERGENCE_MSG,

[2025-09-06T22:04:24.752+0000] {python.py:183} INFO - Done. Returned value was: None
[2025-09-06T22:04:24.764+0000] {taskinstance.py:1373} INFO - Marking task as SUCCESS. dag_id=orquestador, task_id=train_model, execution_date=20230101T000000, start_date=20250906T220424, end_date=20250906T220424
[2025-09-06T22:04:24.788+0000] {local_task_job_runner.py:232} INFO - Task exited with return code 0
[2025-09-06T22:04:24.820+0000] {taskinstance.py:2674} INFO - 1 downstream tasks scheduled from follow-on schedule check
