[2025-09-06T22:06:44.960+0000] {taskinstance.py:1125} INFO - Dependencies all met for dep_context=non-requeueable deps ti=<TaskInstance: orquestador.delete_table-clean manual__2025-09-06T22:06:43+00:00 [queued]>
[2025-09-06T22:06:44.969+0000] {taskinstance.py:1125} INFO - Dependencies all met for dep_context=requeueable deps ti=<TaskInstance: orquestador.delete_table-clean manual__2025-09-06T22:06:43+00:00 [queued]>
[2025-09-06T22:06:44.970+0000] {taskinstance.py:1331} INFO - Starting attempt 1 of 1
[2025-09-06T22:06:44.986+0000] {taskinstance.py:1350} INFO - Executing <Task(MySqlOperator): delete_table-clean> on 2025-09-06 22:06:43+00:00
[2025-09-06T22:06:44.993+0000] {standard_task_runner.py:57} INFO - Started process 165 to run task
[2025-09-06T22:06:45.006+0000] {standard_task_runner.py:84} INFO - Running: ['***', 'tasks', 'run', 'orquestador', 'delete_table-clean', 'manual__2025-09-06T22:06:43+00:00', '--job-id', '12', '--raw', '--subdir', 'DAGS_FOLDER/orquestador.py', '--cfg-path', '/tmp/tmp079g03v0']
[2025-09-06T22:06:45.010+0000] {standard_task_runner.py:85} INFO - Job 12: Subtask delete_table-clean
[2025-09-06T22:06:45.096+0000] {task_command.py:410} INFO - Running <TaskInstance: orquestador.delete_table-clean manual__2025-09-06T22:06:43+00:00 [running]> on host b0f46732fbd8
[2025-09-06T22:06:45.218+0000] {taskinstance.py:1570} INFO - Exporting env vars: AIRFLOW_CTX_DAG_OWNER='***' AIRFLOW_CTX_DAG_ID='orquestador' AIRFLOW_CTX_TASK_ID='delete_table-clean' AIRFLOW_CTX_EXECUTION_DATE='2025-09-06T22:06:43+00:00' AIRFLOW_CTX_TRY_NUMBER='1' AIRFLOW_CTX_DAG_RUN_ID='manual__2025-09-06T22:06:43+00:00'
[2025-09-06T22:06:45.219+0000] {sql.py:262} INFO - Executing: 
DROP TABLE IF EXISTS penguins_clean;            
 
[2025-09-06T22:06:45.220+0000] {crypto.py:83} WARNING - empty cryptography key - values will not be stored encrypted.
[2025-09-06T22:06:45.221+0000] {base.py:73} INFO - Using connection ID 'mysql_conn' for task execution.
[2025-09-06T22:06:45.295+0000] {base.py:73} INFO - Using connection ID 'mysql_conn' for task execution.
[2025-09-06T22:06:45.310+0000] {sql.py:375} INFO - Running statement: 
DROP TABLE IF EXISTS penguins_clean;            
 , parameters: None
[2025-09-06T22:06:45.323+0000] {sql.py:384} INFO - Rows affected: 0
[2025-09-06T22:06:45.343+0000] {taskinstance.py:1373} INFO - Marking task as SUCCESS. dag_id=orquestador, task_id=delete_table-clean, execution_date=20250906T220643, start_date=20250906T220644, end_date=20250906T220645
[2025-09-06T22:06:45.413+0000] {local_task_job_runner.py:232} INFO - Task exited with return code 0
[2025-09-06T22:06:45.452+0000] {taskinstance.py:2674} INFO - 1 downstream tasks scheduled from follow-on schedule check
