[2025-09-06T02:56:48.342+0000] {taskinstance.py:1125} INFO - Dependencies all met for dep_context=non-requeueable deps ti=<TaskInstance: mysql_insert_select.setup_fastapi manual__2025-09-06T02:56:25.682947+00:00 [queued]>
[2025-09-06T02:56:48.361+0000] {taskinstance.py:1125} INFO - Dependencies all met for dep_context=requeueable deps ti=<TaskInstance: mysql_insert_select.setup_fastapi manual__2025-09-06T02:56:25.682947+00:00 [queued]>
[2025-09-06T02:56:48.361+0000] {taskinstance.py:1331} INFO - Starting attempt 1 of 1
[2025-09-06T02:56:48.387+0000] {taskinstance.py:1350} INFO - Executing <Task(PythonOperator): setup_fastapi> on 2025-09-06 02:56:25.682947+00:00
[2025-09-06T02:56:48.400+0000] {standard_task_runner.py:57} INFO - Started process 1031 to run task
[2025-09-06T02:56:48.407+0000] {standard_task_runner.py:84} INFO - Running: ['***', 'tasks', 'run', 'mysql_insert_select', 'setup_fastapi', 'manual__2025-09-06T02:56:25.682947+00:00', '--job-id', '153', '--raw', '--subdir', 'DAGS_FOLDER/crea_tablas.py', '--cfg-path', '/tmp/tmpgwsr801v']
[2025-09-06T02:56:48.411+0000] {standard_task_runner.py:85} INFO - Job 153: Subtask setup_fastapi
[2025-09-06T02:56:48.478+0000] {task_command.py:410} INFO - Running <TaskInstance: mysql_insert_select.setup_fastapi manual__2025-09-06T02:56:25.682947+00:00 [running]> on host ded74915b8e2
[2025-09-06T02:56:48.622+0000] {taskinstance.py:1570} INFO - Exporting env vars: AIRFLOW_CTX_DAG_OWNER='***' AIRFLOW_CTX_DAG_ID='mysql_insert_select' AIRFLOW_CTX_TASK_ID='setup_fastapi' AIRFLOW_CTX_EXECUTION_DATE='2025-09-06T02:56:25.682947+00:00' AIRFLOW_CTX_TRY_NUMBER='1' AIRFLOW_CTX_DAG_RUN_ID='manual__2025-09-06T02:56:25.682947+00:00'
[2025-09-06T02:56:48.623+0000] {logging_mixin.py:149} INFO - ✅ Modelo encontrado en: /opt/***/models/RandomForestclassifier.pkl
[2025-09-06T02:56:48.623+0000] {logging_mixin.py:149} INFO - 🚀 Iniciando servidor FastAPI...
[2025-09-06T02:56:48.623+0000] {logging_mixin.py:149} INFO - 📋 Configuración de FastAPI lista:
[2025-09-06T02:56:48.623+0000] {logging_mixin.py:149} INFO -    - Modelo: /opt/***/models/RandomForestclassifier.pkl
[2025-09-06T02:56:48.623+0000] {logging_mixin.py:149} INFO -    - App: /opt/***/dags/fastapi_app.py
[2025-09-06T02:56:48.623+0000] {logging_mixin.py:149} INFO -    - Puerto sugerido: 8000
[2025-09-06T02:56:48.624+0000] {logging_mixin.py:149} INFO -    - Comando sugerido: uvicorn fastapi_app:app --host 0.0.0.0 --port 8000
[2025-09-06T02:56:48.624+0000] {logging_mixin.py:149} INFO - ✅ FastAPI configurado y listo para usar
[2025-09-06T02:56:48.624+0000] {python.py:183} INFO - Done. Returned value was: None
[2025-09-06T02:56:48.640+0000] {taskinstance.py:1373} INFO - Marking task as SUCCESS. dag_id=mysql_insert_select, task_id=setup_fastapi, execution_date=20250906T025625, start_date=20250906T025648, end_date=20250906T025648
[2025-09-06T02:56:48.669+0000] {local_task_job_runner.py:232} INFO - Task exited with return code 0
[2025-09-06T02:56:48.694+0000] {taskinstance.py:2674} INFO - 0 downstream tasks scheduled from follow-on schedule check
