[2025-09-06T05:38:48.933+0000] {taskinstance.py:1125} INFO - Dependencies all met for dep_context=non-requeueable deps ti=<TaskInstance: mysql_insert_select.delete_table-clean manual__2025-09-06T05:38:45.486954+00:00 [queued]>
[2025-09-06T05:38:48.949+0000] {taskinstance.py:1125} INFO - Dependencies all met for dep_context=requeueable deps ti=<TaskInstance: mysql_insert_select.delete_table-clean manual__2025-09-06T05:38:45.486954+00:00 [queued]>
[2025-09-06T05:38:48.949+0000] {taskinstance.py:1331} INFO - Starting attempt 1 of 1
[2025-09-06T05:38:48.978+0000] {taskinstance.py:1350} INFO - Executing <Task(MySqlOperator): delete_table-clean> on 2025-09-06 05:38:45.486954+00:00
[2025-09-06T05:38:48.999+0000] {standard_task_runner.py:57} INFO - Started process 1910 to run task
[2025-09-06T05:38:49.010+0000] {standard_task_runner.py:84} INFO - Running: ['***', 'tasks', 'run', 'mysql_insert_select', 'delete_table-clean', 'manual__2025-09-06T05:38:45.486954+00:00', '--job-id', '317', '--raw', '--subdir', 'DAGS_FOLDER/mysql_insert_select.py', '--cfg-path', '/tmp/tmp56furyla']
[2025-09-06T05:38:49.014+0000] {standard_task_runner.py:85} INFO - Job 317: Subtask delete_table-clean
[2025-09-06T05:38:49.110+0000] {task_command.py:410} INFO - Running <TaskInstance: mysql_insert_select.delete_table-clean manual__2025-09-06T05:38:45.486954+00:00 [running]> on host 6faa580ba6cb
[2025-09-06T05:38:49.356+0000] {taskinstance.py:1570} INFO - Exporting env vars: AIRFLOW_CTX_DAG_OWNER='***' AIRFLOW_CTX_DAG_ID='mysql_insert_select' AIRFLOW_CTX_TASK_ID='delete_table-clean' AIRFLOW_CTX_EXECUTION_DATE='2025-09-06T05:38:45.486954+00:00' AIRFLOW_CTX_TRY_NUMBER='1' AIRFLOW_CTX_DAG_RUN_ID='manual__2025-09-06T05:38:45.486954+00:00'
[2025-09-06T05:38:49.357+0000] {sql.py:262} INFO - Executing: 
DROP TABLE IF EXISTS penguins_clean;            
 
[2025-09-06T05:38:49.375+0000] {base.py:73} INFO - Using connection ID 'mysql_conn' for task execution.
[2025-09-06T05:38:49.469+0000] {base.py:73} INFO - Using connection ID 'mysql_conn' for task execution.
[2025-09-06T05:38:49.499+0000] {sql.py:375} INFO - Running statement: 
DROP TABLE IF EXISTS penguins_clean;            
 , parameters: None
[2025-09-06T05:38:49.516+0000] {sql.py:384} INFO - Rows affected: 0
[2025-09-06T05:38:49.535+0000] {taskinstance.py:1373} INFO - Marking task as SUCCESS. dag_id=mysql_insert_select, task_id=delete_table-clean, execution_date=20250906T053845, start_date=20250906T053848, end_date=20250906T053849
[2025-09-06T05:38:49.579+0000] {local_task_job_runner.py:232} INFO - Task exited with return code 0
[2025-09-06T05:38:49.637+0000] {taskinstance.py:2674} INFO - 1 downstream tasks scheduled from follow-on schedule check
