[2025-09-06T07:05:05.614+0000] {taskinstance.py:1125} INFO - Dependencies all met for dep_context=non-requeueable deps ti=<TaskInstance: orquestador.train_model manual__2025-09-06T07:04:51.110548+00:00 [queued]>
[2025-09-06T07:05:05.628+0000] {taskinstance.py:1125} INFO - Dependencies all met for dep_context=requeueable deps ti=<TaskInstance: orquestador.train_model manual__2025-09-06T07:04:51.110548+00:00 [queued]>
[2025-09-06T07:05:05.629+0000] {taskinstance.py:1331} INFO - Starting attempt 1 of 1
[2025-09-06T07:05:05.649+0000] {taskinstance.py:1350} INFO - Executing <Task(PythonOperator): train_model> on 2025-09-06 07:04:51.110548+00:00
[2025-09-06T07:05:05.662+0000] {standard_task_runner.py:57} INFO - Started process 280 to run task
[2025-09-06T07:05:05.673+0000] {standard_task_runner.py:84} INFO - Running: ['***', 'tasks', 'run', 'orquestador', 'train_model', 'manual__2025-09-06T07:04:51.110548+00:00', '--job-id', '455', '--raw', '--subdir', 'DAGS_FOLDER/orquestador.py', '--cfg-path', '/tmp/tmpgnsm4yq2']
[2025-09-06T07:05:05.678+0000] {standard_task_runner.py:85} INFO - Job 455: Subtask train_model
[2025-09-06T07:05:05.753+0000] {task_command.py:410} INFO - Running <TaskInstance: orquestador.train_model manual__2025-09-06T07:04:51.110548+00:00 [running]> on host 32a81c69218b
[2025-09-06T07:05:05.891+0000] {taskinstance.py:1570} INFO - Exporting env vars: AIRFLOW_CTX_DAG_OWNER='***' AIRFLOW_CTX_DAG_ID='orquestador' AIRFLOW_CTX_TASK_ID='train_model' AIRFLOW_CTX_EXECUTION_DATE='2025-09-06T07:04:51.110548+00:00' AIRFLOW_CTX_TRY_NUMBER='1' AIRFLOW_CTX_DAG_RUN_ID='manual__2025-09-06T07:04:51.110548+00:00'
[2025-09-06T07:05:05.919+0000] {base.py:73} INFO - Using connection ID 'mysql_conn' for task execution.
[2025-09-06T07:05:05.989+0000] {warnings.py:110} WARNING - /home/***/.local/lib/python3.7/site-packages/sklearn/linear_model/_logistic.py:818: ConvergenceWarning: lbfgs failed to converge (status=1):
STOP: TOTAL NO. of ITERATIONS REACHED LIMIT.

Increase the number of iterations (max_iter) or scale the data as shown in:
    https://scikit-learn.org/stable/modules/preprocessing.html
Please also refer to the documentation for alternative solver options:
    https://scikit-learn.org/stable/modules/linear_model.html#logistic-regression
  extra_warning_msg=_LOGISTIC_SOLVER_CONVERGENCE_MSG,

[2025-09-06T07:05:05.994+0000] {python.py:183} INFO - Done. Returned value was: None
[2025-09-06T07:05:06.008+0000] {taskinstance.py:1373} INFO - Marking task as SUCCESS. dag_id=orquestador, task_id=train_model, execution_date=20250906T070451, start_date=20250906T070505, end_date=20250906T070506
[2025-09-06T07:05:06.041+0000] {local_task_job_runner.py:232} INFO - Task exited with return code 0
[2025-09-06T07:05:06.078+0000] {taskinstance.py:2674} INFO - 1 downstream tasks scheduled from follow-on schedule check
