[2025-09-05T22:39:52.007+0000] {taskinstance.py:1125} INFO - Dependencies all met for dep_context=non-requeueable deps ti=<TaskInstance: mysql_insert_select.read_data manual__2025-09-05T22:39:44.788961+00:00 [queued]>
[2025-09-05T22:39:52.021+0000] {taskinstance.py:1125} INFO - Dependencies all met for dep_context=requeueable deps ti=<TaskInstance: mysql_insert_select.read_data manual__2025-09-05T22:39:44.788961+00:00 [queued]>
[2025-09-05T22:39:52.021+0000] {taskinstance.py:1331} INFO - Starting attempt 1 of 1
[2025-09-05T22:39:52.040+0000] {taskinstance.py:1350} INFO - Executing <Task(PythonOperator): read_data> on 2025-09-05 22:39:44.788961+00:00
[2025-09-05T22:39:52.054+0000] {standard_task_runner.py:57} INFO - Started process 2036 to run task
[2025-09-05T22:39:52.059+0000] {standard_task_runner.py:84} INFO - Running: ['***', 'tasks', 'run', 'mysql_insert_select', 'read_data', 'manual__2025-09-05T22:39:44.788961+00:00', '--job-id', '25', '--raw', '--subdir', 'DAGS_FOLDER/crea_tablas.py', '--cfg-path', '/tmp/tmpsijfixsd']
[2025-09-05T22:39:52.062+0000] {standard_task_runner.py:85} INFO - Job 25: Subtask read_data
[2025-09-05T22:39:52.145+0000] {task_command.py:410} INFO - Running <TaskInstance: mysql_insert_select.read_data manual__2025-09-05T22:39:44.788961+00:00 [running]> on host 72c5ffe25b48
[2025-09-05T22:39:52.295+0000] {taskinstance.py:1570} INFO - Exporting env vars: AIRFLOW_CTX_DAG_OWNER='***' AIRFLOW_CTX_DAG_ID='mysql_insert_select' AIRFLOW_CTX_TASK_ID='read_data' AIRFLOW_CTX_EXECUTION_DATE='2025-09-05T22:39:44.788961+00:00' AIRFLOW_CTX_TRY_NUMBER='1' AIRFLOW_CTX_DAG_RUN_ID='manual__2025-09-05T22:39:44.788961+00:00'
[2025-09-05T22:39:52.312+0000] {base.py:73} INFO - Using connection ID 'mysql_conn' for task execution.
[2025-09-05T22:39:52.341+0000] {base.py:73} INFO - Using connection ID 'mysql_conn' for task execution.
[2025-09-05T22:39:52.486+0000] {logging_mixin.py:149} INFO -   species     island  bill_length_mm  ...  body_mass_g     sex  year
0  Adelie  Torgersen            39.1  ...       3750.0    male  2007
1  Adelie  Torgersen            39.5  ...       3800.0  female  2007
2  Adelie  Torgersen            40.3  ...       3250.0  female  2007
3  Adelie  Torgersen             NaN  ...          NaN    None  2007
4  Adelie  Torgersen            36.7  ...       3450.0  female  2007

[5 rows x 8 columns]
[2025-09-05T22:39:52.486+0000] {logging_mixin.py:149} INFO - Terminado
[2025-09-05T22:39:52.488+0000] {python.py:183} INFO - Done. Returned value was: None
[2025-09-05T22:39:52.507+0000] {taskinstance.py:1373} INFO - Marking task as SUCCESS. dag_id=mysql_insert_select, task_id=read_data, execution_date=20250905T223944, start_date=20250905T223952, end_date=20250905T223952
[2025-09-05T22:39:52.552+0000] {local_task_job_runner.py:232} INFO - Task exited with return code 0
[2025-09-05T22:39:52.590+0000] {taskinstance.py:2674} INFO - 0 downstream tasks scheduled from follow-on schedule check
