[2025-09-06T21:49:37.865+0000] {taskinstance.py:1125} INFO - Dependencies all met for dep_context=non-requeueable deps ti=<TaskInstance: orquestador.insert_penguins scheduled__2023-01-01T00:00:00+00:00 [queued]>
[2025-09-06T21:49:37.875+0000] {taskinstance.py:1125} INFO - Dependencies all met for dep_context=requeueable deps ti=<TaskInstance: orquestador.insert_penguins scheduled__2023-01-01T00:00:00+00:00 [queued]>
[2025-09-06T21:49:37.876+0000] {taskinstance.py:1331} INFO - Starting attempt 1 of 1
[2025-09-06T21:49:37.892+0000] {taskinstance.py:1350} INFO - Executing <Task(PythonOperator): insert_penguins> on 2023-01-01 00:00:00+00:00
[2025-09-06T21:49:37.899+0000] {standard_task_runner.py:57} INFO - Started process 114 to run task
[2025-09-06T21:49:37.910+0000] {standard_task_runner.py:84} INFO - Running: ['***', 'tasks', 'run', 'orquestador', 'insert_penguins', 'scheduled__2023-01-01T00:00:00+00:00', '--job-id', '13', '--raw', '--subdir', 'DAGS_FOLDER/orquestador.py', '--cfg-path', '/tmp/tmps2er1kdl']
[2025-09-06T21:49:37.914+0000] {standard_task_runner.py:85} INFO - Job 13: Subtask insert_penguins
[2025-09-06T21:49:37.972+0000] {task_command.py:410} INFO - Running <TaskInstance: orquestador.insert_penguins scheduled__2023-01-01T00:00:00+00:00 [running]> on host 82e428de455a
[2025-09-06T21:49:38.089+0000] {taskinstance.py:1570} INFO - Exporting env vars: AIRFLOW_CTX_DAG_OWNER='***' AIRFLOW_CTX_DAG_ID='orquestador' AIRFLOW_CTX_TASK_ID='insert_penguins' AIRFLOW_CTX_EXECUTION_DATE='2023-01-01T00:00:00+00:00' AIRFLOW_CTX_TRY_NUMBER='1' AIRFLOW_CTX_DAG_RUN_ID='scheduled__2023-01-01T00:00:00+00:00'
[2025-09-06T21:49:38.097+0000] {crypto.py:83} WARNING - empty cryptography key - values will not be stored encrypted.
[2025-09-06T21:49:38.097+0000] {base.py:73} INFO - Using connection ID 'mysql_conn' for task execution.
[2025-09-06T21:49:38.268+0000] {python.py:183} INFO - Done. Returned value was: None
[2025-09-06T21:49:38.288+0000] {taskinstance.py:1373} INFO - Marking task as SUCCESS. dag_id=orquestador, task_id=insert_penguins, execution_date=20230101T000000, start_date=20250906T214937, end_date=20250906T214938
[2025-09-06T21:49:38.317+0000] {local_task_job_runner.py:232} INFO - Task exited with return code 0
[2025-09-06T21:49:38.364+0000] {taskinstance.py:2674} INFO - 1 downstream tasks scheduled from follow-on schedule check
[2025-09-06T22:04:20.109+0000] {taskinstance.py:1125} INFO - Dependencies all met for dep_context=non-requeueable deps ti=<TaskInstance: orquestador.insert_penguins scheduled__2023-01-01T00:00:00+00:00 [queued]>
[2025-09-06T22:04:20.136+0000] {taskinstance.py:1125} INFO - Dependencies all met for dep_context=requeueable deps ti=<TaskInstance: orquestador.insert_penguins scheduled__2023-01-01T00:00:00+00:00 [queued]>
[2025-09-06T22:04:20.136+0000] {taskinstance.py:1331} INFO - Starting attempt 1 of 1
[2025-09-06T22:04:20.167+0000] {taskinstance.py:1350} INFO - Executing <Task(PythonOperator): insert_penguins> on 2023-01-01 00:00:00+00:00
[2025-09-06T22:04:20.179+0000] {standard_task_runner.py:57} INFO - Started process 111 to run task
[2025-09-06T22:04:20.186+0000] {standard_task_runner.py:84} INFO - Running: ['***', 'tasks', 'run', 'orquestador', 'insert_penguins', 'scheduled__2023-01-01T00:00:00+00:00', '--job-id', '7', '--raw', '--subdir', 'DAGS_FOLDER/orquestador.py', '--cfg-path', '/tmp/tmpb75oa532']
[2025-09-06T22:04:20.199+0000] {standard_task_runner.py:85} INFO - Job 7: Subtask insert_penguins
[2025-09-06T22:04:20.340+0000] {task_command.py:410} INFO - Running <TaskInstance: orquestador.insert_penguins scheduled__2023-01-01T00:00:00+00:00 [running]> on host b0f46732fbd8
[2025-09-06T22:04:20.544+0000] {taskinstance.py:1570} INFO - Exporting env vars: AIRFLOW_CTX_DAG_OWNER='***' AIRFLOW_CTX_DAG_ID='orquestador' AIRFLOW_CTX_TASK_ID='insert_penguins' AIRFLOW_CTX_EXECUTION_DATE='2023-01-01T00:00:00+00:00' AIRFLOW_CTX_TRY_NUMBER='1' AIRFLOW_CTX_DAG_RUN_ID='scheduled__2023-01-01T00:00:00+00:00'
[2025-09-06T22:04:20.571+0000] {crypto.py:83} WARNING - empty cryptography key - values will not be stored encrypted.
[2025-09-06T22:04:20.574+0000] {base.py:73} INFO - Using connection ID 'mysql_conn' for task execution.
[2025-09-06T22:04:20.767+0000] {python.py:183} INFO - Done. Returned value was: None
[2025-09-06T22:04:20.780+0000] {taskinstance.py:1373} INFO - Marking task as SUCCESS. dag_id=orquestador, task_id=insert_penguins, execution_date=20230101T000000, start_date=20250906T220420, end_date=20250906T220420
[2025-09-06T22:04:20.825+0000] {local_task_job_runner.py:232} INFO - Task exited with return code 0
[2025-09-06T22:04:20.885+0000] {taskinstance.py:2674} INFO - 1 downstream tasks scheduled from follow-on schedule check
