[2025-09-06T06:58:11.950+0000] {processor.py:156} INFO - Started process (PID=85) to work on /opt/airflow/dags/orquestador.py
[2025-09-06T06:58:11.951+0000] {processor.py:799} INFO - Processing file /opt/airflow/dags/orquestador.py for tasks to queue
[2025-09-06T06:58:11.952+0000] {logging_mixin.py:149} INFO - [2025-09-06T06:58:11.951+0000] {dagbag.py:541} INFO - Filling up the DagBag from /opt/airflow/dags/orquestador.py
[2025-09-06T06:58:15.432+0000] {logging_mixin.py:149} INFO - [2025-09-06T06:58:15.431+0000] {dagbag.py:350} ERROR - Failed to import: /opt/airflow/dags/orquestador.py
Traceback (most recent call last):
  File "/home/airflow/.local/lib/python3.7/site-packages/airflow/models/dagbag.py", line 346, in parse
    loader.exec_module(new_module)
  File "<frozen importlib._bootstrap_external>", line 728, in exec_module
  File "<frozen importlib._bootstrap>", line 219, in _call_with_frames_removed
  File "/opt/airflow/dags/orquestador.py", line 71, in <module>
    filepath=MODEL_PATH,
NameError: name 'MODEL_PATH' is not defined
[2025-09-06T06:58:15.432+0000] {processor.py:811} WARNING - No viable dags retrieved from /opt/airflow/dags/orquestador.py
[2025-09-06T06:58:15.491+0000] {processor.py:178} INFO - Processing /opt/airflow/dags/orquestador.py took 3.556 seconds
[2025-09-06T06:58:45.545+0000] {processor.py:156} INFO - Started process (PID=102) to work on /opt/airflow/dags/orquestador.py
[2025-09-06T06:58:45.547+0000] {processor.py:799} INFO - Processing file /opt/airflow/dags/orquestador.py for tasks to queue
[2025-09-06T06:58:45.547+0000] {logging_mixin.py:149} INFO - [2025-09-06T06:58:45.547+0000] {dagbag.py:541} INFO - Filling up the DagBag from /opt/airflow/dags/orquestador.py
[2025-09-06T06:58:46.816+0000] {logging_mixin.py:149} INFO - [2025-09-06T06:58:46.815+0000] {dagbag.py:350} ERROR - Failed to import: /opt/airflow/dags/orquestador.py
Traceback (most recent call last):
  File "/home/airflow/.local/lib/python3.7/site-packages/airflow/models/dagbag.py", line 346, in parse
    loader.exec_module(new_module)
  File "<frozen importlib._bootstrap_external>", line 728, in exec_module
  File "<frozen importlib._bootstrap>", line 219, in _call_with_frames_removed
  File "/opt/airflow/dags/orquestador.py", line 71, in <module>
    filepath=MODEL_PATH,
NameError: name 'MODEL_PATH' is not defined
[2025-09-06T06:58:46.817+0000] {processor.py:811} WARNING - No viable dags retrieved from /opt/airflow/dags/orquestador.py
[2025-09-06T06:58:46.841+0000] {processor.py:178} INFO - Processing /opt/airflow/dags/orquestador.py took 1.301 seconds
[2025-09-06T06:59:05.996+0000] {processor.py:156} INFO - Started process (PID=112) to work on /opt/airflow/dags/orquestador.py
[2025-09-06T06:59:05.998+0000] {processor.py:799} INFO - Processing file /opt/airflow/dags/orquestador.py for tasks to queue
[2025-09-06T06:59:06.000+0000] {logging_mixin.py:149} INFO - [2025-09-06T06:59:05.999+0000] {dagbag.py:541} INFO - Filling up the DagBag from /opt/airflow/dags/orquestador.py
[2025-09-06T06:59:07.055+0000] {processor.py:809} INFO - DAG(s) dict_keys(['orquestador']) retrieved from /opt/airflow/dags/orquestador.py
[2025-09-06T06:59:07.315+0000] {logging_mixin.py:149} INFO - [2025-09-06T06:59:07.314+0000] {manager.py:504} INFO - Created Permission View: can read on DAG:orquestador
[2025-09-06T06:59:07.327+0000] {logging_mixin.py:149} INFO - [2025-09-06T06:59:07.327+0000] {manager.py:504} INFO - Created Permission View: can delete on DAG:orquestador
[2025-09-06T06:59:07.337+0000] {logging_mixin.py:149} INFO - [2025-09-06T06:59:07.337+0000] {manager.py:504} INFO - Created Permission View: can edit on DAG:orquestador
[2025-09-06T06:59:07.338+0000] {logging_mixin.py:149} INFO - [2025-09-06T06:59:07.338+0000] {dag.py:2726} INFO - Sync 1 DAGs
[2025-09-06T06:59:07.355+0000] {logging_mixin.py:149} INFO - [2025-09-06T06:59:07.355+0000] {dag.py:2747} INFO - Creating ORM DAG for orquestador
[2025-09-06T06:59:07.371+0000] {logging_mixin.py:149} INFO - [2025-09-06T06:59:07.371+0000] {dag.py:3490} INFO - Setting next_dagrun for orquestador to 2023-01-01T00:00:00+00:00, run_after=2023-01-01T00:00:00+00:00
[2025-09-06T06:59:07.410+0000] {processor.py:178} INFO - Processing /opt/airflow/dags/orquestador.py took 1.419 seconds
[2025-09-06T06:59:37.652+0000] {processor.py:156} INFO - Started process (PID=138) to work on /opt/airflow/dags/orquestador.py
[2025-09-06T06:59:37.659+0000] {processor.py:799} INFO - Processing file /opt/airflow/dags/orquestador.py for tasks to queue
[2025-09-06T06:59:37.660+0000] {logging_mixin.py:149} INFO - [2025-09-06T06:59:37.659+0000] {dagbag.py:541} INFO - Filling up the DagBag from /opt/airflow/dags/orquestador.py
[2025-09-06T06:59:38.852+0000] {processor.py:809} INFO - DAG(s) dict_keys(['orquestador']) retrieved from /opt/airflow/dags/orquestador.py
[2025-09-06T06:59:38.900+0000] {logging_mixin.py:149} INFO - [2025-09-06T06:59:38.899+0000] {dag.py:2726} INFO - Sync 1 DAGs
[2025-09-06T06:59:38.934+0000] {logging_mixin.py:149} INFO - [2025-09-06T06:59:38.934+0000] {dag.py:3490} INFO - Setting next_dagrun for orquestador to None, run_after=None
[2025-09-06T06:59:38.960+0000] {processor.py:178} INFO - Processing /opt/airflow/dags/orquestador.py took 1.316 seconds
[2025-09-06T07:00:09.225+0000] {processor.py:156} INFO - Started process (PID=161) to work on /opt/airflow/dags/orquestador.py
[2025-09-06T07:00:09.227+0000] {processor.py:799} INFO - Processing file /opt/airflow/dags/orquestador.py for tasks to queue
[2025-09-06T07:00:09.228+0000] {logging_mixin.py:149} INFO - [2025-09-06T07:00:09.228+0000] {dagbag.py:541} INFO - Filling up the DagBag from /opt/airflow/dags/orquestador.py
[2025-09-06T07:00:10.270+0000] {processor.py:809} INFO - DAG(s) dict_keys(['orquestador']) retrieved from /opt/airflow/dags/orquestador.py
[2025-09-06T07:00:10.308+0000] {logging_mixin.py:149} INFO - [2025-09-06T07:00:10.308+0000] {dag.py:2726} INFO - Sync 1 DAGs
[2025-09-06T07:00:10.343+0000] {logging_mixin.py:149} INFO - [2025-09-06T07:00:10.343+0000] {dag.py:3490} INFO - Setting next_dagrun for orquestador to None, run_after=None
[2025-09-06T07:00:10.366+0000] {processor.py:178} INFO - Processing /opt/airflow/dags/orquestador.py took 1.148 seconds
[2025-09-06T07:00:40.630+0000] {processor.py:156} INFO - Started process (PID=178) to work on /opt/airflow/dags/orquestador.py
[2025-09-06T07:00:40.632+0000] {processor.py:799} INFO - Processing file /opt/airflow/dags/orquestador.py for tasks to queue
[2025-09-06T07:00:40.633+0000] {logging_mixin.py:149} INFO - [2025-09-06T07:00:40.633+0000] {dagbag.py:541} INFO - Filling up the DagBag from /opt/airflow/dags/orquestador.py
[2025-09-06T07:00:41.672+0000] {processor.py:809} INFO - DAG(s) dict_keys(['orquestador']) retrieved from /opt/airflow/dags/orquestador.py
[2025-09-06T07:00:41.710+0000] {logging_mixin.py:149} INFO - [2025-09-06T07:00:41.710+0000] {dag.py:2726} INFO - Sync 1 DAGs
[2025-09-06T07:00:41.738+0000] {logging_mixin.py:149} INFO - [2025-09-06T07:00:41.738+0000] {dag.py:3490} INFO - Setting next_dagrun for orquestador to None, run_after=None
[2025-09-06T07:00:41.760+0000] {processor.py:178} INFO - Processing /opt/airflow/dags/orquestador.py took 1.135 seconds
[2025-09-06T07:01:11.827+0000] {processor.py:156} INFO - Started process (PID=194) to work on /opt/airflow/dags/orquestador.py
[2025-09-06T07:01:11.831+0000] {processor.py:799} INFO - Processing file /opt/airflow/dags/orquestador.py for tasks to queue
[2025-09-06T07:01:11.833+0000] {logging_mixin.py:149} INFO - [2025-09-06T07:01:11.833+0000] {dagbag.py:541} INFO - Filling up the DagBag from /opt/airflow/dags/orquestador.py
[2025-09-06T07:01:12.884+0000] {processor.py:809} INFO - DAG(s) dict_keys(['orquestador']) retrieved from /opt/airflow/dags/orquestador.py
[2025-09-06T07:01:12.925+0000] {logging_mixin.py:149} INFO - [2025-09-06T07:01:12.925+0000] {dag.py:2726} INFO - Sync 1 DAGs
[2025-09-06T07:01:12.970+0000] {logging_mixin.py:149} INFO - [2025-09-06T07:01:12.969+0000] {dag.py:3490} INFO - Setting next_dagrun for orquestador to None, run_after=None
[2025-09-06T07:01:12.998+0000] {processor.py:178} INFO - Processing /opt/airflow/dags/orquestador.py took 1.176 seconds
[2025-09-06T07:01:43.256+0000] {processor.py:156} INFO - Started process (PID=211) to work on /opt/airflow/dags/orquestador.py
[2025-09-06T07:01:43.258+0000] {processor.py:799} INFO - Processing file /opt/airflow/dags/orquestador.py for tasks to queue
[2025-09-06T07:01:43.259+0000] {logging_mixin.py:149} INFO - [2025-09-06T07:01:43.259+0000] {dagbag.py:541} INFO - Filling up the DagBag from /opt/airflow/dags/orquestador.py
[2025-09-06T07:01:44.314+0000] {processor.py:809} INFO - DAG(s) dict_keys(['orquestador']) retrieved from /opt/airflow/dags/orquestador.py
[2025-09-06T07:01:44.395+0000] {logging_mixin.py:149} INFO - [2025-09-06T07:01:44.395+0000] {dag.py:2726} INFO - Sync 1 DAGs
[2025-09-06T07:01:44.425+0000] {logging_mixin.py:149} INFO - [2025-09-06T07:01:44.424+0000] {dag.py:3490} INFO - Setting next_dagrun for orquestador to None, run_after=None
[2025-09-06T07:01:44.464+0000] {processor.py:178} INFO - Processing /opt/airflow/dags/orquestador.py took 1.214 seconds
[2025-09-06T07:02:14.646+0000] {processor.py:156} INFO - Started process (PID=228) to work on /opt/airflow/dags/orquestador.py
[2025-09-06T07:02:14.648+0000] {processor.py:799} INFO - Processing file /opt/airflow/dags/orquestador.py for tasks to queue
[2025-09-06T07:02:14.649+0000] {logging_mixin.py:149} INFO - [2025-09-06T07:02:14.649+0000] {dagbag.py:541} INFO - Filling up the DagBag from /opt/airflow/dags/orquestador.py
[2025-09-06T07:02:15.688+0000] {processor.py:809} INFO - DAG(s) dict_keys(['orquestador']) retrieved from /opt/airflow/dags/orquestador.py
[2025-09-06T07:02:15.724+0000] {logging_mixin.py:149} INFO - [2025-09-06T07:02:15.724+0000] {dag.py:2726} INFO - Sync 1 DAGs
[2025-09-06T07:02:15.752+0000] {logging_mixin.py:149} INFO - [2025-09-06T07:02:15.752+0000] {dag.py:3490} INFO - Setting next_dagrun for orquestador to None, run_after=None
[2025-09-06T07:02:15.773+0000] {processor.py:178} INFO - Processing /opt/airflow/dags/orquestador.py took 1.132 seconds
[2025-09-06T07:02:45.853+0000] {processor.py:156} INFO - Started process (PID=245) to work on /opt/airflow/dags/orquestador.py
[2025-09-06T07:02:45.855+0000] {processor.py:799} INFO - Processing file /opt/airflow/dags/orquestador.py for tasks to queue
[2025-09-06T07:02:45.856+0000] {logging_mixin.py:149} INFO - [2025-09-06T07:02:45.856+0000] {dagbag.py:541} INFO - Filling up the DagBag from /opt/airflow/dags/orquestador.py
[2025-09-06T07:02:46.906+0000] {processor.py:809} INFO - DAG(s) dict_keys(['orquestador']) retrieved from /opt/airflow/dags/orquestador.py
[2025-09-06T07:02:46.943+0000] {logging_mixin.py:149} INFO - [2025-09-06T07:02:46.943+0000] {dag.py:2726} INFO - Sync 1 DAGs
[2025-09-06T07:02:46.981+0000] {logging_mixin.py:149} INFO - [2025-09-06T07:02:46.981+0000] {dag.py:3490} INFO - Setting next_dagrun for orquestador to None, run_after=None
[2025-09-06T07:02:47.009+0000] {processor.py:178} INFO - Processing /opt/airflow/dags/orquestador.py took 1.161 seconds
[2025-09-06T07:03:17.149+0000] {processor.py:156} INFO - Started process (PID=262) to work on /opt/airflow/dags/orquestador.py
[2025-09-06T07:03:17.151+0000] {processor.py:799} INFO - Processing file /opt/airflow/dags/orquestador.py for tasks to queue
[2025-09-06T07:03:17.152+0000] {logging_mixin.py:149} INFO - [2025-09-06T07:03:17.152+0000] {dagbag.py:541} INFO - Filling up the DagBag from /opt/airflow/dags/orquestador.py
[2025-09-06T07:03:18.237+0000] {processor.py:809} INFO - DAG(s) dict_keys(['orquestador']) retrieved from /opt/airflow/dags/orquestador.py
[2025-09-06T07:03:18.277+0000] {logging_mixin.py:149} INFO - [2025-09-06T07:03:18.277+0000] {dag.py:2726} INFO - Sync 1 DAGs
[2025-09-06T07:03:18.308+0000] {logging_mixin.py:149} INFO - [2025-09-06T07:03:18.308+0000] {dag.py:3490} INFO - Setting next_dagrun for orquestador to None, run_after=None
[2025-09-06T07:03:18.334+0000] {processor.py:178} INFO - Processing /opt/airflow/dags/orquestador.py took 1.191 seconds
[2025-09-06T07:03:48.427+0000] {processor.py:156} INFO - Started process (PID=279) to work on /opt/airflow/dags/orquestador.py
[2025-09-06T07:03:48.428+0000] {processor.py:799} INFO - Processing file /opt/airflow/dags/orquestador.py for tasks to queue
[2025-09-06T07:03:48.429+0000] {logging_mixin.py:149} INFO - [2025-09-06T07:03:48.429+0000] {dagbag.py:541} INFO - Filling up the DagBag from /opt/airflow/dags/orquestador.py
[2025-09-06T07:03:49.435+0000] {processor.py:809} INFO - DAG(s) dict_keys(['orquestador']) retrieved from /opt/airflow/dags/orquestador.py
[2025-09-06T07:03:49.474+0000] {logging_mixin.py:149} INFO - [2025-09-06T07:03:49.474+0000] {dag.py:2726} INFO - Sync 1 DAGs
[2025-09-06T07:03:49.509+0000] {logging_mixin.py:149} INFO - [2025-09-06T07:03:49.509+0000] {dag.py:3490} INFO - Setting next_dagrun for orquestador to None, run_after=None
[2025-09-06T07:03:49.544+0000] {processor.py:178} INFO - Processing /opt/airflow/dags/orquestador.py took 1.122 seconds
[2025-09-06T07:04:04.625+0000] {processor.py:156} INFO - Started process (PID=289) to work on /opt/airflow/dags/orquestador.py
[2025-09-06T07:04:04.628+0000] {processor.py:799} INFO - Processing file /opt/airflow/dags/orquestador.py for tasks to queue
[2025-09-06T07:04:04.629+0000] {logging_mixin.py:149} INFO - [2025-09-06T07:04:04.629+0000] {dagbag.py:541} INFO - Filling up the DagBag from /opt/airflow/dags/orquestador.py
[2025-09-06T07:04:05.723+0000] {processor.py:809} INFO - DAG(s) dict_keys(['orquestador']) retrieved from /opt/airflow/dags/orquestador.py
[2025-09-06T07:04:05.815+0000] {logging_mixin.py:149} INFO - [2025-09-06T07:04:05.815+0000] {dag.py:2726} INFO - Sync 1 DAGs
[2025-09-06T07:04:05.847+0000] {logging_mixin.py:149} INFO - [2025-09-06T07:04:05.847+0000] {dag.py:3490} INFO - Setting next_dagrun for orquestador to None, run_after=None
[2025-09-06T07:04:05.872+0000] {processor.py:178} INFO - Processing /opt/airflow/dags/orquestador.py took 1.254 seconds
[2025-09-06T07:04:22.814+0000] {processor.py:156} INFO - Started process (PID=301) to work on /opt/airflow/dags/orquestador.py
[2025-09-06T07:04:22.816+0000] {processor.py:799} INFO - Processing file /opt/airflow/dags/orquestador.py for tasks to queue
[2025-09-06T07:04:22.817+0000] {logging_mixin.py:149} INFO - [2025-09-06T07:04:22.817+0000] {dagbag.py:541} INFO - Filling up the DagBag from /opt/airflow/dags/orquestador.py
[2025-09-06T07:04:23.885+0000] {processor.py:809} INFO - DAG(s) dict_keys(['orquestador']) retrieved from /opt/airflow/dags/orquestador.py
[2025-09-06T07:04:23.899+0000] {logging_mixin.py:149} INFO - [2025-09-06T07:04:23.899+0000] {dag.py:2726} INFO - Sync 1 DAGs
[2025-09-06T07:04:23.927+0000] {logging_mixin.py:149} INFO - [2025-09-06T07:04:23.927+0000] {dag.py:3490} INFO - Setting next_dagrun for orquestador to None, run_after=None
[2025-09-06T07:04:23.952+0000] {processor.py:178} INFO - Processing /opt/airflow/dags/orquestador.py took 1.144 seconds
[2025-09-06T07:04:40.960+0000] {processor.py:156} INFO - Started process (PID=317) to work on /opt/airflow/dags/orquestador.py
[2025-09-06T07:04:40.962+0000] {processor.py:799} INFO - Processing file /opt/airflow/dags/orquestador.py for tasks to queue
[2025-09-06T07:04:40.963+0000] {logging_mixin.py:149} INFO - [2025-09-06T07:04:40.963+0000] {dagbag.py:541} INFO - Filling up the DagBag from /opt/airflow/dags/orquestador.py
[2025-09-06T07:04:42.003+0000] {processor.py:809} INFO - DAG(s) dict_keys(['orquestador']) retrieved from /opt/airflow/dags/orquestador.py
[2025-09-06T07:04:42.103+0000] {logging_mixin.py:149} INFO - [2025-09-06T07:04:42.102+0000] {dag.py:2726} INFO - Sync 1 DAGs
[2025-09-06T07:04:42.132+0000] {logging_mixin.py:149} INFO - [2025-09-06T07:04:42.132+0000] {dag.py:3490} INFO - Setting next_dagrun for orquestador to None, run_after=None
[2025-09-06T07:04:42.158+0000] {processor.py:178} INFO - Processing /opt/airflow/dags/orquestador.py took 1.204 seconds
[2025-09-06T07:05:12.405+0000] {processor.py:156} INFO - Started process (PID=338) to work on /opt/airflow/dags/orquestador.py
[2025-09-06T07:05:12.407+0000] {processor.py:799} INFO - Processing file /opt/airflow/dags/orquestador.py for tasks to queue
[2025-09-06T07:05:12.408+0000] {logging_mixin.py:149} INFO - [2025-09-06T07:05:12.408+0000] {dagbag.py:541} INFO - Filling up the DagBag from /opt/airflow/dags/orquestador.py
[2025-09-06T07:05:13.492+0000] {processor.py:809} INFO - DAG(s) dict_keys(['orquestador']) retrieved from /opt/airflow/dags/orquestador.py
[2025-09-06T07:05:13.541+0000] {logging_mixin.py:149} INFO - [2025-09-06T07:05:13.540+0000] {dag.py:2726} INFO - Sync 1 DAGs
[2025-09-06T07:05:13.570+0000] {logging_mixin.py:149} INFO - [2025-09-06T07:05:13.570+0000] {dag.py:3490} INFO - Setting next_dagrun for orquestador to None, run_after=None
[2025-09-06T07:05:13.593+0000] {processor.py:178} INFO - Processing /opt/airflow/dags/orquestador.py took 1.194 seconds
[2025-09-06T07:05:43.718+0000] {processor.py:156} INFO - Started process (PID=355) to work on /opt/airflow/dags/orquestador.py
[2025-09-06T07:05:43.720+0000] {processor.py:799} INFO - Processing file /opt/airflow/dags/orquestador.py for tasks to queue
[2025-09-06T07:05:43.721+0000] {logging_mixin.py:149} INFO - [2025-09-06T07:05:43.721+0000] {dagbag.py:541} INFO - Filling up the DagBag from /opt/airflow/dags/orquestador.py
[2025-09-06T07:05:44.773+0000] {processor.py:809} INFO - DAG(s) dict_keys(['orquestador']) retrieved from /opt/airflow/dags/orquestador.py
[2025-09-06T07:05:44.811+0000] {logging_mixin.py:149} INFO - [2025-09-06T07:05:44.811+0000] {dag.py:2726} INFO - Sync 1 DAGs
[2025-09-06T07:05:44.845+0000] {logging_mixin.py:149} INFO - [2025-09-06T07:05:44.845+0000] {dag.py:3490} INFO - Setting next_dagrun for orquestador to None, run_after=None
[2025-09-06T07:05:44.876+0000] {processor.py:178} INFO - Processing /opt/airflow/dags/orquestador.py took 1.165 seconds
[2025-09-06T07:06:15.131+0000] {processor.py:156} INFO - Started process (PID=373) to work on /opt/airflow/dags/orquestador.py
[2025-09-06T07:06:15.134+0000] {processor.py:799} INFO - Processing file /opt/airflow/dags/orquestador.py for tasks to queue
[2025-09-06T07:06:15.135+0000] {logging_mixin.py:149} INFO - [2025-09-06T07:06:15.135+0000] {dagbag.py:541} INFO - Filling up the DagBag from /opt/airflow/dags/orquestador.py
[2025-09-06T07:06:16.230+0000] {processor.py:809} INFO - DAG(s) dict_keys(['orquestador']) retrieved from /opt/airflow/dags/orquestador.py
[2025-09-06T07:06:16.280+0000] {logging_mixin.py:149} INFO - [2025-09-06T07:06:16.279+0000] {dag.py:2726} INFO - Sync 1 DAGs
[2025-09-06T07:06:16.313+0000] {logging_mixin.py:149} INFO - [2025-09-06T07:06:16.313+0000] {dag.py:3490} INFO - Setting next_dagrun for orquestador to None, run_after=None
[2025-09-06T07:06:16.344+0000] {processor.py:178} INFO - Processing /opt/airflow/dags/orquestador.py took 1.222 seconds
[2025-09-06T07:06:46.405+0000] {processor.py:156} INFO - Started process (PID=390) to work on /opt/airflow/dags/orquestador.py
[2025-09-06T07:06:46.406+0000] {processor.py:799} INFO - Processing file /opt/airflow/dags/orquestador.py for tasks to queue
[2025-09-06T07:06:46.407+0000] {logging_mixin.py:149} INFO - [2025-09-06T07:06:46.407+0000] {dagbag.py:541} INFO - Filling up the DagBag from /opt/airflow/dags/orquestador.py
[2025-09-06T07:06:47.493+0000] {processor.py:809} INFO - DAG(s) dict_keys(['orquestador']) retrieved from /opt/airflow/dags/orquestador.py
[2025-09-06T07:06:47.538+0000] {logging_mixin.py:149} INFO - [2025-09-06T07:06:47.537+0000] {dag.py:2726} INFO - Sync 1 DAGs
[2025-09-06T07:06:47.567+0000] {logging_mixin.py:149} INFO - [2025-09-06T07:06:47.567+0000] {dag.py:3490} INFO - Setting next_dagrun for orquestador to None, run_after=None
[2025-09-06T07:06:47.591+0000] {processor.py:178} INFO - Processing /opt/airflow/dags/orquestador.py took 1.193 seconds
[2025-09-06T07:07:17.851+0000] {processor.py:156} INFO - Started process (PID=407) to work on /opt/airflow/dags/orquestador.py
[2025-09-06T07:07:17.853+0000] {processor.py:799} INFO - Processing file /opt/airflow/dags/orquestador.py for tasks to queue
[2025-09-06T07:07:17.854+0000] {logging_mixin.py:149} INFO - [2025-09-06T07:07:17.853+0000] {dagbag.py:541} INFO - Filling up the DagBag from /opt/airflow/dags/orquestador.py
[2025-09-06T07:07:18.963+0000] {processor.py:809} INFO - DAG(s) dict_keys(['orquestador']) retrieved from /opt/airflow/dags/orquestador.py
[2025-09-06T07:07:18.997+0000] {logging_mixin.py:149} INFO - [2025-09-06T07:07:18.996+0000] {dag.py:2726} INFO - Sync 1 DAGs
[2025-09-06T07:07:19.025+0000] {logging_mixin.py:149} INFO - [2025-09-06T07:07:19.024+0000] {dag.py:3490} INFO - Setting next_dagrun for orquestador to None, run_after=None
[2025-09-06T07:07:19.047+0000] {processor.py:178} INFO - Processing /opt/airflow/dags/orquestador.py took 1.202 seconds
[2025-09-06T07:07:49.136+0000] {processor.py:156} INFO - Started process (PID=424) to work on /opt/airflow/dags/orquestador.py
[2025-09-06T07:07:49.139+0000] {processor.py:799} INFO - Processing file /opt/airflow/dags/orquestador.py for tasks to queue
[2025-09-06T07:07:49.140+0000] {logging_mixin.py:149} INFO - [2025-09-06T07:07:49.140+0000] {dagbag.py:541} INFO - Filling up the DagBag from /opt/airflow/dags/orquestador.py
[2025-09-06T07:07:50.195+0000] {processor.py:809} INFO - DAG(s) dict_keys(['orquestador']) retrieved from /opt/airflow/dags/orquestador.py
[2025-09-06T07:07:50.236+0000] {logging_mixin.py:149} INFO - [2025-09-06T07:07:50.234+0000] {dag.py:2726} INFO - Sync 1 DAGs
[2025-09-06T07:07:50.274+0000] {logging_mixin.py:149} INFO - [2025-09-06T07:07:50.274+0000] {dag.py:3490} INFO - Setting next_dagrun for orquestador to None, run_after=None
[2025-09-06T07:07:50.297+0000] {processor.py:178} INFO - Processing /opt/airflow/dags/orquestador.py took 1.168 seconds
[2025-09-06T07:08:20.602+0000] {processor.py:156} INFO - Started process (PID=441) to work on /opt/airflow/dags/orquestador.py
[2025-09-06T07:08:20.604+0000] {processor.py:799} INFO - Processing file /opt/airflow/dags/orquestador.py for tasks to queue
[2025-09-06T07:08:20.605+0000] {logging_mixin.py:149} INFO - [2025-09-06T07:08:20.605+0000] {dagbag.py:541} INFO - Filling up the DagBag from /opt/airflow/dags/orquestador.py
[2025-09-06T07:08:21.635+0000] {processor.py:809} INFO - DAG(s) dict_keys(['orquestador']) retrieved from /opt/airflow/dags/orquestador.py
[2025-09-06T07:08:21.678+0000] {logging_mixin.py:149} INFO - [2025-09-06T07:08:21.677+0000] {dag.py:2726} INFO - Sync 1 DAGs
[2025-09-06T07:08:21.710+0000] {logging_mixin.py:149} INFO - [2025-09-06T07:08:21.709+0000] {dag.py:3490} INFO - Setting next_dagrun for orquestador to None, run_after=None
[2025-09-06T07:08:21.735+0000] {processor.py:178} INFO - Processing /opt/airflow/dags/orquestador.py took 1.140 seconds
[2025-09-06T07:08:51.995+0000] {processor.py:156} INFO - Started process (PID=458) to work on /opt/airflow/dags/orquestador.py
[2025-09-06T07:08:51.998+0000] {processor.py:799} INFO - Processing file /opt/airflow/dags/orquestador.py for tasks to queue
[2025-09-06T07:08:51.999+0000] {logging_mixin.py:149} INFO - [2025-09-06T07:08:51.999+0000] {dagbag.py:541} INFO - Filling up the DagBag from /opt/airflow/dags/orquestador.py
[2025-09-06T07:08:53.067+0000] {processor.py:809} INFO - DAG(s) dict_keys(['orquestador']) retrieved from /opt/airflow/dags/orquestador.py
[2025-09-06T07:08:53.110+0000] {logging_mixin.py:149} INFO - [2025-09-06T07:08:53.109+0000] {dag.py:2726} INFO - Sync 1 DAGs
[2025-09-06T07:08:53.144+0000] {logging_mixin.py:149} INFO - [2025-09-06T07:08:53.143+0000] {dag.py:3490} INFO - Setting next_dagrun for orquestador to None, run_after=None
[2025-09-06T07:08:53.173+0000] {processor.py:178} INFO - Processing /opt/airflow/dags/orquestador.py took 1.184 seconds
[2025-09-06T07:09:23.281+0000] {processor.py:156} INFO - Started process (PID=474) to work on /opt/airflow/dags/orquestador.py
[2025-09-06T07:09:23.283+0000] {processor.py:799} INFO - Processing file /opt/airflow/dags/orquestador.py for tasks to queue
[2025-09-06T07:09:23.284+0000] {logging_mixin.py:149} INFO - [2025-09-06T07:09:23.284+0000] {dagbag.py:541} INFO - Filling up the DagBag from /opt/airflow/dags/orquestador.py
[2025-09-06T07:09:24.348+0000] {processor.py:809} INFO - DAG(s) dict_keys(['orquestador']) retrieved from /opt/airflow/dags/orquestador.py
[2025-09-06T07:09:24.394+0000] {logging_mixin.py:149} INFO - [2025-09-06T07:09:24.393+0000] {dag.py:2726} INFO - Sync 1 DAGs
[2025-09-06T07:09:24.432+0000] {logging_mixin.py:149} INFO - [2025-09-06T07:09:24.432+0000] {dag.py:3490} INFO - Setting next_dagrun for orquestador to None, run_after=None
[2025-09-06T07:09:24.464+0000] {processor.py:178} INFO - Processing /opt/airflow/dags/orquestador.py took 1.189 seconds
[2025-09-06T07:09:54.724+0000] {processor.py:156} INFO - Started process (PID=492) to work on /opt/airflow/dags/orquestador.py
[2025-09-06T07:09:54.726+0000] {processor.py:799} INFO - Processing file /opt/airflow/dags/orquestador.py for tasks to queue
[2025-09-06T07:09:54.727+0000] {logging_mixin.py:149} INFO - [2025-09-06T07:09:54.727+0000] {dagbag.py:541} INFO - Filling up the DagBag from /opt/airflow/dags/orquestador.py
[2025-09-06T07:09:55.808+0000] {processor.py:809} INFO - DAG(s) dict_keys(['orquestador']) retrieved from /opt/airflow/dags/orquestador.py
[2025-09-06T07:09:55.844+0000] {logging_mixin.py:149} INFO - [2025-09-06T07:09:55.843+0000] {dag.py:2726} INFO - Sync 1 DAGs
[2025-09-06T07:09:55.874+0000] {logging_mixin.py:149} INFO - [2025-09-06T07:09:55.874+0000] {dag.py:3490} INFO - Setting next_dagrun for orquestador to None, run_after=None
[2025-09-06T07:09:55.897+0000] {processor.py:178} INFO - Processing /opt/airflow/dags/orquestador.py took 1.179 seconds
[2025-09-06T07:10:25.970+0000] {processor.py:156} INFO - Started process (PID=509) to work on /opt/airflow/dags/orquestador.py
[2025-09-06T07:10:25.973+0000] {processor.py:799} INFO - Processing file /opt/airflow/dags/orquestador.py for tasks to queue
[2025-09-06T07:10:25.975+0000] {logging_mixin.py:149} INFO - [2025-09-06T07:10:25.974+0000] {dagbag.py:541} INFO - Filling up the DagBag from /opt/airflow/dags/orquestador.py
[2025-09-06T07:10:27.038+0000] {processor.py:809} INFO - DAG(s) dict_keys(['orquestador']) retrieved from /opt/airflow/dags/orquestador.py
[2025-09-06T07:10:27.085+0000] {logging_mixin.py:149} INFO - [2025-09-06T07:10:27.085+0000] {dag.py:2726} INFO - Sync 1 DAGs
[2025-09-06T07:10:27.119+0000] {logging_mixin.py:149} INFO - [2025-09-06T07:10:27.119+0000] {dag.py:3490} INFO - Setting next_dagrun for orquestador to None, run_after=None
[2025-09-06T07:10:27.153+0000] {processor.py:178} INFO - Processing /opt/airflow/dags/orquestador.py took 1.188 seconds
[2025-09-06T07:10:57.328+0000] {processor.py:156} INFO - Started process (PID=526) to work on /opt/airflow/dags/orquestador.py
[2025-09-06T07:10:57.331+0000] {processor.py:799} INFO - Processing file /opt/airflow/dags/orquestador.py for tasks to queue
[2025-09-06T07:10:57.332+0000] {logging_mixin.py:149} INFO - [2025-09-06T07:10:57.331+0000] {dagbag.py:541} INFO - Filling up the DagBag from /opt/airflow/dags/orquestador.py
[2025-09-06T07:10:58.386+0000] {processor.py:809} INFO - DAG(s) dict_keys(['orquestador']) retrieved from /opt/airflow/dags/orquestador.py
[2025-09-06T07:10:58.427+0000] {logging_mixin.py:149} INFO - [2025-09-06T07:10:58.426+0000] {dag.py:2726} INFO - Sync 1 DAGs
[2025-09-06T07:10:58.467+0000] {logging_mixin.py:149} INFO - [2025-09-06T07:10:58.467+0000] {dag.py:3490} INFO - Setting next_dagrun for orquestador to None, run_after=None
[2025-09-06T07:10:58.497+0000] {processor.py:178} INFO - Processing /opt/airflow/dags/orquestador.py took 1.176 seconds
[2025-09-06T07:11:28.640+0000] {processor.py:156} INFO - Started process (PID=543) to work on /opt/airflow/dags/orquestador.py
[2025-09-06T07:11:28.642+0000] {processor.py:799} INFO - Processing file /opt/airflow/dags/orquestador.py for tasks to queue
[2025-09-06T07:11:28.643+0000] {logging_mixin.py:149} INFO - [2025-09-06T07:11:28.642+0000] {dagbag.py:541} INFO - Filling up the DagBag from /opt/airflow/dags/orquestador.py
[2025-09-06T07:11:29.694+0000] {processor.py:809} INFO - DAG(s) dict_keys(['orquestador']) retrieved from /opt/airflow/dags/orquestador.py
[2025-09-06T07:11:29.730+0000] {logging_mixin.py:149} INFO - [2025-09-06T07:11:29.729+0000] {dag.py:2726} INFO - Sync 1 DAGs
[2025-09-06T07:11:29.768+0000] {logging_mixin.py:149} INFO - [2025-09-06T07:11:29.768+0000] {dag.py:3490} INFO - Setting next_dagrun for orquestador to None, run_after=None
[2025-09-06T07:11:29.793+0000] {processor.py:178} INFO - Processing /opt/airflow/dags/orquestador.py took 1.159 seconds
[2025-09-06T07:12:00.034+0000] {processor.py:156} INFO - Started process (PID=560) to work on /opt/airflow/dags/orquestador.py
[2025-09-06T07:12:00.036+0000] {processor.py:799} INFO - Processing file /opt/airflow/dags/orquestador.py for tasks to queue
[2025-09-06T07:12:00.037+0000] {logging_mixin.py:149} INFO - [2025-09-06T07:12:00.037+0000] {dagbag.py:541} INFO - Filling up the DagBag from /opt/airflow/dags/orquestador.py
[2025-09-06T07:12:01.062+0000] {processor.py:809} INFO - DAG(s) dict_keys(['orquestador']) retrieved from /opt/airflow/dags/orquestador.py
[2025-09-06T07:12:01.097+0000] {logging_mixin.py:149} INFO - [2025-09-06T07:12:01.096+0000] {dag.py:2726} INFO - Sync 1 DAGs
[2025-09-06T07:12:01.130+0000] {logging_mixin.py:149} INFO - [2025-09-06T07:12:01.130+0000] {dag.py:3490} INFO - Setting next_dagrun for orquestador to None, run_after=None
[2025-09-06T07:12:01.160+0000] {processor.py:178} INFO - Processing /opt/airflow/dags/orquestador.py took 1.133 seconds
