[2025-09-06T22:06:44.944+0000] {taskinstance.py:1125} INFO - Dependencies all met for dep_context=non-requeueable deps ti=<TaskInstance: orquestador.delete_table manual__2025-09-06T22:06:43+00:00 [queued]>
[2025-09-06T22:06:44.955+0000] {taskinstance.py:1125} INFO - Dependencies all met for dep_context=requeueable deps ti=<TaskInstance: orquestador.delete_table manual__2025-09-06T22:06:43+00:00 [queued]>
[2025-09-06T22:06:44.955+0000] {taskinstance.py:1331} INFO - Starting attempt 1 of 1
[2025-09-06T22:06:44.971+0000] {taskinstance.py:1350} INFO - Executing <Task(MySqlOperator): delete_table> on 2025-09-06 22:06:43+00:00
[2025-09-06T22:06:44.980+0000] {standard_task_runner.py:57} INFO - Started process 164 to run task
[2025-09-06T22:06:44.987+0000] {standard_task_runner.py:84} INFO - Running: ['***', 'tasks', 'run', 'orquestador', 'delete_table', 'manual__2025-09-06T22:06:43+00:00', '--job-id', '11', '--raw', '--subdir', 'DAGS_FOLDER/orquestador.py', '--cfg-path', '/tmp/tmphdxtcde7']
[2025-09-06T22:06:44.990+0000] {standard_task_runner.py:85} INFO - Job 11: Subtask delete_table
[2025-09-06T22:06:45.056+0000] {task_command.py:410} INFO - Running <TaskInstance: orquestador.delete_table manual__2025-09-06T22:06:43+00:00 [running]> on host b0f46732fbd8
[2025-09-06T22:06:45.162+0000] {taskinstance.py:1570} INFO - Exporting env vars: AIRFLOW_CTX_DAG_OWNER='***' AIRFLOW_CTX_DAG_ID='orquestador' AIRFLOW_CTX_TASK_ID='delete_table' AIRFLOW_CTX_EXECUTION_DATE='2025-09-06T22:06:43+00:00' AIRFLOW_CTX_TRY_NUMBER='1' AIRFLOW_CTX_DAG_RUN_ID='manual__2025-09-06T22:06:43+00:00'
[2025-09-06T22:06:45.164+0000] {sql.py:262} INFO - Executing: 
DROP TABLE IF EXISTS penguins_raw;

[2025-09-06T22:06:45.165+0000] {crypto.py:83} WARNING - empty cryptography key - values will not be stored encrypted.
[2025-09-06T22:06:45.166+0000] {base.py:73} INFO - Using connection ID 'mysql_conn' for task execution.
[2025-09-06T22:06:45.233+0000] {base.py:73} INFO - Using connection ID 'mysql_conn' for task execution.
[2025-09-06T22:06:45.246+0000] {sql.py:375} INFO - Running statement: 
DROP TABLE IF EXISTS penguins_raw;
, parameters: None
[2025-09-06T22:06:45.259+0000] {sql.py:384} INFO - Rows affected: 0
[2025-09-06T22:06:45.273+0000] {taskinstance.py:1373} INFO - Marking task as SUCCESS. dag_id=orquestador, task_id=delete_table, execution_date=20250906T220643, start_date=20250906T220644, end_date=20250906T220645
[2025-09-06T22:06:45.318+0000] {local_task_job_runner.py:232} INFO - Task exited with return code 0
[2025-09-06T22:06:45.357+0000] {taskinstance.py:2674} INFO - 0 downstream tasks scheduled from follow-on schedule check
