[2025-09-06T21:49:40.159+0000] {taskinstance.py:1125} INFO - Dependencies all met for dep_context=non-requeueable deps ti=<TaskInstance: orquestador.read_data scheduled__2023-01-01T00:00:00+00:00 [queued]>
[2025-09-06T21:49:40.186+0000] {taskinstance.py:1125} INFO - Dependencies all met for dep_context=requeueable deps ti=<TaskInstance: orquestador.read_data scheduled__2023-01-01T00:00:00+00:00 [queued]>
[2025-09-06T21:49:40.187+0000] {taskinstance.py:1331} INFO - Starting attempt 1 of 1
[2025-09-06T21:49:40.213+0000] {taskinstance.py:1350} INFO - Executing <Task(PythonOperator): read_data> on 2023-01-01 00:00:00+00:00
[2025-09-06T21:49:40.228+0000] {standard_task_runner.py:57} INFO - Started process 123 to run task
[2025-09-06T21:49:40.234+0000] {standard_task_runner.py:84} INFO - Running: ['***', 'tasks', 'run', 'orquestador', 'read_data', 'scheduled__2023-01-01T00:00:00+00:00', '--job-id', '14', '--raw', '--subdir', 'DAGS_FOLDER/orquestador.py', '--cfg-path', '/tmp/tmpyhhlx357']
[2025-09-06T21:49:40.236+0000] {standard_task_runner.py:85} INFO - Job 14: Subtask read_data
[2025-09-06T21:49:40.295+0000] {task_command.py:410} INFO - Running <TaskInstance: orquestador.read_data scheduled__2023-01-01T00:00:00+00:00 [running]> on host 82e428de455a
[2025-09-06T21:49:40.401+0000] {taskinstance.py:1570} INFO - Exporting env vars: AIRFLOW_CTX_DAG_OWNER='***' AIRFLOW_CTX_DAG_ID='orquestador' AIRFLOW_CTX_TASK_ID='read_data' AIRFLOW_CTX_EXECUTION_DATE='2023-01-01T00:00:00+00:00' AIRFLOW_CTX_TRY_NUMBER='1' AIRFLOW_CTX_DAG_RUN_ID='scheduled__2023-01-01T00:00:00+00:00'
[2025-09-06T21:49:40.403+0000] {crypto.py:83} WARNING - empty cryptography key - values will not be stored encrypted.
[2025-09-06T21:49:40.404+0000] {base.py:73} INFO - Using connection ID 'mysql_conn' for task execution.
[2025-09-06T21:49:40.459+0000] {logging_mixin.py:149} INFO -    species  bill_length_mm  ...  sex_female  sex_male
0        1            39.1  ...           0         1
1        1            39.5  ...           1         0
2        1            40.3  ...           1         0
4        1            36.7  ...           1         0
5        1            39.3  ...           0         1

[5 rows x 11 columns]
[2025-09-06T21:49:40.459+0000] {logging_mixin.py:149} INFO -  Datos limpios listos para insertar en penguins_clean
[2025-09-06T21:49:40.460+0000] {logging_mixin.py:149} INFO - Index(['species', 'bill_length_mm', 'bill_depth_mm', 'flipper_length_mm',
       'body_mass_g', 'year', 'island_Biscoe', 'island_Dream',
       'island_Torgersen', 'sex_female', 'sex_male'],
      dtype='object')
[2025-09-06T21:49:40.493+0000] {base.py:73} INFO - Using connection ID 'mysql_conn' for task execution.
[2025-09-06T21:49:40.520+0000] {logging_mixin.py:149} INFO -  Limpieza e inserción terminada en penguins_clean
[2025-09-06T21:49:40.521+0000] {python.py:183} INFO - Done. Returned value was: None
[2025-09-06T21:49:40.533+0000] {taskinstance.py:1373} INFO - Marking task as SUCCESS. dag_id=orquestador, task_id=read_data, execution_date=20230101T000000, start_date=20250906T214940, end_date=20250906T214940
[2025-09-06T21:49:40.567+0000] {local_task_job_runner.py:232} INFO - Task exited with return code 0
[2025-09-06T21:49:40.613+0000] {taskinstance.py:2674} INFO - 1 downstream tasks scheduled from follow-on schedule check
[2025-09-06T22:04:22.493+0000] {taskinstance.py:1125} INFO - Dependencies all met for dep_context=non-requeueable deps ti=<TaskInstance: orquestador.read_data scheduled__2023-01-01T00:00:00+00:00 [queued]>
[2025-09-06T22:04:22.504+0000] {taskinstance.py:1125} INFO - Dependencies all met for dep_context=requeueable deps ti=<TaskInstance: orquestador.read_data scheduled__2023-01-01T00:00:00+00:00 [queued]>
[2025-09-06T22:04:22.504+0000] {taskinstance.py:1331} INFO - Starting attempt 1 of 1
[2025-09-06T22:04:22.521+0000] {taskinstance.py:1350} INFO - Executing <Task(PythonOperator): read_data> on 2023-01-01 00:00:00+00:00
[2025-09-06T22:04:22.529+0000] {standard_task_runner.py:57} INFO - Started process 116 to run task
[2025-09-06T22:04:22.536+0000] {standard_task_runner.py:84} INFO - Running: ['***', 'tasks', 'run', 'orquestador', 'read_data', 'scheduled__2023-01-01T00:00:00+00:00', '--job-id', '8', '--raw', '--subdir', 'DAGS_FOLDER/orquestador.py', '--cfg-path', '/tmp/tmpesxobcvi']
[2025-09-06T22:04:22.540+0000] {standard_task_runner.py:85} INFO - Job 8: Subtask read_data
[2025-09-06T22:04:22.607+0000] {task_command.py:410} INFO - Running <TaskInstance: orquestador.read_data scheduled__2023-01-01T00:00:00+00:00 [running]> on host b0f46732fbd8
[2025-09-06T22:04:22.748+0000] {taskinstance.py:1570} INFO - Exporting env vars: AIRFLOW_CTX_DAG_OWNER='***' AIRFLOW_CTX_DAG_ID='orquestador' AIRFLOW_CTX_TASK_ID='read_data' AIRFLOW_CTX_EXECUTION_DATE='2023-01-01T00:00:00+00:00' AIRFLOW_CTX_TRY_NUMBER='1' AIRFLOW_CTX_DAG_RUN_ID='scheduled__2023-01-01T00:00:00+00:00'
[2025-09-06T22:04:22.749+0000] {crypto.py:83} WARNING - empty cryptography key - values will not be stored encrypted.
[2025-09-06T22:04:22.750+0000] {base.py:73} INFO - Using connection ID 'mysql_conn' for task execution.
[2025-09-06T22:04:22.806+0000] {logging_mixin.py:149} INFO -    species  bill_length_mm  ...  sex_female  sex_male
0        1            39.1  ...           0         1
1        1            39.5  ...           1         0
2        1            40.3  ...           1         0
4        1            36.7  ...           1         0
5        1            39.3  ...           0         1

[5 rows x 11 columns]
[2025-09-06T22:04:22.806+0000] {logging_mixin.py:149} INFO -  Datos limpios listos para insertar en penguins_clean
[2025-09-06T22:04:22.807+0000] {logging_mixin.py:149} INFO - Index(['species', 'bill_length_mm', 'bill_depth_mm', 'flipper_length_mm',
       'body_mass_g', 'year', 'island_Biscoe', 'island_Dream',
       'island_Torgersen', 'sex_female', 'sex_male'],
      dtype='object')
[2025-09-06T22:04:22.839+0000] {base.py:73} INFO - Using connection ID 'mysql_conn' for task execution.
[2025-09-06T22:04:22.892+0000] {logging_mixin.py:149} INFO -  Limpieza e inserción terminada en penguins_clean
[2025-09-06T22:04:22.892+0000] {python.py:183} INFO - Done. Returned value was: None
[2025-09-06T22:04:22.905+0000] {taskinstance.py:1373} INFO - Marking task as SUCCESS. dag_id=orquestador, task_id=read_data, execution_date=20230101T000000, start_date=20250906T220422, end_date=20250906T220422
[2025-09-06T22:04:22.955+0000] {local_task_job_runner.py:232} INFO - Task exited with return code 0
[2025-09-06T22:04:22.985+0000] {taskinstance.py:2674} INFO - 1 downstream tasks scheduled from follow-on schedule check
