[2025-09-06T05:28:09.122+0000] {taskinstance.py:1125} INFO - Dependencies all met for dep_context=non-requeueable deps ti=<TaskInstance: mysql_insert_select.create_table_raw manual__2025-09-06T05:28:02.999636+00:00 [queued]>
[2025-09-06T05:28:09.141+0000] {taskinstance.py:1125} INFO - Dependencies all met for dep_context=requeueable deps ti=<TaskInstance: mysql_insert_select.create_table_raw manual__2025-09-06T05:28:02.999636+00:00 [queued]>
[2025-09-06T05:28:09.142+0000] {taskinstance.py:1331} INFO - Starting attempt 1 of 1
[2025-09-06T05:28:09.167+0000] {taskinstance.py:1350} INFO - Executing <Task(MySqlOperator): create_table_raw> on 2025-09-06 05:28:02.999636+00:00
[2025-09-06T05:28:09.179+0000] {standard_task_runner.py:57} INFO - Started process 1607 to run task
[2025-09-06T05:28:09.189+0000] {standard_task_runner.py:84} INFO - Running: ['***', 'tasks', 'run', 'mysql_insert_select', 'create_table_raw', 'manual__2025-09-06T05:28:02.999636+00:00', '--job-id', '286', '--raw', '--subdir', 'DAGS_FOLDER/mysql_insert_select.py', '--cfg-path', '/tmp/tmpfe41qmg3']
[2025-09-06T05:28:09.193+0000] {standard_task_runner.py:85} INFO - Job 286: Subtask create_table_raw
[2025-09-06T05:28:09.268+0000] {task_command.py:410} INFO - Running <TaskInstance: mysql_insert_select.create_table_raw manual__2025-09-06T05:28:02.999636+00:00 [running]> on host 6faa580ba6cb
[2025-09-06T05:28:09.404+0000] {taskinstance.py:1570} INFO - Exporting env vars: AIRFLOW_CTX_DAG_OWNER='***' AIRFLOW_CTX_DAG_ID='mysql_insert_select' AIRFLOW_CTX_TASK_ID='create_table_raw' AIRFLOW_CTX_EXECUTION_DATE='2025-09-06T05:28:02.999636+00:00' AIRFLOW_CTX_TRY_NUMBER='1' AIRFLOW_CTX_DAG_RUN_ID='manual__2025-09-06T05:28:02.999636+00:00'
[2025-09-06T05:28:09.405+0000] {sql.py:262} INFO - Executing:  CREATE TABLE penguins_raw (
            species VARCHAR(50) NULL,
            island VARCHAR(50) NULL,
            bill_length_mm DOUBLE NULL,
            bill_depth_mm DOUBLE NULL,
            flipper_length_mm DOUBLE NULL,
            body_mass_g DOUBLE NULL,
            sex VARCHAR(10) NULL,
            year INT NULL
        )
        
[2025-09-06T05:28:09.425+0000] {base.py:73} INFO - Using connection ID 'mysql_conn' for task execution.
[2025-09-06T05:28:09.508+0000] {base.py:73} INFO - Using connection ID 'mysql_conn' for task execution.
[2025-09-06T05:28:09.529+0000] {sql.py:375} INFO - Running statement:  CREATE TABLE penguins_raw (
            species VARCHAR(50) NULL,
            island VARCHAR(50) NULL,
            bill_length_mm DOUBLE NULL,
            bill_depth_mm DOUBLE NULL,
            flipper_length_mm DOUBLE NULL,
            body_mass_g DOUBLE NULL,
            sex VARCHAR(10) NULL,
            year INT NULL
        )
        , parameters: None
[2025-09-06T05:28:09.558+0000] {sql.py:384} INFO - Rows affected: 0
[2025-09-06T05:28:09.580+0000] {taskinstance.py:1373} INFO - Marking task as SUCCESS. dag_id=mysql_insert_select, task_id=create_table_raw, execution_date=20250906T052802, start_date=20250906T052809, end_date=20250906T052809
[2025-09-06T05:28:09.638+0000] {local_task_job_runner.py:232} INFO - Task exited with return code 0
[2025-09-06T05:28:09.692+0000] {taskinstance.py:2674} INFO - 1 downstream tasks scheduled from follow-on schedule check
