[2025-09-06T06:32:13.998+0000] {taskinstance.py:1125} INFO - Dependencies all met for dep_context=non-requeueable deps ti=<TaskInstance: mysql_insert_select.delete_table manual__2025-09-06T06:32:10.033634+00:00 [queued]>
[2025-09-06T06:32:14.012+0000] {taskinstance.py:1125} INFO - Dependencies all met for dep_context=requeueable deps ti=<TaskInstance: mysql_insert_select.delete_table manual__2025-09-06T06:32:10.033634+00:00 [queued]>
[2025-09-06T06:32:14.013+0000] {taskinstance.py:1331} INFO - Starting attempt 1 of 1
[2025-09-06T06:32:14.039+0000] {taskinstance.py:1350} INFO - Executing <Task(MySqlOperator): delete_table> on 2025-09-06 06:32:10.033634+00:00
[2025-09-06T06:32:14.075+0000] {standard_task_runner.py:57} INFO - Started process 106 to run task
[2025-09-06T06:32:14.090+0000] {standard_task_runner.py:84} INFO - Running: ['***', 'tasks', 'run', 'mysql_insert_select', 'delete_table', 'manual__2025-09-06T06:32:10.033634+00:00', '--job-id', '379', '--raw', '--subdir', 'DAGS_FOLDER/mysql_insert_select.py', '--cfg-path', '/tmp/tmpcq6ahrjx']
[2025-09-06T06:32:14.110+0000] {standard_task_runner.py:85} INFO - Job 379: Subtask delete_table
[2025-09-06T06:32:14.216+0000] {task_command.py:410} INFO - Running <TaskInstance: mysql_insert_select.delete_table manual__2025-09-06T06:32:10.033634+00:00 [running]> on host aa138fcfe7d7
[2025-09-06T06:32:14.507+0000] {taskinstance.py:1570} INFO - Exporting env vars: AIRFLOW_CTX_DAG_OWNER='***' AIRFLOW_CTX_DAG_ID='mysql_insert_select' AIRFLOW_CTX_TASK_ID='delete_table' AIRFLOW_CTX_EXECUTION_DATE='2025-09-06T06:32:10.033634+00:00' AIRFLOW_CTX_TRY_NUMBER='1' AIRFLOW_CTX_DAG_RUN_ID='manual__2025-09-06T06:32:10.033634+00:00'
[2025-09-06T06:32:14.508+0000] {sql.py:262} INFO - Executing: 
DROP TABLE IF EXISTS penguins_raw;

[2025-09-06T06:32:14.525+0000] {base.py:73} INFO - Using connection ID 'mysql_conn' for task execution.
[2025-09-06T06:32:14.659+0000] {base.py:73} INFO - Using connection ID 'mysql_conn' for task execution.
[2025-09-06T06:32:14.704+0000] {sql.py:375} INFO - Running statement: 
DROP TABLE IF EXISTS penguins_raw;
, parameters: None
[2025-09-06T06:32:14.736+0000] {sql.py:384} INFO - Rows affected: 0
[2025-09-06T06:32:14.757+0000] {taskinstance.py:1373} INFO - Marking task as SUCCESS. dag_id=mysql_insert_select, task_id=delete_table, execution_date=20250906T063210, start_date=20250906T063214, end_date=20250906T063214
[2025-09-06T06:32:14.809+0000] {local_task_job_runner.py:232} INFO - Task exited with return code 0
[2025-09-06T06:32:14.884+0000] {taskinstance.py:2674} INFO - 1 downstream tasks scheduled from follow-on schedule check
