[2025-09-05T20:36:07.457+0000] {taskinstance.py:1125} INFO - Dependencies all met for dep_context=non-requeueable deps ti=<TaskInstance: mysql_insert_select.create_table manual__2025-09-05T20:36:06.051535+00:00 [queued]>
[2025-09-05T20:36:07.471+0000] {taskinstance.py:1125} INFO - Dependencies all met for dep_context=requeueable deps ti=<TaskInstance: mysql_insert_select.create_table manual__2025-09-05T20:36:06.051535+00:00 [queued]>
[2025-09-05T20:36:07.471+0000] {taskinstance.py:1331} INFO - Starting attempt 1 of 1
[2025-09-05T20:36:07.491+0000] {taskinstance.py:1350} INFO - Executing <Task(MySqlOperator): create_table> on 2025-09-05 20:36:06.051535+00:00
[2025-09-05T20:36:07.498+0000] {standard_task_runner.py:57} INFO - Started process 243 to run task
[2025-09-05T20:36:07.505+0000] {standard_task_runner.py:84} INFO - Running: ['***', 'tasks', 'run', 'mysql_insert_select', 'create_table', 'manual__2025-09-05T20:36:06.051535+00:00', '--job-id', '6', '--raw', '--subdir', 'DAGS_FOLDER/crea_tablas.py', '--cfg-path', '/tmp/tmpdb1nfb89']
[2025-09-05T20:36:07.506+0000] {standard_task_runner.py:85} INFO - Job 6: Subtask create_table
[2025-09-05T20:36:07.595+0000] {task_command.py:410} INFO - Running <TaskInstance: mysql_insert_select.create_table manual__2025-09-05T20:36:06.051535+00:00 [running]> on host 50437ce15fe5
[2025-09-05T20:36:07.733+0000] {taskinstance.py:1570} INFO - Exporting env vars: AIRFLOW_CTX_DAG_OWNER='***' AIRFLOW_CTX_DAG_ID='mysql_insert_select' AIRFLOW_CTX_TASK_ID='create_table' AIRFLOW_CTX_EXECUTION_DATE='2025-09-05T20:36:06.051535+00:00' AIRFLOW_CTX_TRY_NUMBER='1' AIRFLOW_CTX_DAG_RUN_ID='manual__2025-09-05T20:36:06.051535+00:00'
[2025-09-05T20:36:07.736+0000] {sql.py:262} INFO - Executing: 
        CREATE TABLE IF NOT EXISTS empleados (
            id INT AUTO_INCREMENT PRIMARY KEY,
            nombre VARCHAR(100),
            cargo VARCHAR(100),
            fecha TIMESTAMP DEFAULT CURRENT_TIMESTAMP
        );
        
[2025-09-05T20:36:07.757+0000] {base.py:73} INFO - Using connection ID 'mysql_conn' for task execution.
[2025-09-05T20:36:07.849+0000] {base.py:73} INFO - Using connection ID 'mysql_conn' for task execution.
[2025-09-05T20:36:07.873+0000] {sql.py:375} INFO - Running statement: 
        CREATE TABLE IF NOT EXISTS empleados (
            id INT AUTO_INCREMENT PRIMARY KEY,
            nombre VARCHAR(100),
            cargo VARCHAR(100),
            fecha TIMESTAMP DEFAULT CURRENT_TIMESTAMP
        );
        , parameters: None
[2025-09-05T20:36:07.878+0000] {sql.py:384} INFO - Rows affected: 0
[2025-09-05T20:36:07.902+0000] {taskinstance.py:1373} INFO - Marking task as SUCCESS. dag_id=mysql_insert_select, task_id=create_table, execution_date=20250905T203606, start_date=20250905T203607, end_date=20250905T203607
[2025-09-05T20:36:07.956+0000] {local_task_job_runner.py:232} INFO - Task exited with return code 0
[2025-09-05T20:36:08.012+0000] {taskinstance.py:2674} INFO - 1 downstream tasks scheduled from follow-on schedule check
