[2025-09-06T02:38:14.786+0000] {taskinstance.py:1125} INFO - Dependencies all met for dep_context=non-requeueable deps ti=<TaskInstance: mysql_insert_select.create_table_clean manual__2025-09-06T02:38:03.226135+00:00 [queued]>
[2025-09-06T02:38:14.798+0000] {taskinstance.py:1125} INFO - Dependencies all met for dep_context=requeueable deps ti=<TaskInstance: mysql_insert_select.create_table_clean manual__2025-09-06T02:38:03.226135+00:00 [queued]>
[2025-09-06T02:38:14.799+0000] {taskinstance.py:1331} INFO - Starting attempt 1 of 1
[2025-09-06T02:38:14.817+0000] {taskinstance.py:1350} INFO - Executing <Task(MySqlOperator): create_table_clean> on 2025-09-06 02:38:03.226135+00:00
[2025-09-06T02:38:14.832+0000] {standard_task_runner.py:57} INFO - Started process 625 to run task
[2025-09-06T02:38:14.838+0000] {standard_task_runner.py:84} INFO - Running: ['***', 'tasks', 'run', 'mysql_insert_select', 'create_table_clean', 'manual__2025-09-06T02:38:03.226135+00:00', '--job-id', '130', '--raw', '--subdir', 'DAGS_FOLDER/crea_tablas.py', '--cfg-path', '/tmp/tmpdmemce30']
[2025-09-06T02:38:14.842+0000] {standard_task_runner.py:85} INFO - Job 130: Subtask create_table_clean
[2025-09-06T02:38:14.922+0000] {task_command.py:410} INFO - Running <TaskInstance: mysql_insert_select.create_table_clean manual__2025-09-06T02:38:03.226135+00:00 [running]> on host ded74915b8e2
[2025-09-06T02:38:15.064+0000] {taskinstance.py:1570} INFO - Exporting env vars: AIRFLOW_CTX_DAG_OWNER='***' AIRFLOW_CTX_DAG_ID='mysql_insert_select' AIRFLOW_CTX_TASK_ID='create_table_clean' AIRFLOW_CTX_EXECUTION_DATE='2025-09-06T02:38:03.226135+00:00' AIRFLOW_CTX_TRY_NUMBER='1' AIRFLOW_CTX_DAG_RUN_ID='manual__2025-09-06T02:38:03.226135+00:00'
[2025-09-06T02:38:15.065+0000] {sql.py:262} INFO - Executing:  CREATE TABLE penguins_clean (
    species INT NULL,
    bill_length_mm DOUBLE NULL,
    bill_depth_mm DOUBLE NULL,
    flipper_length_mm DOUBLE NULL,
    body_mass_g DOUBLE NULL,
    year INT NULL,
    island_Biscoe INT NULL,
    island_Dream INT NULL,
    island_Torgersen INT NULL,
    sex_female INT NULL,
    sex_male INT NULL
        );      
        
[2025-09-06T02:38:15.082+0000] {base.py:73} INFO - Using connection ID 'mysql_conn' for task execution.
[2025-09-06T02:38:15.169+0000] {base.py:73} INFO - Using connection ID 'mysql_conn' for task execution.
[2025-09-06T02:38:15.196+0000] {sql.py:375} INFO - Running statement:  CREATE TABLE penguins_clean (
    species INT NULL,
    bill_length_mm DOUBLE NULL,
    bill_depth_mm DOUBLE NULL,
    flipper_length_mm DOUBLE NULL,
    body_mass_g DOUBLE NULL,
    year INT NULL,
    island_Biscoe INT NULL,
    island_Dream INT NULL,
    island_Torgersen INT NULL,
    sex_female INT NULL,
    sex_male INT NULL
        );      
        , parameters: None
[2025-09-06T02:38:15.225+0000] {sql.py:384} INFO - Rows affected: 0
[2025-09-06T02:38:15.241+0000] {taskinstance.py:1373} INFO - Marking task as SUCCESS. dag_id=mysql_insert_select, task_id=create_table_clean, execution_date=20250906T023803, start_date=20250906T023814, end_date=20250906T023815
[2025-09-06T02:38:15.294+0000] {local_task_job_runner.py:232} INFO - Task exited with return code 0
[2025-09-06T02:38:15.343+0000] {taskinstance.py:2674} INFO - 1 downstream tasks scheduled from follow-on schedule check
