[2025-09-05T21:39:06.017+0000] {taskinstance.py:1125} INFO - Dependencies all met for dep_context=non-requeueable deps ti=<TaskInstance: mysql_insert_select.create_table manual__2025-09-05T21:39:05.277875+00:00 [queued]>
[2025-09-05T21:39:06.029+0000] {taskinstance.py:1125} INFO - Dependencies all met for dep_context=requeueable deps ti=<TaskInstance: mysql_insert_select.create_table manual__2025-09-05T21:39:05.277875+00:00 [queued]>
[2025-09-05T21:39:06.029+0000] {taskinstance.py:1331} INFO - Starting attempt 1 of 1
[2025-09-05T21:39:06.047+0000] {taskinstance.py:1350} INFO - Executing <Task(MySqlOperator): create_table> on 2025-09-05 21:39:05.277875+00:00
[2025-09-05T21:39:06.062+0000] {standard_task_runner.py:57} INFO - Started process 974 to run task
[2025-09-05T21:39:06.069+0000] {standard_task_runner.py:84} INFO - Running: ['***', 'tasks', 'run', 'mysql_insert_select', 'create_table', 'manual__2025-09-05T21:39:05.277875+00:00', '--job-id', '15', '--raw', '--subdir', 'DAGS_FOLDER/crea_tablas.py', '--cfg-path', '/tmp/tmpuewk0s6h']
[2025-09-05T21:39:06.070+0000] {standard_task_runner.py:85} INFO - Job 15: Subtask create_table
[2025-09-05T21:39:06.158+0000] {task_command.py:410} INFO - Running <TaskInstance: mysql_insert_select.create_table manual__2025-09-05T21:39:05.277875+00:00 [running]> on host 72c5ffe25b48
[2025-09-05T21:39:06.295+0000] {taskinstance.py:1570} INFO - Exporting env vars: AIRFLOW_CTX_DAG_OWNER='***' AIRFLOW_CTX_DAG_ID='mysql_insert_select' AIRFLOW_CTX_TASK_ID='create_table' AIRFLOW_CTX_EXECUTION_DATE='2025-09-05T21:39:05.277875+00:00' AIRFLOW_CTX_TRY_NUMBER='1' AIRFLOW_CTX_DAG_RUN_ID='manual__2025-09-05T21:39:05.277875+00:00'
[2025-09-05T21:39:06.296+0000] {sql.py:262} INFO - Executing: 
        CREATE TABLE penguins (
        species VARCHAR(50) NULL,
        island VARCHAR(50) NULL,
        bill_length_mm DOUBLE NULL,
        bill_depth_mm DOUBLE NULL,
        flipper_length_mm DOUBLE NULL,
        body_mass_g DOUBLE NULL,
        sex VARCHAR(10) NULL,
        year INT NULL
        );
        
[2025-09-05T21:39:06.312+0000] {base.py:73} INFO - Using connection ID 'mysql_conn' for task execution.
[2025-09-05T21:39:06.407+0000] {base.py:73} INFO - Using connection ID 'mysql_conn' for task execution.
[2025-09-05T21:39:06.444+0000] {sql.py:375} INFO - Running statement: 
        CREATE TABLE penguins (
        species VARCHAR(50) NULL,
        island VARCHAR(50) NULL,
        bill_length_mm DOUBLE NULL,
        bill_depth_mm DOUBLE NULL,
        flipper_length_mm DOUBLE NULL,
        body_mass_g DOUBLE NULL,
        sex VARCHAR(10) NULL,
        year INT NULL
        );
        , parameters: None
[2025-09-05T21:39:06.471+0000] {sql.py:384} INFO - Rows affected: 0
[2025-09-05T21:39:06.494+0000] {taskinstance.py:1373} INFO - Marking task as SUCCESS. dag_id=mysql_insert_select, task_id=create_table, execution_date=20250905T213905, start_date=20250905T213906, end_date=20250905T213906
[2025-09-05T21:39:06.525+0000] {local_task_job_runner.py:232} INFO - Task exited with return code 0
[2025-09-05T21:39:06.564+0000] {taskinstance.py:2674} INFO - 0 downstream tasks scheduled from follow-on schedule check
