[2025-09-06T02:45:37.065+0000] {taskinstance.py:1125} INFO - Dependencies all met for dep_context=non-requeueable deps ti=<TaskInstance: mysql_insert_select.train_model manual__2025-09-06T02:45:22.252104+00:00 [queued]>
[2025-09-06T02:45:37.083+0000] {taskinstance.py:1125} INFO - Dependencies all met for dep_context=requeueable deps ti=<TaskInstance: mysql_insert_select.train_model manual__2025-09-06T02:45:22.252104+00:00 [queued]>
[2025-09-06T02:45:37.084+0000] {taskinstance.py:1331} INFO - Starting attempt 1 of 1
[2025-09-06T02:45:37.104+0000] {taskinstance.py:1350} INFO - Executing <Task(PythonOperator): train_model> on 2025-09-06 02:45:22.252104+00:00
[2025-09-06T02:45:37.117+0000] {standard_task_runner.py:57} INFO - Started process 796 to run task
[2025-09-06T02:45:37.129+0000] {standard_task_runner.py:84} INFO - Running: ['***', 'tasks', 'run', 'mysql_insert_select', 'train_model', 'manual__2025-09-06T02:45:22.252104+00:00', '--job-id', '141', '--raw', '--subdir', 'DAGS_FOLDER/crea_tablas.py', '--cfg-path', '/tmp/tmpgu7me5jt']
[2025-09-06T02:45:37.135+0000] {standard_task_runner.py:85} INFO - Job 141: Subtask train_model
[2025-09-06T02:45:37.236+0000] {task_command.py:410} INFO - Running <TaskInstance: mysql_insert_select.train_model manual__2025-09-06T02:45:22.252104+00:00 [running]> on host ded74915b8e2
[2025-09-06T02:45:37.385+0000] {taskinstance.py:1570} INFO - Exporting env vars: AIRFLOW_CTX_DAG_OWNER='***' AIRFLOW_CTX_DAG_ID='mysql_insert_select' AIRFLOW_CTX_TASK_ID='train_model' AIRFLOW_CTX_EXECUTION_DATE='2025-09-06T02:45:22.252104+00:00' AIRFLOW_CTX_TRY_NUMBER='1' AIRFLOW_CTX_DAG_RUN_ID='manual__2025-09-06T02:45:22.252104+00:00'
[2025-09-06T02:45:37.403+0000] {base.py:73} INFO - Using connection ID 'mysql_conn' for task execution.
[2025-09-06T02:45:37.588+0000] {logging_mixin.py:149} INFO - Accuracy: 1.00
[2025-09-06T02:45:37.588+0000] {logging_mixin.py:149} INFO - Classification Report:
[2025-09-06T02:45:37.592+0000] {logging_mixin.py:149} INFO -               precision    recall  f1-score   support

           1       1.00      1.00      1.00        29
           2       1.00      1.00      1.00        14
           3       1.00      1.00      1.00        24

    accuracy                           1.00        67
   macro avg       1.00      1.00      1.00        67
weighted avg       1.00      1.00      1.00        67
[2025-09-06T02:45:37.649+0000] {logging_mixin.py:149} INFO - Model saved as /opt/***/models/RandomForestclassifier.pkl
[2025-09-06T02:45:37.650+0000] {python.py:183} INFO - Done. Returned value was: None
[2025-09-06T02:45:37.671+0000] {taskinstance.py:1373} INFO - Marking task as SUCCESS. dag_id=mysql_insert_select, task_id=train_model, execution_date=20250906T024522, start_date=20250906T024537, end_date=20250906T024537
[2025-09-06T02:45:37.740+0000] {local_task_job_runner.py:232} INFO - Task exited with return code 0
[2025-09-06T02:45:37.795+0000] {taskinstance.py:2674} INFO - 1 downstream tasks scheduled from follow-on schedule check
