[2025-09-06T05:38:48.990+0000] {taskinstance.py:1125} INFO - Dependencies all met for dep_context=non-requeueable deps ti=<TaskInstance: mysql_insert_select.delete_table manual__2025-09-06T05:38:45.486954+00:00 [queued]>
[2025-09-06T05:38:49.002+0000] {taskinstance.py:1125} INFO - Dependencies all met for dep_context=requeueable deps ti=<TaskInstance: mysql_insert_select.delete_table manual__2025-09-06T05:38:45.486954+00:00 [queued]>
[2025-09-06T05:38:49.003+0000] {taskinstance.py:1331} INFO - Starting attempt 1 of 1
[2025-09-06T05:38:49.022+0000] {taskinstance.py:1350} INFO - Executing <Task(MySqlOperator): delete_table> on 2025-09-06 05:38:45.486954+00:00
[2025-09-06T05:38:49.039+0000] {standard_task_runner.py:57} INFO - Started process 1911 to run task
[2025-09-06T05:38:49.061+0000] {standard_task_runner.py:84} INFO - Running: ['***', 'tasks', 'run', 'mysql_insert_select', 'delete_table', 'manual__2025-09-06T05:38:45.486954+00:00', '--job-id', '318', '--raw', '--subdir', 'DAGS_FOLDER/mysql_insert_select.py', '--cfg-path', '/tmp/tmp1ehh9bcm']
[2025-09-06T05:38:49.071+0000] {standard_task_runner.py:85} INFO - Job 318: Subtask delete_table
[2025-09-06T05:38:49.182+0000] {task_command.py:410} INFO - Running <TaskInstance: mysql_insert_select.delete_table manual__2025-09-06T05:38:45.486954+00:00 [running]> on host 6faa580ba6cb
[2025-09-06T05:38:49.357+0000] {taskinstance.py:1570} INFO - Exporting env vars: AIRFLOW_CTX_DAG_OWNER='***' AIRFLOW_CTX_DAG_ID='mysql_insert_select' AIRFLOW_CTX_TASK_ID='delete_table' AIRFLOW_CTX_EXECUTION_DATE='2025-09-06T05:38:45.486954+00:00' AIRFLOW_CTX_TRY_NUMBER='1' AIRFLOW_CTX_DAG_RUN_ID='manual__2025-09-06T05:38:45.486954+00:00'
[2025-09-06T05:38:49.361+0000] {sql.py:262} INFO - Executing: 
DROP TABLE IF EXISTS penguins_raw;

[2025-09-06T05:38:49.374+0000] {base.py:73} INFO - Using connection ID 'mysql_conn' for task execution.
[2025-09-06T05:38:49.480+0000] {base.py:73} INFO - Using connection ID 'mysql_conn' for task execution.
[2025-09-06T05:38:49.499+0000] {sql.py:375} INFO - Running statement: 
DROP TABLE IF EXISTS penguins_raw;
, parameters: None
[2025-09-06T05:38:49.515+0000] {sql.py:384} INFO - Rows affected: 0
[2025-09-06T05:38:49.535+0000] {taskinstance.py:1373} INFO - Marking task as SUCCESS. dag_id=mysql_insert_select, task_id=delete_table, execution_date=20250906T053845, start_date=20250906T053848, end_date=20250906T053849
[2025-09-06T05:38:49.599+0000] {local_task_job_runner.py:232} INFO - Task exited with return code 0
[2025-09-06T05:38:49.666+0000] {taskinstance.py:2674} INFO - 0 downstream tasks scheduled from follow-on schedule check
