[2025-09-06T06:34:52.212+0000] {taskinstance.py:1125} INFO - Dependencies all met for dep_context=non-requeueable deps ti=<TaskInstance: mysql_insert_select.train_model manual__2025-09-06T06:34:36.840455+00:00 [queued]>
[2025-09-06T06:34:52.229+0000] {taskinstance.py:1125} INFO - Dependencies all met for dep_context=requeueable deps ti=<TaskInstance: mysql_insert_select.train_model manual__2025-09-06T06:34:36.840455+00:00 [queued]>
[2025-09-06T06:34:52.230+0000] {taskinstance.py:1331} INFO - Starting attempt 1 of 1
[2025-09-06T06:34:52.250+0000] {taskinstance.py:1350} INFO - Executing <Task(PythonOperator): train_model> on 2025-09-06 06:34:36.840455+00:00
[2025-09-06T06:34:52.262+0000] {standard_task_runner.py:57} INFO - Started process 207 to run task
[2025-09-06T06:34:52.272+0000] {standard_task_runner.py:84} INFO - Running: ['***', 'tasks', 'run', 'mysql_insert_select', 'train_model', 'manual__2025-09-06T06:34:36.840455+00:00', '--job-id', '395', '--raw', '--subdir', 'DAGS_FOLDER/mysql_insert_select.py', '--cfg-path', '/tmp/tmpyzqjsuuo']
[2025-09-06T06:34:52.277+0000] {standard_task_runner.py:85} INFO - Job 395: Subtask train_model
[2025-09-06T06:34:52.344+0000] {task_command.py:410} INFO - Running <TaskInstance: mysql_insert_select.train_model manual__2025-09-06T06:34:36.840455+00:00 [running]> on host aa138fcfe7d7
[2025-09-06T06:34:52.484+0000] {taskinstance.py:1570} INFO - Exporting env vars: AIRFLOW_CTX_DAG_OWNER='***' AIRFLOW_CTX_DAG_ID='mysql_insert_select' AIRFLOW_CTX_TASK_ID='train_model' AIRFLOW_CTX_EXECUTION_DATE='2025-09-06T06:34:36.840455+00:00' AIRFLOW_CTX_TRY_NUMBER='1' AIRFLOW_CTX_DAG_RUN_ID='manual__2025-09-06T06:34:36.840455+00:00'
[2025-09-06T06:34:52.497+0000] {base.py:73} INFO - Using connection ID 'mysql_conn' for task execution.
[2025-09-06T06:34:52.571+0000] {warnings.py:110} WARNING - /home/***/.local/lib/python3.7/site-packages/sklearn/linear_model/_logistic.py:818: ConvergenceWarning: lbfgs failed to converge (status=1):
STOP: TOTAL NO. of ITERATIONS REACHED LIMIT.

Increase the number of iterations (max_iter) or scale the data as shown in:
    https://scikit-learn.org/stable/modules/preprocessing.html
Please also refer to the documentation for alternative solver options:
    https://scikit-learn.org/stable/modules/linear_model.html#logistic-regression
  extra_warning_msg=_LOGISTIC_SOLVER_CONVERGENCE_MSG,

[2025-09-06T06:34:52.576+0000] {python.py:183} INFO - Done. Returned value was: None
[2025-09-06T06:34:52.590+0000] {taskinstance.py:1373} INFO - Marking task as SUCCESS. dag_id=mysql_insert_select, task_id=train_model, execution_date=20250906T063436, start_date=20250906T063452, end_date=20250906T063452
[2025-09-06T06:34:52.642+0000] {local_task_job_runner.py:232} INFO - Task exited with return code 0
[2025-09-06T06:34:52.697+0000] {taskinstance.py:2674} INFO - 1 downstream tasks scheduled from follow-on schedule check
