[2025-09-06T01:13:05.032+0000] {taskinstance.py:1125} INFO - Dependencies all met for dep_context=non-requeueable deps ti=<TaskInstance: mysql_insert_select.read_data manual__2025-09-06T01:12:53.851327+00:00 [queued]>
[2025-09-06T01:13:05.046+0000] {taskinstance.py:1125} INFO - Dependencies all met for dep_context=requeueable deps ti=<TaskInstance: mysql_insert_select.read_data manual__2025-09-06T01:12:53.851327+00:00 [queued]>
[2025-09-06T01:13:05.046+0000] {taskinstance.py:1331} INFO - Starting attempt 1 of 1
[2025-09-06T01:13:05.065+0000] {taskinstance.py:1350} INFO - Executing <Task(PythonOperator): read_data> on 2025-09-06 01:12:53.851327+00:00
[2025-09-06T01:13:05.078+0000] {standard_task_runner.py:57} INFO - Started process 4805 to run task
[2025-09-06T01:13:05.085+0000] {standard_task_runner.py:84} INFO - Running: ['***', 'tasks', 'run', 'mysql_insert_select', 'read_data', 'manual__2025-09-06T01:12:53.851327+00:00', '--job-id', '81', '--raw', '--subdir', 'DAGS_FOLDER/crea_tablas.py', '--cfg-path', '/tmp/tmppcmfs0rp']
[2025-09-06T01:13:05.090+0000] {standard_task_runner.py:85} INFO - Job 81: Subtask read_data
[2025-09-06T01:13:05.164+0000] {task_command.py:410} INFO - Running <TaskInstance: mysql_insert_select.read_data manual__2025-09-06T01:12:53.851327+00:00 [running]> on host 72c5ffe25b48
[2025-09-06T01:13:05.336+0000] {taskinstance.py:1570} INFO - Exporting env vars: AIRFLOW_CTX_DAG_OWNER='***' AIRFLOW_CTX_DAG_ID='mysql_insert_select' AIRFLOW_CTX_TASK_ID='read_data' AIRFLOW_CTX_EXECUTION_DATE='2025-09-06T01:12:53.851327+00:00' AIRFLOW_CTX_TRY_NUMBER='1' AIRFLOW_CTX_DAG_RUN_ID='manual__2025-09-06T01:12:53.851327+00:00'
[2025-09-06T01:13:05.350+0000] {base.py:73} INFO - Using connection ID 'mysql_conn' for task execution.
[2025-09-06T01:13:05.408+0000] {logging_mixin.py:149} INFO -    species  bill_length_mm  ...  sex_female  sex_male
0        1            39.1  ...           0         1
1        1            39.5  ...           1         0
2        1            40.3  ...           1         0
4        1            36.7  ...           1         0
5        1            39.3  ...           0         1

[5 rows x 11 columns]
[2025-09-06T01:13:05.409+0000] {logging_mixin.py:149} INFO -  Datos limpios listos para insertar en penguins_clean
[2025-09-06T01:13:05.409+0000] {logging_mixin.py:149} INFO - Index(['species', 'bill_length_mm', 'bill_depth_mm', 'flipper_length_mm',
       'body_mass_g', 'year', 'island_Biscoe', 'island_Dream',
       'island_Torgersen', 'sex_female', 'sex_male'],
      dtype='object')
[2025-09-06T01:13:05.454+0000] {base.py:73} INFO - Using connection ID 'mysql_conn' for task execution.
[2025-09-06T01:13:05.499+0000] {logging_mixin.py:149} INFO -  Limpieza e inserción terminada en penguins_clean
[2025-09-06T01:13:05.500+0000] {python.py:183} INFO - Done. Returned value was: None
[2025-09-06T01:13:05.518+0000] {taskinstance.py:1373} INFO - Marking task as SUCCESS. dag_id=mysql_insert_select, task_id=read_data, execution_date=20250906T011253, start_date=20250906T011305, end_date=20250906T011305
[2025-09-06T01:13:05.586+0000] {local_task_job_runner.py:232} INFO - Task exited with return code 0
[2025-09-06T01:13:05.628+0000] {taskinstance.py:2674} INFO - 0 downstream tasks scheduled from follow-on schedule check
