[2025-09-06T06:59:22.727+0000] {taskinstance.py:1125} INFO - Dependencies all met for dep_context=non-requeueable deps ti=<TaskInstance: orquestador.delete_table scheduled__2023-01-01T00:00:00+00:00 [queued]>
[2025-09-06T06:59:22.809+0000] {taskinstance.py:1125} INFO - Dependencies all met for dep_context=requeueable deps ti=<TaskInstance: orquestador.delete_table scheduled__2023-01-01T00:00:00+00:00 [queued]>
[2025-09-06T06:59:22.811+0000] {taskinstance.py:1331} INFO - Starting attempt 1 of 1
[2025-09-06T06:59:22.904+0000] {taskinstance.py:1350} INFO - Executing <Task(MySqlOperator): delete_table> on 2023-01-01 00:00:00+00:00
[2025-09-06T06:59:22.935+0000] {standard_task_runner.py:57} INFO - Started process 127 to run task
[2025-09-06T06:59:22.974+0000] {standard_task_runner.py:84} INFO - Running: ['***', 'tasks', 'run', 'orquestador', 'delete_table', 'scheduled__2023-01-01T00:00:00+00:00', '--job-id', '440', '--raw', '--subdir', 'DAGS_FOLDER/orquestador.py', '--cfg-path', '/tmp/tmp5e7yb19u']
[2025-09-06T06:59:22.981+0000] {standard_task_runner.py:85} INFO - Job 440: Subtask delete_table
[2025-09-06T06:59:23.128+0000] {task_command.py:410} INFO - Running <TaskInstance: orquestador.delete_table scheduled__2023-01-01T00:00:00+00:00 [running]> on host 32a81c69218b
[2025-09-06T06:59:23.299+0000] {taskinstance.py:1570} INFO - Exporting env vars: AIRFLOW_CTX_DAG_OWNER='***' AIRFLOW_CTX_DAG_ID='orquestador' AIRFLOW_CTX_TASK_ID='delete_table' AIRFLOW_CTX_EXECUTION_DATE='2023-01-01T00:00:00+00:00' AIRFLOW_CTX_TRY_NUMBER='1' AIRFLOW_CTX_DAG_RUN_ID='scheduled__2023-01-01T00:00:00+00:00'
[2025-09-06T06:59:23.300+0000] {sql.py:262} INFO - Executing: 
DROP TABLE IF EXISTS penguins_raw;

[2025-09-06T06:59:23.323+0000] {base.py:73} INFO - Using connection ID 'mysql_conn' for task execution.
[2025-09-06T06:59:23.487+0000] {base.py:73} INFO - Using connection ID 'mysql_conn' for task execution.
[2025-09-06T06:59:23.510+0000] {sql.py:375} INFO - Running statement: 
DROP TABLE IF EXISTS penguins_raw;
, parameters: None
[2025-09-06T06:59:23.526+0000] {sql.py:384} INFO - Rows affected: 0
[2025-09-06T06:59:23.573+0000] {taskinstance.py:1373} INFO - Marking task as SUCCESS. dag_id=orquestador, task_id=delete_table, execution_date=20230101T000000, start_date=20250906T065922, end_date=20250906T065923
[2025-09-06T06:59:23.657+0000] {local_task_job_runner.py:232} INFO - Task exited with return code 0
[2025-09-06T06:59:23.734+0000] {taskinstance.py:2674} INFO - 1 downstream tasks scheduled from follow-on schedule check
