[2025-09-06T01:12:56.026+0000] {taskinstance.py:1125} INFO - Dependencies all met for dep_context=non-requeueable deps ti=<TaskInstance: mysql_insert_select.delete_table-clean manual__2025-09-06T01:12:53.851327+00:00 [queued]>
[2025-09-06T01:12:56.038+0000] {taskinstance.py:1125} INFO - Dependencies all met for dep_context=requeueable deps ti=<TaskInstance: mysql_insert_select.delete_table-clean manual__2025-09-06T01:12:53.851327+00:00 [queued]>
[2025-09-06T01:12:56.039+0000] {taskinstance.py:1331} INFO - Starting attempt 1 of 1
[2025-09-06T01:12:56.061+0000] {taskinstance.py:1350} INFO - Executing <Task(MySqlOperator): delete_table-clean> on 2025-09-06 01:12:53.851327+00:00
[2025-09-06T01:12:56.076+0000] {standard_task_runner.py:57} INFO - Started process 4783 to run task
[2025-09-06T01:12:56.085+0000] {standard_task_runner.py:84} INFO - Running: ['***', 'tasks', 'run', 'mysql_insert_select', 'delete_table-clean', 'manual__2025-09-06T01:12:53.851327+00:00', '--job-id', '77', '--raw', '--subdir', 'DAGS_FOLDER/crea_tablas.py', '--cfg-path', '/tmp/tmpnyv1xgp5']
[2025-09-06T01:12:56.090+0000] {standard_task_runner.py:85} INFO - Job 77: Subtask delete_table-clean
[2025-09-06T01:12:56.172+0000] {task_command.py:410} INFO - Running <TaskInstance: mysql_insert_select.delete_table-clean manual__2025-09-06T01:12:53.851327+00:00 [running]> on host 72c5ffe25b48
[2025-09-06T01:12:56.318+0000] {taskinstance.py:1570} INFO - Exporting env vars: AIRFLOW_CTX_DAG_OWNER='***' AIRFLOW_CTX_DAG_ID='mysql_insert_select' AIRFLOW_CTX_TASK_ID='delete_table-clean' AIRFLOW_CTX_EXECUTION_DATE='2025-09-06T01:12:53.851327+00:00' AIRFLOW_CTX_TRY_NUMBER='1' AIRFLOW_CTX_DAG_RUN_ID='manual__2025-09-06T01:12:53.851327+00:00'
[2025-09-06T01:12:56.319+0000] {sql.py:262} INFO - Executing: 
DROP TABLE IF EXISTS penguins_clean;            
 
[2025-09-06T01:12:56.337+0000] {base.py:73} INFO - Using connection ID 'mysql_conn' for task execution.
[2025-09-06T01:12:56.430+0000] {base.py:73} INFO - Using connection ID 'mysql_conn' for task execution.
[2025-09-06T01:12:56.446+0000] {sql.py:375} INFO - Running statement: 
DROP TABLE IF EXISTS penguins_clean;            
 , parameters: None
[2025-09-06T01:12:56.458+0000] {sql.py:384} INFO - Rows affected: 0
[2025-09-06T01:12:56.473+0000] {taskinstance.py:1373} INFO - Marking task as SUCCESS. dag_id=mysql_insert_select, task_id=delete_table-clean, execution_date=20250906T011253, start_date=20250906T011256, end_date=20250906T011256
[2025-09-06T01:12:56.510+0000] {local_task_job_runner.py:232} INFO - Task exited with return code 0
[2025-09-06T01:12:56.569+0000] {taskinstance.py:2674} INFO - 1 downstream tasks scheduled from follow-on schedule check
