[2025-09-06T00:17:30.951+0000] {taskinstance.py:1125} INFO - Dependencies all met for dep_context=non-requeueable deps ti=<TaskInstance: mysql_insert_select.read_data manual__2025-09-06T00:17:20.777213+00:00 [queued]>
[2025-09-06T00:17:30.967+0000] {taskinstance.py:1125} INFO - Dependencies all met for dep_context=requeueable deps ti=<TaskInstance: mysql_insert_select.read_data manual__2025-09-06T00:17:20.777213+00:00 [queued]>
[2025-09-06T00:17:30.968+0000] {taskinstance.py:1331} INFO - Starting attempt 1 of 1
[2025-09-06T00:17:30.987+0000] {taskinstance.py:1350} INFO - Executing <Task(PythonOperator): read_data> on 2025-09-06 00:17:20.777213+00:00
[2025-09-06T00:17:31.001+0000] {standard_task_runner.py:57} INFO - Started process 3715 to run task
[2025-09-06T00:17:31.013+0000] {standard_task_runner.py:84} INFO - Running: ['***', 'tasks', 'run', 'mysql_insert_select', 'read_data', 'manual__2025-09-06T00:17:20.777213+00:00', '--job-id', '33', '--raw', '--subdir', 'DAGS_FOLDER/crea_tablas.py', '--cfg-path', '/tmp/tmpsofqpuc6']
[2025-09-06T00:17:31.018+0000] {standard_task_runner.py:85} INFO - Job 33: Subtask read_data
[2025-09-06T00:17:31.107+0000] {task_command.py:410} INFO - Running <TaskInstance: mysql_insert_select.read_data manual__2025-09-06T00:17:20.777213+00:00 [running]> on host 72c5ffe25b48
[2025-09-06T00:17:31.246+0000] {taskinstance.py:1570} INFO - Exporting env vars: AIRFLOW_CTX_DAG_OWNER='***' AIRFLOW_CTX_DAG_ID='mysql_insert_select' AIRFLOW_CTX_TASK_ID='read_data' AIRFLOW_CTX_EXECUTION_DATE='2025-09-06T00:17:20.777213+00:00' AIRFLOW_CTX_TRY_NUMBER='1' AIRFLOW_CTX_DAG_RUN_ID='manual__2025-09-06T00:17:20.777213+00:00'
[2025-09-06T00:17:31.261+0000] {base.py:73} INFO - Using connection ID 'mysql_conn' for task execution.
[2025-09-06T00:17:31.287+0000] {base.py:73} INFO - Using connection ID 'mysql_conn' for task execution.
[2025-09-06T00:17:31.333+0000] {logging_mixin.py:149} INFO -    species  bill_length_mm  ...  sex_female  sex_male
0        1            39.1  ...           0         1
1        1            39.5  ...           1         0
2        1            40.3  ...           1         0
4        1            36.7  ...           1         0

[4 rows x 9 columns]
[2025-09-06T00:17:31.334+0000] {logging_mixin.py:149} INFO - Limieza terminada
[2025-09-06T00:17:31.335+0000] {python.py:183} INFO - Done. Returned value was: None
[2025-09-06T00:17:31.364+0000] {taskinstance.py:1373} INFO - Marking task as SUCCESS. dag_id=mysql_insert_select, task_id=read_data, execution_date=20250906T001720, start_date=20250906T001730, end_date=20250906T001731
[2025-09-06T00:17:31.418+0000] {local_task_job_runner.py:232} INFO - Task exited with return code 0
[2025-09-06T00:17:31.450+0000] {taskinstance.py:2674} INFO - 0 downstream tasks scheduled from follow-on schedule check
