[2025-09-06T06:47:52.209+0000] {taskinstance.py:1125} INFO - Dependencies all met for dep_context=non-requeueable deps ti=<TaskInstance: mysql_insert_select.delete_table manual__2025-09-06T06:47:47.977199+00:00 [queued]>
[2025-09-06T06:47:52.239+0000] {taskinstance.py:1125} INFO - Dependencies all met for dep_context=requeueable deps ti=<TaskInstance: mysql_insert_select.delete_table manual__2025-09-06T06:47:47.977199+00:00 [queued]>
[2025-09-06T06:47:52.239+0000] {taskinstance.py:1331} INFO - Starting attempt 1 of 1
[2025-09-06T06:47:52.263+0000] {taskinstance.py:1350} INFO - Executing <Task(MySqlOperator): delete_table> on 2025-09-06 06:47:47.977199+00:00
[2025-09-06T06:47:52.278+0000] {standard_task_runner.py:57} INFO - Started process 193 to run task
[2025-09-06T06:47:52.285+0000] {standard_task_runner.py:84} INFO - Running: ['***', 'tasks', 'run', 'mysql_insert_select', 'delete_table', 'manual__2025-09-06T06:47:47.977199+00:00', '--job-id', '415', '--raw', '--subdir', 'DAGS_FOLDER/mysql_insert_select.py', '--cfg-path', '/tmp/tmpqab4p_2b']
[2025-09-06T06:47:52.289+0000] {standard_task_runner.py:85} INFO - Job 415: Subtask delete_table
[2025-09-06T06:47:52.397+0000] {task_command.py:410} INFO - Running <TaskInstance: mysql_insert_select.delete_table manual__2025-09-06T06:47:47.977199+00:00 [running]> on host b4d48ea8f1b7
[2025-09-06T06:47:52.668+0000] {taskinstance.py:1570} INFO - Exporting env vars: AIRFLOW_CTX_DAG_OWNER='***' AIRFLOW_CTX_DAG_ID='mysql_insert_select' AIRFLOW_CTX_TASK_ID='delete_table' AIRFLOW_CTX_EXECUTION_DATE='2025-09-06T06:47:47.977199+00:00' AIRFLOW_CTX_TRY_NUMBER='1' AIRFLOW_CTX_DAG_RUN_ID='manual__2025-09-06T06:47:47.977199+00:00'
[2025-09-06T06:47:52.669+0000] {sql.py:262} INFO - Executing: 
DROP TABLE IF EXISTS penguins_raw;

[2025-09-06T06:47:52.686+0000] {base.py:73} INFO - Using connection ID 'mysql_conn' for task execution.
[2025-09-06T06:47:52.843+0000] {base.py:73} INFO - Using connection ID 'mysql_conn' for task execution.
[2025-09-06T06:47:52.867+0000] {sql.py:375} INFO - Running statement: 
DROP TABLE IF EXISTS penguins_raw;
, parameters: None
[2025-09-06T06:47:52.895+0000] {sql.py:384} INFO - Rows affected: 0
[2025-09-06T06:47:52.914+0000] {taskinstance.py:1373} INFO - Marking task as SUCCESS. dag_id=mysql_insert_select, task_id=delete_table, execution_date=20250906T064747, start_date=20250906T064752, end_date=20250906T064752
[2025-09-06T06:47:52.958+0000] {local_task_job_runner.py:232} INFO - Task exited with return code 0
[2025-09-06T06:47:53.030+0000] {taskinstance.py:2674} INFO - 1 downstream tasks scheduled from follow-on schedule check
