[2025-09-06T01:50:09.076+0000] {taskinstance.py:1125} INFO - Dependencies all met for dep_context=non-requeueable deps ti=<TaskInstance: mysql_insert_select.delete_table manual__2025-09-06T01:50:06.816162+00:00 [queued]>
[2025-09-06T01:50:09.091+0000] {taskinstance.py:1125} INFO - Dependencies all met for dep_context=requeueable deps ti=<TaskInstance: mysql_insert_select.delete_table manual__2025-09-06T01:50:06.816162+00:00 [queued]>
[2025-09-06T01:50:09.092+0000] {taskinstance.py:1331} INFO - Starting attempt 1 of 1
[2025-09-06T01:50:09.124+0000] {taskinstance.py:1350} INFO - Executing <Task(MySqlOperator): delete_table> on 2025-09-06 01:50:06.816162+00:00
[2025-09-06T01:50:09.149+0000] {standard_task_runner.py:57} INFO - Started process 5512 to run task
[2025-09-06T01:50:09.159+0000] {standard_task_runner.py:84} INFO - Running: ['***', 'tasks', 'run', 'mysql_insert_select', 'delete_table', 'manual__2025-09-06T01:50:06.816162+00:00', '--job-id', '109', '--raw', '--subdir', 'DAGS_FOLDER/crea_tablas.py', '--cfg-path', '/tmp/tmp0ua5q3y4']
[2025-09-06T01:50:09.165+0000] {standard_task_runner.py:85} INFO - Job 109: Subtask delete_table
[2025-09-06T01:50:09.280+0000] {task_command.py:410} INFO - Running <TaskInstance: mysql_insert_select.delete_table manual__2025-09-06T01:50:06.816162+00:00 [running]> on host 72c5ffe25b48
[2025-09-06T01:50:09.464+0000] {taskinstance.py:1570} INFO - Exporting env vars: AIRFLOW_CTX_DAG_OWNER='***' AIRFLOW_CTX_DAG_ID='mysql_insert_select' AIRFLOW_CTX_TASK_ID='delete_table' AIRFLOW_CTX_EXECUTION_DATE='2025-09-06T01:50:06.816162+00:00' AIRFLOW_CTX_TRY_NUMBER='1' AIRFLOW_CTX_DAG_RUN_ID='manual__2025-09-06T01:50:06.816162+00:00'
[2025-09-06T01:50:09.465+0000] {sql.py:262} INFO - Executing: 
DROP TABLE IF EXISTS penguins_raw;

[2025-09-06T01:50:09.480+0000] {base.py:73} INFO - Using connection ID 'mysql_conn' for task execution.
[2025-09-06T01:50:09.592+0000] {base.py:73} INFO - Using connection ID 'mysql_conn' for task execution.
[2025-09-06T01:50:09.616+0000] {sql.py:375} INFO - Running statement: 
DROP TABLE IF EXISTS penguins_raw;
, parameters: None
[2025-09-06T01:50:09.632+0000] {sql.py:384} INFO - Rows affected: 0
[2025-09-06T01:50:09.655+0000] {taskinstance.py:1373} INFO - Marking task as SUCCESS. dag_id=mysql_insert_select, task_id=delete_table, execution_date=20250906T015006, start_date=20250906T015009, end_date=20250906T015009
[2025-09-06T01:50:09.710+0000] {local_task_job_runner.py:232} INFO - Task exited with return code 0
[2025-09-06T01:50:09.750+0000] {taskinstance.py:2674} INFO - 0 downstream tasks scheduled from follow-on schedule check
