[2025-09-07T14:30:34.435+0000] {taskinstance.py:1125} INFO - Dependencies all met for dep_context=non-requeueable deps ti=<TaskInstance: orquestador.delete_table manual__2025-09-07T14:30:31+00:00 [queued]>
[2025-09-07T14:30:34.444+0000] {taskinstance.py:1125} INFO - Dependencies all met for dep_context=requeueable deps ti=<TaskInstance: orquestador.delete_table manual__2025-09-07T14:30:31+00:00 [queued]>
[2025-09-07T14:30:34.444+0000] {taskinstance.py:1331} INFO - Starting attempt 1 of 1
[2025-09-07T14:30:34.461+0000] {taskinstance.py:1350} INFO - Executing <Task(MySqlOperator): delete_table> on 2025-09-07 14:30:31+00:00
[2025-09-07T14:30:34.475+0000] {standard_task_runner.py:57} INFO - Started process 139 to run task
[2025-09-07T14:30:34.482+0000] {standard_task_runner.py:84} INFO - Running: ['***', 'tasks', 'run', 'orquestador', 'delete_table', 'manual__2025-09-07T14:30:31+00:00', '--job-id', '23', '--raw', '--subdir', 'DAGS_FOLDER/orquestador.py', '--cfg-path', '/tmp/tmpeev93ep7']
[2025-09-07T14:30:34.489+0000] {standard_task_runner.py:85} INFO - Job 23: Subtask delete_table
[2025-09-07T14:30:34.549+0000] {task_command.py:410} INFO - Running <TaskInstance: orquestador.delete_table manual__2025-09-07T14:30:31+00:00 [running]> on host b7ae5b05c2d0
[2025-09-07T14:30:34.653+0000] {taskinstance.py:1570} INFO - Exporting env vars: AIRFLOW_CTX_DAG_OWNER='***' AIRFLOW_CTX_DAG_ID='orquestador' AIRFLOW_CTX_TASK_ID='delete_table' AIRFLOW_CTX_EXECUTION_DATE='2025-09-07T14:30:31+00:00' AIRFLOW_CTX_TRY_NUMBER='1' AIRFLOW_CTX_DAG_RUN_ID='manual__2025-09-07T14:30:31+00:00'
[2025-09-07T14:30:34.653+0000] {sql.py:262} INFO - Executing: 
DROP TABLE IF EXISTS penguins_raw;

[2025-09-07T14:30:34.654+0000] {crypto.py:83} WARNING - empty cryptography key - values will not be stored encrypted.
[2025-09-07T14:30:34.655+0000] {base.py:73} INFO - Using connection ID 'mysql_conn' for task execution.
[2025-09-07T14:30:34.757+0000] {base.py:73} INFO - Using connection ID 'mysql_conn' for task execution.
[2025-09-07T14:30:34.784+0000] {sql.py:375} INFO - Running statement: 
DROP TABLE IF EXISTS penguins_raw;
, parameters: None
[2025-09-07T14:30:34.806+0000] {sql.py:384} INFO - Rows affected: 0
[2025-09-07T14:30:34.816+0000] {taskinstance.py:1373} INFO - Marking task as SUCCESS. dag_id=orquestador, task_id=delete_table, execution_date=20250907T143031, start_date=20250907T143034, end_date=20250907T143034
[2025-09-07T14:30:34.851+0000] {local_task_job_runner.py:232} INFO - Task exited with return code 0
[2025-09-07T14:30:34.890+0000] {taskinstance.py:2674} INFO - 1 downstream tasks scheduled from follow-on schedule check
