[2025-09-06T01:46:17.296+0000] {taskinstance.py:1125} INFO - Dependencies all met for dep_context=non-requeueable deps ti=<TaskInstance: mysql_insert_select.delete_table manual__2025-09-06T01:46:15.107675+00:00 [queued]>
[2025-09-06T01:46:17.318+0000] {taskinstance.py:1125} INFO - Dependencies all met for dep_context=requeueable deps ti=<TaskInstance: mysql_insert_select.delete_table manual__2025-09-06T01:46:15.107675+00:00 [queued]>
[2025-09-06T01:46:17.318+0000] {taskinstance.py:1331} INFO - Starting attempt 1 of 1
[2025-09-06T01:46:17.343+0000] {taskinstance.py:1350} INFO - Executing <Task(MySqlOperator): delete_table> on 2025-09-06 01:46:15.107675+00:00
[2025-09-06T01:46:17.360+0000] {standard_task_runner.py:57} INFO - Started process 5408 to run task
[2025-09-06T01:46:17.376+0000] {standard_task_runner.py:84} INFO - Running: ['***', 'tasks', 'run', 'mysql_insert_select', 'delete_table', 'manual__2025-09-06T01:46:15.107675+00:00', '--job-id', '96', '--raw', '--subdir', 'DAGS_FOLDER/crea_tablas.py', '--cfg-path', '/tmp/tmpeq1ysvpf']
[2025-09-06T01:46:17.379+0000] {standard_task_runner.py:85} INFO - Job 96: Subtask delete_table
[2025-09-06T01:46:17.479+0000] {task_command.py:410} INFO - Running <TaskInstance: mysql_insert_select.delete_table manual__2025-09-06T01:46:15.107675+00:00 [running]> on host 72c5ffe25b48
[2025-09-06T01:46:17.648+0000] {taskinstance.py:1570} INFO - Exporting env vars: AIRFLOW_CTX_DAG_OWNER='***' AIRFLOW_CTX_DAG_ID='mysql_insert_select' AIRFLOW_CTX_TASK_ID='delete_table' AIRFLOW_CTX_EXECUTION_DATE='2025-09-06T01:46:15.107675+00:00' AIRFLOW_CTX_TRY_NUMBER='1' AIRFLOW_CTX_DAG_RUN_ID='manual__2025-09-06T01:46:15.107675+00:00'
[2025-09-06T01:46:17.648+0000] {sql.py:262} INFO - Executing: 
DROP TABLE IF EXISTS penguins_raw;

[2025-09-06T01:46:17.674+0000] {base.py:73} INFO - Using connection ID 'mysql_conn' for task execution.
[2025-09-06T01:46:17.799+0000] {base.py:73} INFO - Using connection ID 'mysql_conn' for task execution.
[2025-09-06T01:46:17.819+0000] {sql.py:375} INFO - Running statement: 
DROP TABLE IF EXISTS penguins_raw;
, parameters: None
[2025-09-06T01:46:17.855+0000] {sql.py:384} INFO - Rows affected: 0
[2025-09-06T01:46:17.872+0000] {taskinstance.py:1373} INFO - Marking task as SUCCESS. dag_id=mysql_insert_select, task_id=delete_table, execution_date=20250906T014615, start_date=20250906T014617, end_date=20250906T014617
[2025-09-06T01:46:17.918+0000] {local_task_job_runner.py:232} INFO - Task exited with return code 0
[2025-09-06T01:46:17.966+0000] {taskinstance.py:2674} INFO - 1 downstream tasks scheduled from follow-on schedule check
