[2025-09-06T05:56:26.045+0000] {taskinstance.py:1125} INFO - Dependencies all met for dep_context=non-requeueable deps ti=<TaskInstance: mysql_insert_select.train_model manual__2025-09-06T05:56:09.962676+00:00 [queued]>
[2025-09-06T05:56:26.059+0000] {taskinstance.py:1125} INFO - Dependencies all met for dep_context=requeueable deps ti=<TaskInstance: mysql_insert_select.train_model manual__2025-09-06T05:56:09.962676+00:00 [queued]>
[2025-09-06T05:56:26.059+0000] {taskinstance.py:1331} INFO - Starting attempt 1 of 1
[2025-09-06T05:56:26.076+0000] {taskinstance.py:1350} INFO - Executing <Task(PythonOperator): train_model> on 2025-09-06 05:56:09.962676+00:00
[2025-09-06T05:56:26.088+0000] {standard_task_runner.py:57} INFO - Started process 341 to run task
[2025-09-06T05:56:26.095+0000] {standard_task_runner.py:84} INFO - Running: ['***', 'tasks', 'run', 'mysql_insert_select', 'train_model', 'manual__2025-09-06T05:56:09.962676+00:00', '--job-id', '337', '--raw', '--subdir', 'DAGS_FOLDER/mysql_insert_select.py', '--cfg-path', '/tmp/tmpbzq0qt8v']
[2025-09-06T05:56:26.104+0000] {standard_task_runner.py:85} INFO - Job 337: Subtask train_model
[2025-09-06T05:56:26.188+0000] {task_command.py:410} INFO - Running <TaskInstance: mysql_insert_select.train_model manual__2025-09-06T05:56:09.962676+00:00 [running]> on host 498c9c87b7f1
[2025-09-06T05:56:26.336+0000] {taskinstance.py:1570} INFO - Exporting env vars: AIRFLOW_CTX_DAG_OWNER='***' AIRFLOW_CTX_DAG_ID='mysql_insert_select' AIRFLOW_CTX_TASK_ID='train_model' AIRFLOW_CTX_EXECUTION_DATE='2025-09-06T05:56:09.962676+00:00' AIRFLOW_CTX_TRY_NUMBER='1' AIRFLOW_CTX_DAG_RUN_ID='manual__2025-09-06T05:56:09.962676+00:00'
[2025-09-06T05:56:26.350+0000] {base.py:73} INFO - Using connection ID 'mysql_conn' for task execution.
[2025-09-06T05:56:26.417+0000] {warnings.py:110} WARNING - /home/***/.local/lib/python3.7/site-packages/sklearn/linear_model/_logistic.py:818: ConvergenceWarning: lbfgs failed to converge (status=1):
STOP: TOTAL NO. of ITERATIONS REACHED LIMIT.

Increase the number of iterations (max_iter) or scale the data as shown in:
    https://scikit-learn.org/stable/modules/preprocessing.html
Please also refer to the documentation for alternative solver options:
    https://scikit-learn.org/stable/modules/linear_model.html#logistic-regression
  extra_warning_msg=_LOGISTIC_SOLVER_CONVERGENCE_MSG,

[2025-09-06T05:56:26.421+0000] {python.py:183} INFO - Done. Returned value was: None
[2025-09-06T05:56:26.442+0000] {taskinstance.py:1373} INFO - Marking task as SUCCESS. dag_id=mysql_insert_select, task_id=train_model, execution_date=20250906T055609, start_date=20250906T055626, end_date=20250906T055626
[2025-09-06T05:56:26.507+0000] {local_task_job_runner.py:232} INFO - Task exited with return code 0
[2025-09-06T05:56:26.554+0000] {taskinstance.py:2674} INFO - 1 downstream tasks scheduled from follow-on schedule check
