[2025-09-06T06:59:32.752+0000] {taskinstance.py:1125} INFO - Dependencies all met for dep_context=non-requeueable deps ti=<TaskInstance: orquestador.read_data manual__2025-09-06T06:59:15.842009+00:00 [queued]>
[2025-09-06T06:59:32.773+0000] {taskinstance.py:1125} INFO - Dependencies all met for dep_context=requeueable deps ti=<TaskInstance: orquestador.read_data manual__2025-09-06T06:59:15.842009+00:00 [queued]>
[2025-09-06T06:59:32.774+0000] {taskinstance.py:1331} INFO - Starting attempt 1 of 1
[2025-09-06T06:59:32.797+0000] {taskinstance.py:1350} INFO - Executing <Task(PythonOperator): read_data> on 2025-09-06 06:59:15.842009+00:00
[2025-09-06T06:59:32.811+0000] {standard_task_runner.py:57} INFO - Started process 151 to run task
[2025-09-06T06:59:32.817+0000] {standard_task_runner.py:84} INFO - Running: ['***', 'tasks', 'run', 'orquestador', 'read_data', 'manual__2025-09-06T06:59:15.842009+00:00', '--job-id', '445', '--raw', '--subdir', 'DAGS_FOLDER/orquestador.py', '--cfg-path', '/tmp/tmp8bq0b0l4']
[2025-09-06T06:59:32.821+0000] {standard_task_runner.py:85} INFO - Job 445: Subtask read_data
[2025-09-06T06:59:32.896+0000] {task_command.py:410} INFO - Running <TaskInstance: orquestador.read_data manual__2025-09-06T06:59:15.842009+00:00 [running]> on host 32a81c69218b
[2025-09-06T06:59:33.007+0000] {taskinstance.py:1570} INFO - Exporting env vars: AIRFLOW_CTX_DAG_OWNER='***' AIRFLOW_CTX_DAG_ID='orquestador' AIRFLOW_CTX_TASK_ID='read_data' AIRFLOW_CTX_EXECUTION_DATE='2025-09-06T06:59:15.842009+00:00' AIRFLOW_CTX_TRY_NUMBER='1' AIRFLOW_CTX_DAG_RUN_ID='manual__2025-09-06T06:59:15.842009+00:00'
[2025-09-06T06:59:33.024+0000] {base.py:73} INFO - Using connection ID 'mysql_conn' for task execution.
[2025-09-06T06:59:33.089+0000] {logging_mixin.py:149} INFO -    species  bill_length_mm  ...  sex_female  sex_male
0        1            39.1  ...           0         1
1        1            39.5  ...           1         0
2        1            40.3  ...           1         0
4        1            36.7  ...           1         0
5        1            39.3  ...           0         1

[5 rows x 11 columns]
[2025-09-06T06:59:33.090+0000] {logging_mixin.py:149} INFO -  Datos limpios listos para insertar en penguins_clean
[2025-09-06T06:59:33.090+0000] {logging_mixin.py:149} INFO - Index(['species', 'bill_length_mm', 'bill_depth_mm', 'flipper_length_mm',
       'body_mass_g', 'year', 'island_Biscoe', 'island_Dream',
       'island_Torgersen', 'sex_female', 'sex_male'],
      dtype='object')
[2025-09-06T06:59:33.133+0000] {base.py:73} INFO - Using connection ID 'mysql_conn' for task execution.
[2025-09-06T06:59:33.184+0000] {logging_mixin.py:149} INFO -  Limpieza e inserción terminada en penguins_clean
[2025-09-06T06:59:33.185+0000] {python.py:183} INFO - Done. Returned value was: None
[2025-09-06T06:59:33.198+0000] {taskinstance.py:1373} INFO - Marking task as SUCCESS. dag_id=orquestador, task_id=read_data, execution_date=20250906T065915, start_date=20250906T065932, end_date=20250906T065933
[2025-09-06T06:59:33.236+0000] {local_task_job_runner.py:232} INFO - Task exited with return code 0
[2025-09-06T06:59:33.281+0000] {taskinstance.py:2674} INFO - 1 downstream tasks scheduled from follow-on schedule check
