[2025-09-06T06:27:29.807+0000] {taskinstance.py:1125} INFO - Dependencies all met for dep_context=non-requeueable deps ti=<TaskInstance: mysql_insert_select.delete_table-clean manual__2025-09-06T06:27:27.277447+00:00 [queued]>
[2025-09-06T06:27:29.821+0000] {taskinstance.py:1125} INFO - Dependencies all met for dep_context=requeueable deps ti=<TaskInstance: mysql_insert_select.delete_table-clean manual__2025-09-06T06:27:27.277447+00:00 [queued]>
[2025-09-06T06:27:29.822+0000] {taskinstance.py:1331} INFO - Starting attempt 1 of 1
[2025-09-06T06:27:29.847+0000] {taskinstance.py:1350} INFO - Executing <Task(MySqlOperator): delete_table-clean> on 2025-09-06 06:27:27.277447+00:00
[2025-09-06T06:27:29.859+0000] {standard_task_runner.py:57} INFO - Started process 988 to run task
[2025-09-06T06:27:29.869+0000] {standard_task_runner.py:84} INFO - Running: ['***', 'tasks', 'run', 'mysql_insert_select', 'delete_table-clean', 'manual__2025-09-06T06:27:27.277447+00:00', '--job-id', '370', '--raw', '--subdir', 'DAGS_FOLDER/mysql_insert_select.py', '--cfg-path', '/tmp/tmpn8szm_3w']
[2025-09-06T06:27:29.873+0000] {standard_task_runner.py:85} INFO - Job 370: Subtask delete_table-clean
[2025-09-06T06:27:29.974+0000] {task_command.py:410} INFO - Running <TaskInstance: mysql_insert_select.delete_table-clean manual__2025-09-06T06:27:27.277447+00:00 [running]> on host 498c9c87b7f1
[2025-09-06T06:27:30.123+0000] {taskinstance.py:1570} INFO - Exporting env vars: AIRFLOW_CTX_DAG_OWNER='***' AIRFLOW_CTX_DAG_ID='mysql_insert_select' AIRFLOW_CTX_TASK_ID='delete_table-clean' AIRFLOW_CTX_EXECUTION_DATE='2025-09-06T06:27:27.277447+00:00' AIRFLOW_CTX_TRY_NUMBER='1' AIRFLOW_CTX_DAG_RUN_ID='manual__2025-09-06T06:27:27.277447+00:00'
[2025-09-06T06:27:30.126+0000] {sql.py:262} INFO - Executing: 
DROP TABLE IF EXISTS penguins_clean;            
 
[2025-09-06T06:27:30.147+0000] {base.py:73} INFO - Using connection ID 'mysql_conn' for task execution.
[2025-09-06T06:27:30.252+0000] {base.py:73} INFO - Using connection ID 'mysql_conn' for task execution.
[2025-09-06T06:27:30.274+0000] {sql.py:375} INFO - Running statement: 
DROP TABLE IF EXISTS penguins_clean;            
 , parameters: None
[2025-09-06T06:27:30.290+0000] {sql.py:384} INFO - Rows affected: 0
[2025-09-06T06:27:30.316+0000] {taskinstance.py:1373} INFO - Marking task as SUCCESS. dag_id=mysql_insert_select, task_id=delete_table-clean, execution_date=20250906T062727, start_date=20250906T062729, end_date=20250906T062730
[2025-09-06T06:27:30.363+0000] {local_task_job_runner.py:232} INFO - Task exited with return code 0
[2025-09-06T06:27:30.456+0000] {taskinstance.py:2674} INFO - 0 downstream tasks scheduled from follow-on schedule check
