[2025-09-06T06:49:05.131+0000] {taskinstance.py:1125} INFO - Dependencies all met for dep_context=non-requeueable deps ti=<TaskInstance: mysql_insert_select.delete_table-clean manual__2025-09-06T06:49:03.103871+00:00 [queued]>
[2025-09-06T06:49:05.148+0000] {taskinstance.py:1125} INFO - Dependencies all met for dep_context=requeueable deps ti=<TaskInstance: mysql_insert_select.delete_table-clean manual__2025-09-06T06:49:03.103871+00:00 [queued]>
[2025-09-06T06:49:05.148+0000] {taskinstance.py:1331} INFO - Starting attempt 1 of 1
[2025-09-06T06:49:05.170+0000] {taskinstance.py:1350} INFO - Executing <Task(MySqlOperator): delete_table-clean> on 2025-09-06 06:49:03.103871+00:00
[2025-09-06T06:49:05.186+0000] {standard_task_runner.py:57} INFO - Started process 246 to run task
[2025-09-06T06:49:05.196+0000] {standard_task_runner.py:84} INFO - Running: ['***', 'tasks', 'run', 'mysql_insert_select', 'delete_table-clean', 'manual__2025-09-06T06:49:03.103871+00:00', '--job-id', '425', '--raw', '--subdir', 'DAGS_FOLDER/mysql_insert_select.py', '--cfg-path', '/tmp/tmpn0b9i4gp']
[2025-09-06T06:49:05.200+0000] {standard_task_runner.py:85} INFO - Job 425: Subtask delete_table-clean
[2025-09-06T06:49:05.281+0000] {task_command.py:410} INFO - Running <TaskInstance: mysql_insert_select.delete_table-clean manual__2025-09-06T06:49:03.103871+00:00 [running]> on host b4d48ea8f1b7
[2025-09-06T06:49:05.428+0000] {taskinstance.py:1570} INFO - Exporting env vars: AIRFLOW_CTX_DAG_OWNER='***' AIRFLOW_CTX_DAG_ID='mysql_insert_select' AIRFLOW_CTX_TASK_ID='delete_table-clean' AIRFLOW_CTX_EXECUTION_DATE='2025-09-06T06:49:03.103871+00:00' AIRFLOW_CTX_TRY_NUMBER='1' AIRFLOW_CTX_DAG_RUN_ID='manual__2025-09-06T06:49:03.103871+00:00'
[2025-09-06T06:49:05.429+0000] {sql.py:262} INFO - Executing: 
DROP TABLE IF EXISTS penguins_clean;            
 
[2025-09-06T06:49:05.452+0000] {base.py:73} INFO - Using connection ID 'mysql_conn' for task execution.
[2025-09-06T06:49:05.559+0000] {base.py:73} INFO - Using connection ID 'mysql_conn' for task execution.
[2025-09-06T06:49:05.588+0000] {sql.py:375} INFO - Running statement: 
DROP TABLE IF EXISTS penguins_clean;            
 , parameters: None
[2025-09-06T06:49:05.610+0000] {sql.py:384} INFO - Rows affected: 0
[2025-09-06T06:49:05.646+0000] {taskinstance.py:1373} INFO - Marking task as SUCCESS. dag_id=mysql_insert_select, task_id=delete_table-clean, execution_date=20250906T064903, start_date=20250906T064905, end_date=20250906T064905
[2025-09-06T06:49:05.690+0000] {local_task_job_runner.py:232} INFO - Task exited with return code 0
[2025-09-06T06:49:05.741+0000] {taskinstance.py:2674} INFO - 1 downstream tasks scheduled from follow-on schedule check
