[2025-09-06T07:04:55.411+0000] {taskinstance.py:1125} INFO - Dependencies all met for dep_context=non-requeueable deps ti=<TaskInstance: orquestador.create_table_raw manual__2025-09-06T07:04:51.110548+00:00 [queued]>
[2025-09-06T07:04:55.423+0000] {taskinstance.py:1125} INFO - Dependencies all met for dep_context=requeueable deps ti=<TaskInstance: orquestador.create_table_raw manual__2025-09-06T07:04:51.110548+00:00 [queued]>
[2025-09-06T07:04:55.424+0000] {taskinstance.py:1331} INFO - Starting attempt 1 of 1
[2025-09-06T07:04:55.448+0000] {taskinstance.py:1350} INFO - Executing <Task(MySqlOperator): create_table_raw> on 2025-09-06 07:04:51.110548+00:00
[2025-09-06T07:04:55.464+0000] {standard_task_runner.py:57} INFO - Started process 260 to run task
[2025-09-06T07:04:55.470+0000] {standard_task_runner.py:84} INFO - Running: ['***', 'tasks', 'run', 'orquestador', 'create_table_raw', 'manual__2025-09-06T07:04:51.110548+00:00', '--job-id', '451', '--raw', '--subdir', 'DAGS_FOLDER/orquestador.py', '--cfg-path', '/tmp/tmpiw5wsp02']
[2025-09-06T07:04:55.473+0000] {standard_task_runner.py:85} INFO - Job 451: Subtask create_table_raw
[2025-09-06T07:04:55.541+0000] {task_command.py:410} INFO - Running <TaskInstance: orquestador.create_table_raw manual__2025-09-06T07:04:51.110548+00:00 [running]> on host 32a81c69218b
[2025-09-06T07:04:55.670+0000] {taskinstance.py:1570} INFO - Exporting env vars: AIRFLOW_CTX_DAG_OWNER='***' AIRFLOW_CTX_DAG_ID='orquestador' AIRFLOW_CTX_TASK_ID='create_table_raw' AIRFLOW_CTX_EXECUTION_DATE='2025-09-06T07:04:51.110548+00:00' AIRFLOW_CTX_TRY_NUMBER='1' AIRFLOW_CTX_DAG_RUN_ID='manual__2025-09-06T07:04:51.110548+00:00'
[2025-09-06T07:04:55.671+0000] {sql.py:262} INFO - Executing:  CREATE TABLE penguins_raw (
            species VARCHAR(50) NULL,
            island VARCHAR(50) NULL,
            bill_length_mm DOUBLE NULL,
            bill_depth_mm DOUBLE NULL,
            flipper_length_mm DOUBLE NULL,
            body_mass_g DOUBLE NULL,
            sex VARCHAR(10) NULL,
            year INT NULL
        )
        
[2025-09-06T07:04:55.685+0000] {base.py:73} INFO - Using connection ID 'mysql_conn' for task execution.
[2025-09-06T07:04:55.764+0000] {base.py:73} INFO - Using connection ID 'mysql_conn' for task execution.
[2025-09-06T07:04:55.783+0000] {sql.py:375} INFO - Running statement:  CREATE TABLE penguins_raw (
            species VARCHAR(50) NULL,
            island VARCHAR(50) NULL,
            bill_length_mm DOUBLE NULL,
            bill_depth_mm DOUBLE NULL,
            flipper_length_mm DOUBLE NULL,
            body_mass_g DOUBLE NULL,
            sex VARCHAR(10) NULL,
            year INT NULL
        )
        , parameters: None
[2025-09-06T07:04:55.811+0000] {sql.py:384} INFO - Rows affected: 0
[2025-09-06T07:04:55.834+0000] {taskinstance.py:1373} INFO - Marking task as SUCCESS. dag_id=orquestador, task_id=create_table_raw, execution_date=20250906T070451, start_date=20250906T070455, end_date=20250906T070455
[2025-09-06T07:04:55.884+0000] {local_task_job_runner.py:232} INFO - Task exited with return code 0
[2025-09-06T07:04:55.938+0000] {taskinstance.py:2674} INFO - 1 downstream tasks scheduled from follow-on schedule check
