[2025-09-06T02:56:40.635+0000] {taskinstance.py:1125} INFO - Dependencies all met for dep_context=non-requeueable deps ti=<TaskInstance: mysql_insert_select.train_model manual__2025-09-06T02:56:25.682947+00:00 [queued]>
[2025-09-06T02:56:40.653+0000] {taskinstance.py:1125} INFO - Dependencies all met for dep_context=requeueable deps ti=<TaskInstance: mysql_insert_select.train_model manual__2025-09-06T02:56:25.682947+00:00 [queued]>
[2025-09-06T02:56:40.654+0000] {taskinstance.py:1331} INFO - Starting attempt 1 of 1
[2025-09-06T02:56:40.675+0000] {taskinstance.py:1350} INFO - Executing <Task(PythonOperator): train_model> on 2025-09-06 02:56:25.682947+00:00
[2025-09-06T02:56:40.688+0000] {standard_task_runner.py:57} INFO - Started process 1022 to run task
[2025-09-06T02:56:40.695+0000] {standard_task_runner.py:84} INFO - Running: ['***', 'tasks', 'run', 'mysql_insert_select', 'train_model', 'manual__2025-09-06T02:56:25.682947+00:00', '--job-id', '150', '--raw', '--subdir', 'DAGS_FOLDER/crea_tablas.py', '--cfg-path', '/tmp/tmp146b_ohn']
[2025-09-06T02:56:40.699+0000] {standard_task_runner.py:85} INFO - Job 150: Subtask train_model
[2025-09-06T02:56:40.779+0000] {task_command.py:410} INFO - Running <TaskInstance: mysql_insert_select.train_model manual__2025-09-06T02:56:25.682947+00:00 [running]> on host ded74915b8e2
[2025-09-06T02:56:40.922+0000] {taskinstance.py:1570} INFO - Exporting env vars: AIRFLOW_CTX_DAG_OWNER='***' AIRFLOW_CTX_DAG_ID='mysql_insert_select' AIRFLOW_CTX_TASK_ID='train_model' AIRFLOW_CTX_EXECUTION_DATE='2025-09-06T02:56:25.682947+00:00' AIRFLOW_CTX_TRY_NUMBER='1' AIRFLOW_CTX_DAG_RUN_ID='manual__2025-09-06T02:56:25.682947+00:00'
[2025-09-06T02:56:40.938+0000] {base.py:73} INFO - Using connection ID 'mysql_conn' for task execution.
[2025-09-06T02:56:41.105+0000] {logging_mixin.py:149} INFO - Accuracy: 1.00
[2025-09-06T02:56:41.106+0000] {logging_mixin.py:149} INFO - Classification Report:
[2025-09-06T02:56:41.110+0000] {logging_mixin.py:149} INFO -               precision    recall  f1-score   support

           1       1.00      1.00      1.00        29
           2       1.00      1.00      1.00        14
           3       1.00      1.00      1.00        24

    accuracy                           1.00        67
   macro avg       1.00      1.00      1.00        67
weighted avg       1.00      1.00      1.00        67
[2025-09-06T02:56:41.164+0000] {logging_mixin.py:149} INFO - Model saved as /opt/***/models/RandomForestclassifier.pkl
[2025-09-06T02:56:41.164+0000] {python.py:183} INFO - Done. Returned value was: None
[2025-09-06T02:56:41.182+0000] {taskinstance.py:1373} INFO - Marking task as SUCCESS. dag_id=mysql_insert_select, task_id=train_model, execution_date=20250906T025625, start_date=20250906T025640, end_date=20250906T025641
[2025-09-06T02:56:41.226+0000] {local_task_job_runner.py:232} INFO - Task exited with return code 0
[2025-09-06T02:56:41.281+0000] {taskinstance.py:2674} INFO - 1 downstream tasks scheduled from follow-on schedule check
