[2025-09-06T06:35:29.897+0000] {taskinstance.py:1125} INFO - Dependencies all met for dep_context=non-requeueable deps ti=<TaskInstance: mysql_insert_select.delete_table manual__2025-09-06T06:35:26.924843+00:00 [queued]>
[2025-09-06T06:35:29.914+0000] {taskinstance.py:1125} INFO - Dependencies all met for dep_context=requeueable deps ti=<TaskInstance: mysql_insert_select.delete_table manual__2025-09-06T06:35:26.924843+00:00 [queued]>
[2025-09-06T06:35:29.915+0000] {taskinstance.py:1331} INFO - Starting attempt 1 of 1
[2025-09-06T06:35:29.942+0000] {taskinstance.py:1350} INFO - Executing <Task(MySqlOperator): delete_table> on 2025-09-06 06:35:26.924843+00:00
[2025-09-06T06:35:29.955+0000] {standard_task_runner.py:57} INFO - Started process 226 to run task
[2025-09-06T06:35:29.964+0000] {standard_task_runner.py:84} INFO - Running: ['***', 'tasks', 'run', 'mysql_insert_select', 'delete_table', 'manual__2025-09-06T06:35:26.924843+00:00', '--job-id', '397', '--raw', '--subdir', 'DAGS_FOLDER/mysql_insert_select.py', '--cfg-path', '/tmp/tmp7jm0kbqk']
[2025-09-06T06:35:29.974+0000] {standard_task_runner.py:85} INFO - Job 397: Subtask delete_table
[2025-09-06T06:35:30.077+0000] {task_command.py:410} INFO - Running <TaskInstance: mysql_insert_select.delete_table manual__2025-09-06T06:35:26.924843+00:00 [running]> on host aa138fcfe7d7
[2025-09-06T06:35:30.253+0000] {taskinstance.py:1570} INFO - Exporting env vars: AIRFLOW_CTX_DAG_OWNER='***' AIRFLOW_CTX_DAG_ID='mysql_insert_select' AIRFLOW_CTX_TASK_ID='delete_table' AIRFLOW_CTX_EXECUTION_DATE='2025-09-06T06:35:26.924843+00:00' AIRFLOW_CTX_TRY_NUMBER='1' AIRFLOW_CTX_DAG_RUN_ID='manual__2025-09-06T06:35:26.924843+00:00'
[2025-09-06T06:35:30.254+0000] {sql.py:262} INFO - Executing: 
DROP TABLE IF EXISTS penguins_raw;

[2025-09-06T06:35:30.278+0000] {base.py:73} INFO - Using connection ID 'mysql_conn' for task execution.
[2025-09-06T06:35:30.381+0000] {base.py:73} INFO - Using connection ID 'mysql_conn' for task execution.
[2025-09-06T06:35:30.404+0000] {sql.py:375} INFO - Running statement: 
DROP TABLE IF EXISTS penguins_raw;
, parameters: None
[2025-09-06T06:35:30.433+0000] {sql.py:384} INFO - Rows affected: 0
[2025-09-06T06:35:30.450+0000] {taskinstance.py:1373} INFO - Marking task as SUCCESS. dag_id=mysql_insert_select, task_id=delete_table, execution_date=20250906T063526, start_date=20250906T063529, end_date=20250906T063530
[2025-09-06T06:35:30.511+0000] {local_task_job_runner.py:232} INFO - Task exited with return code 0
[2025-09-06T06:35:30.602+0000] {taskinstance.py:2674} INFO - 0 downstream tasks scheduled from follow-on schedule check
