[2025-09-06T00:19:41.457+0000] {taskinstance.py:1125} INFO - Dependencies all met for dep_context=non-requeueable deps ti=<TaskInstance: mysql_insert_select.create_table manual__2025-09-06T00:19:36.950704+00:00 [queued]>
[2025-09-06T00:19:41.469+0000] {taskinstance.py:1125} INFO - Dependencies all met for dep_context=requeueable deps ti=<TaskInstance: mysql_insert_select.create_table manual__2025-09-06T00:19:36.950704+00:00 [queued]>
[2025-09-06T00:19:41.469+0000] {taskinstance.py:1331} INFO - Starting attempt 1 of 1
[2025-09-06T00:19:41.491+0000] {taskinstance.py:1350} INFO - Executing <Task(MySqlOperator): create_table> on 2025-09-06 00:19:36.950704+00:00
[2025-09-06T00:19:41.503+0000] {standard_task_runner.py:57} INFO - Started process 3756 to run task
[2025-09-06T00:19:41.509+0000] {standard_task_runner.py:84} INFO - Running: ['***', 'tasks', 'run', 'mysql_insert_select', 'create_table', 'manual__2025-09-06T00:19:36.950704+00:00', '--job-id', '35', '--raw', '--subdir', 'DAGS_FOLDER/crea_tablas.py', '--cfg-path', '/tmp/tmpm9f_nj7b']
[2025-09-06T00:19:41.513+0000] {standard_task_runner.py:85} INFO - Job 35: Subtask create_table
[2025-09-06T00:19:41.592+0000] {task_command.py:410} INFO - Running <TaskInstance: mysql_insert_select.create_table manual__2025-09-06T00:19:36.950704+00:00 [running]> on host 72c5ffe25b48
[2025-09-06T00:19:41.740+0000] {taskinstance.py:1570} INFO - Exporting env vars: AIRFLOW_CTX_DAG_OWNER='***' AIRFLOW_CTX_DAG_ID='mysql_insert_select' AIRFLOW_CTX_TASK_ID='create_table' AIRFLOW_CTX_EXECUTION_DATE='2025-09-06T00:19:36.950704+00:00' AIRFLOW_CTX_TRY_NUMBER='1' AIRFLOW_CTX_DAG_RUN_ID='manual__2025-09-06T00:19:36.950704+00:00'
[2025-09-06T00:19:41.741+0000] {sql.py:262} INFO - Executing:  CREATE TABLE penguins_raw (
            species VARCHAR(50) NULL,
            island VARCHAR(50) NULL,
            bill_length_mm DOUBLE NULL,
            bill_depth_mm DOUBLE NULL,
            flipper_length_mm DOUBLE NULL,
            body_mass_g DOUBLE NULL,
            sex VARCHAR(10) NULL,
            year INT NULL
        )
        
[2025-09-06T00:19:41.756+0000] {base.py:73} INFO - Using connection ID 'mysql_conn' for task execution.
[2025-09-06T00:19:41.848+0000] {base.py:73} INFO - Using connection ID 'mysql_conn' for task execution.
[2025-09-06T00:19:41.868+0000] {sql.py:375} INFO - Running statement:  CREATE TABLE penguins_raw (
            species VARCHAR(50) NULL,
            island VARCHAR(50) NULL,
            bill_length_mm DOUBLE NULL,
            bill_depth_mm DOUBLE NULL,
            flipper_length_mm DOUBLE NULL,
            body_mass_g DOUBLE NULL,
            sex VARCHAR(10) NULL,
            year INT NULL
        )
        , parameters: None
[2025-09-06T00:19:41.889+0000] {sql.py:384} INFO - Rows affected: 0
[2025-09-06T00:19:41.922+0000] {taskinstance.py:1373} INFO - Marking task as SUCCESS. dag_id=mysql_insert_select, task_id=create_table, execution_date=20250906T001936, start_date=20250906T001941, end_date=20250906T001941
[2025-09-06T00:19:41.964+0000] {local_task_job_runner.py:232} INFO - Task exited with return code 0
[2025-09-06T00:19:42.008+0000] {taskinstance.py:2674} INFO - 1 downstream tasks scheduled from follow-on schedule check
