[2025-09-06T05:33:55.073+0000] {taskinstance.py:1125} INFO - Dependencies all met for dep_context=non-requeueable deps ti=<TaskInstance: mysql_insert_select.read_data manual__2025-09-06T05:33:42.931526+00:00 [queued]>
[2025-09-06T05:33:55.086+0000] {taskinstance.py:1125} INFO - Dependencies all met for dep_context=requeueable deps ti=<TaskInstance: mysql_insert_select.read_data manual__2025-09-06T05:33:42.931526+00:00 [queued]>
[2025-09-06T05:33:55.087+0000] {taskinstance.py:1331} INFO - Starting attempt 1 of 1
[2025-09-06T05:33:55.109+0000] {taskinstance.py:1350} INFO - Executing <Task(PythonOperator): read_data> on 2025-09-06 05:33:42.931526+00:00
[2025-09-06T05:33:55.127+0000] {standard_task_runner.py:57} INFO - Started process 1800 to run task
[2025-09-06T05:33:55.138+0000] {standard_task_runner.py:84} INFO - Running: ['***', 'tasks', 'run', 'mysql_insert_select', 'read_data', 'manual__2025-09-06T05:33:42.931526+00:00', '--job-id', '310', '--raw', '--subdir', 'DAGS_FOLDER/mysql_insert_select.py', '--cfg-path', '/tmp/tmpooh36_vs']
[2025-09-06T05:33:55.143+0000] {standard_task_runner.py:85} INFO - Job 310: Subtask read_data
[2025-09-06T05:33:55.219+0000] {task_command.py:410} INFO - Running <TaskInstance: mysql_insert_select.read_data manual__2025-09-06T05:33:42.931526+00:00 [running]> on host 6faa580ba6cb
[2025-09-06T05:33:55.341+0000] {taskinstance.py:1570} INFO - Exporting env vars: AIRFLOW_CTX_DAG_OWNER='***' AIRFLOW_CTX_DAG_ID='mysql_insert_select' AIRFLOW_CTX_TASK_ID='read_data' AIRFLOW_CTX_EXECUTION_DATE='2025-09-06T05:33:42.931526+00:00' AIRFLOW_CTX_TRY_NUMBER='1' AIRFLOW_CTX_DAG_RUN_ID='manual__2025-09-06T05:33:42.931526+00:00'
[2025-09-06T05:33:55.360+0000] {base.py:73} INFO - Using connection ID 'mysql_conn' for task execution.
[2025-09-06T05:33:55.424+0000] {logging_mixin.py:149} INFO -    species  bill_length_mm  ...  sex_female  sex_male
0        1            39.1  ...           0         1
1        1            39.5  ...           1         0
2        1            40.3  ...           1         0
4        1            36.7  ...           1         0
5        1            39.3  ...           0         1

[5 rows x 11 columns]
[2025-09-06T05:33:55.424+0000] {logging_mixin.py:149} INFO -  Datos limpios listos para insertar en penguins_clean
[2025-09-06T05:33:55.425+0000] {logging_mixin.py:149} INFO - Index(['species', 'bill_length_mm', 'bill_depth_mm', 'flipper_length_mm',
       'body_mass_g', 'year', 'island_Biscoe', 'island_Dream',
       'island_Torgersen', 'sex_female', 'sex_male'],
      dtype='object')
[2025-09-06T05:33:55.469+0000] {base.py:73} INFO - Using connection ID 'mysql_conn' for task execution.
[2025-09-06T05:33:55.511+0000] {logging_mixin.py:149} INFO -  Limpieza e inserción terminada en penguins_clean
[2025-09-06T05:33:55.512+0000] {python.py:183} INFO - Done. Returned value was: None
[2025-09-06T05:33:55.543+0000] {taskinstance.py:1373} INFO - Marking task as SUCCESS. dag_id=mysql_insert_select, task_id=read_data, execution_date=20250906T053342, start_date=20250906T053355, end_date=20250906T053355
[2025-09-06T05:33:55.586+0000] {local_task_job_runner.py:232} INFO - Task exited with return code 0
[2025-09-06T05:33:55.646+0000] {taskinstance.py:2674} INFO - 1 downstream tasks scheduled from follow-on schedule check
