[2025-09-06T21:49:44.109+0000] {taskinstance.py:1125} INFO - Dependencies all met for dep_context=non-requeueable deps ti=<TaskInstance: orquestador.wait_for_model_file scheduled__2023-01-01T00:00:00+00:00 [queued]>
[2025-09-06T21:49:44.120+0000] {taskinstance.py:1125} INFO - Dependencies all met for dep_context=requeueable deps ti=<TaskInstance: orquestador.wait_for_model_file scheduled__2023-01-01T00:00:00+00:00 [queued]>
[2025-09-06T21:49:44.120+0000] {taskinstance.py:1331} INFO - Starting attempt 1 of 1
[2025-09-06T21:49:44.136+0000] {taskinstance.py:1350} INFO - Executing <Task(FileSensor): wait_for_model_file> on 2023-01-01 00:00:00+00:00
[2025-09-06T21:49:44.144+0000] {standard_task_runner.py:57} INFO - Started process 131 to run task
[2025-09-06T21:49:44.155+0000] {standard_task_runner.py:84} INFO - Running: ['***', 'tasks', 'run', 'orquestador', 'wait_for_model_file', 'scheduled__2023-01-01T00:00:00+00:00', '--job-id', '16', '--raw', '--subdir', 'DAGS_FOLDER/orquestador.py', '--cfg-path', '/tmp/tmphrlhp6yd']
[2025-09-06T21:49:44.159+0000] {standard_task_runner.py:85} INFO - Job 16: Subtask wait_for_model_file
[2025-09-06T21:49:44.238+0000] {task_command.py:410} INFO - Running <TaskInstance: orquestador.wait_for_model_file scheduled__2023-01-01T00:00:00+00:00 [running]> on host 82e428de455a
[2025-09-06T21:49:44.337+0000] {taskinstance.py:1570} INFO - Exporting env vars: AIRFLOW_CTX_DAG_OWNER='***' AIRFLOW_CTX_DAG_ID='orquestador' AIRFLOW_CTX_TASK_ID='wait_for_model_file' AIRFLOW_CTX_EXECUTION_DATE='2023-01-01T00:00:00+00:00' AIRFLOW_CTX_TRY_NUMBER='1' AIRFLOW_CTX_DAG_RUN_ID='scheduled__2023-01-01T00:00:00+00:00'
[2025-09-06T21:49:44.339+0000] {base.py:73} INFO - Using connection ID 'fs_default' for task execution.
[2025-09-06T21:49:44.339+0000] {filesystem.py:64} INFO - Poking for file /opt/***/models/RegresionLogistica.pkl
[2025-09-06T21:49:44.339+0000] {filesystem.py:69} INFO - Found File /opt/***/models/RegresionLogistica.pkl last modified: 20250906214942
[2025-09-06T21:49:44.339+0000] {base.py:255} INFO - Success criteria met. Exiting.
[2025-09-06T21:49:44.352+0000] {taskinstance.py:1373} INFO - Marking task as SUCCESS. dag_id=orquestador, task_id=wait_for_model_file, execution_date=20230101T000000, start_date=20250906T214944, end_date=20250906T214944
[2025-09-06T21:49:44.404+0000] {local_task_job_runner.py:232} INFO - Task exited with return code 0
[2025-09-06T21:49:44.434+0000] {taskinstance.py:2674} INFO - 0 downstream tasks scheduled from follow-on schedule check
[2025-09-06T22:04:26.170+0000] {taskinstance.py:1125} INFO - Dependencies all met for dep_context=non-requeueable deps ti=<TaskInstance: orquestador.wait_for_model_file scheduled__2023-01-01T00:00:00+00:00 [queued]>
[2025-09-06T22:04:26.182+0000] {taskinstance.py:1125} INFO - Dependencies all met for dep_context=requeueable deps ti=<TaskInstance: orquestador.wait_for_model_file scheduled__2023-01-01T00:00:00+00:00 [queued]>
[2025-09-06T22:04:26.182+0000] {taskinstance.py:1331} INFO - Starting attempt 1 of 1
[2025-09-06T22:04:26.200+0000] {taskinstance.py:1350} INFO - Executing <Task(FileSensor): wait_for_model_file> on 2023-01-01 00:00:00+00:00
[2025-09-06T22:04:26.208+0000] {standard_task_runner.py:57} INFO - Started process 122 to run task
[2025-09-06T22:04:26.216+0000] {standard_task_runner.py:84} INFO - Running: ['***', 'tasks', 'run', 'orquestador', 'wait_for_model_file', 'scheduled__2023-01-01T00:00:00+00:00', '--job-id', '10', '--raw', '--subdir', 'DAGS_FOLDER/orquestador.py', '--cfg-path', '/tmp/tmpecnm7oxk']
[2025-09-06T22:04:26.219+0000] {standard_task_runner.py:85} INFO - Job 10: Subtask wait_for_model_file
[2025-09-06T22:04:26.288+0000] {task_command.py:410} INFO - Running <TaskInstance: orquestador.wait_for_model_file scheduled__2023-01-01T00:00:00+00:00 [running]> on host b0f46732fbd8
[2025-09-06T22:04:26.380+0000] {taskinstance.py:1570} INFO - Exporting env vars: AIRFLOW_CTX_DAG_OWNER='***' AIRFLOW_CTX_DAG_ID='orquestador' AIRFLOW_CTX_TASK_ID='wait_for_model_file' AIRFLOW_CTX_EXECUTION_DATE='2023-01-01T00:00:00+00:00' AIRFLOW_CTX_TRY_NUMBER='1' AIRFLOW_CTX_DAG_RUN_ID='scheduled__2023-01-01T00:00:00+00:00'
[2025-09-06T22:04:26.382+0000] {base.py:73} INFO - Using connection ID 'fs_default' for task execution.
[2025-09-06T22:04:26.382+0000] {filesystem.py:64} INFO - Poking for file /opt/***/models/RegresionLogistica.pkl
[2025-09-06T22:04:26.382+0000] {filesystem.py:69} INFO - Found File /opt/***/models/RegresionLogistica.pkl last modified: 20250906220424
[2025-09-06T22:04:26.382+0000] {base.py:255} INFO - Success criteria met. Exiting.
[2025-09-06T22:04:26.392+0000] {taskinstance.py:1373} INFO - Marking task as SUCCESS. dag_id=orquestador, task_id=wait_for_model_file, execution_date=20230101T000000, start_date=20250906T220426, end_date=20250906T220426
[2025-09-06T22:04:26.425+0000] {local_task_job_runner.py:232} INFO - Task exited with return code 0
[2025-09-06T22:04:26.456+0000] {taskinstance.py:2674} INFO - 0 downstream tasks scheduled from follow-on schedule check
