[2025-09-06T00:40:20.266+0000] {taskinstance.py:1125} INFO - Dependencies all met for dep_context=non-requeueable deps ti=<TaskInstance: mysql_insert_select.create_table manual__2025-09-06T00:40:16.390825+00:00 [queued]>
[2025-09-06T00:40:20.279+0000] {taskinstance.py:1125} INFO - Dependencies all met for dep_context=requeueable deps ti=<TaskInstance: mysql_insert_select.create_table manual__2025-09-06T00:40:16.390825+00:00 [queued]>
[2025-09-06T00:40:20.280+0000] {taskinstance.py:1331} INFO - Starting attempt 1 of 1
[2025-09-06T00:40:20.299+0000] {taskinstance.py:1350} INFO - Executing <Task(MySqlOperator): create_table> on 2025-09-06 00:40:16.390825+00:00
[2025-09-06T00:40:20.312+0000] {standard_task_runner.py:57} INFO - Started process 4133 to run task
[2025-09-06T00:40:20.318+0000] {standard_task_runner.py:84} INFO - Running: ['***', 'tasks', 'run', 'mysql_insert_select', 'create_table', 'manual__2025-09-06T00:40:16.390825+00:00', '--job-id', '46', '--raw', '--subdir', 'DAGS_FOLDER/crea_tablas.py', '--cfg-path', '/tmp/tmporkvjksf']
[2025-09-06T00:40:20.324+0000] {standard_task_runner.py:85} INFO - Job 46: Subtask create_table
[2025-09-06T00:40:20.402+0000] {task_command.py:410} INFO - Running <TaskInstance: mysql_insert_select.create_table manual__2025-09-06T00:40:16.390825+00:00 [running]> on host 72c5ffe25b48
[2025-09-06T00:40:20.555+0000] {taskinstance.py:1570} INFO - Exporting env vars: AIRFLOW_CTX_DAG_OWNER='***' AIRFLOW_CTX_DAG_ID='mysql_insert_select' AIRFLOW_CTX_TASK_ID='create_table' AIRFLOW_CTX_EXECUTION_DATE='2025-09-06T00:40:16.390825+00:00' AIRFLOW_CTX_TRY_NUMBER='1' AIRFLOW_CTX_DAG_RUN_ID='manual__2025-09-06T00:40:16.390825+00:00'
[2025-09-06T00:40:20.557+0000] {sql.py:262} INFO - Executing:  CREATE TABLE penguins_raw (
            species VARCHAR(50) NULL,
            island VARCHAR(50) NULL,
            bill_length_mm DOUBLE NULL,
            bill_depth_mm DOUBLE NULL,
            flipper_length_mm DOUBLE NULL,
            body_mass_g DOUBLE NULL,
            sex VARCHAR(10) NULL,
            year INT NULL
        )
        
[2025-09-06T00:40:20.571+0000] {base.py:73} INFO - Using connection ID 'mysql_conn' for task execution.
[2025-09-06T00:40:20.657+0000] {base.py:73} INFO - Using connection ID 'mysql_conn' for task execution.
[2025-09-06T00:40:20.675+0000] {sql.py:375} INFO - Running statement:  CREATE TABLE penguins_raw (
            species VARCHAR(50) NULL,
            island VARCHAR(50) NULL,
            bill_length_mm DOUBLE NULL,
            bill_depth_mm DOUBLE NULL,
            flipper_length_mm DOUBLE NULL,
            body_mass_g DOUBLE NULL,
            sex VARCHAR(10) NULL,
            year INT NULL
        )
        , parameters: None
[2025-09-06T00:40:20.703+0000] {sql.py:384} INFO - Rows affected: 0
[2025-09-06T00:40:20.721+0000] {taskinstance.py:1373} INFO - Marking task as SUCCESS. dag_id=mysql_insert_select, task_id=create_table, execution_date=20250906T004016, start_date=20250906T004020, end_date=20250906T004020
[2025-09-06T00:40:20.769+0000] {local_task_job_runner.py:232} INFO - Task exited with return code 0
[2025-09-06T00:40:20.813+0000] {taskinstance.py:2674} INFO - 1 downstream tasks scheduled from follow-on schedule check
