[2025-09-06T02:10:13.625+0000] {taskinstance.py:1125} INFO - Dependencies all met for dep_context=non-requeueable deps ti=<TaskInstance: mysql_insert_select.train_model manual__2025-09-06T02:09:56.745781+00:00 [queued]>
[2025-09-06T02:10:13.638+0000] {taskinstance.py:1125} INFO - Dependencies all met for dep_context=requeueable deps ti=<TaskInstance: mysql_insert_select.train_model manual__2025-09-06T02:09:56.745781+00:00 [queued]>
[2025-09-06T02:10:13.639+0000] {taskinstance.py:1331} INFO - Starting attempt 1 of 1
[2025-09-06T02:10:13.660+0000] {taskinstance.py:1350} INFO - Executing <Task(PythonOperator): train_model> on 2025-09-06 02:09:56.745781+00:00
[2025-09-06T02:10:13.672+0000] {standard_task_runner.py:57} INFO - Started process 129 to run task
[2025-09-06T02:10:13.678+0000] {standard_task_runner.py:84} INFO - Running: ['***', 'tasks', 'run', 'mysql_insert_select', 'train_model', 'manual__2025-09-06T02:09:56.745781+00:00', '--job-id', '124', '--raw', '--subdir', 'DAGS_FOLDER/crea_tablas.py', '--cfg-path', '/tmp/tmpp740n1gp']
[2025-09-06T02:10:13.682+0000] {standard_task_runner.py:85} INFO - Job 124: Subtask train_model
[2025-09-06T02:10:13.770+0000] {task_command.py:410} INFO - Running <TaskInstance: mysql_insert_select.train_model manual__2025-09-06T02:09:56.745781+00:00 [running]> on host ded74915b8e2
[2025-09-06T02:10:13.916+0000] {taskinstance.py:1570} INFO - Exporting env vars: AIRFLOW_CTX_DAG_OWNER='***' AIRFLOW_CTX_DAG_ID='mysql_insert_select' AIRFLOW_CTX_TASK_ID='train_model' AIRFLOW_CTX_EXECUTION_DATE='2025-09-06T02:09:56.745781+00:00' AIRFLOW_CTX_TRY_NUMBER='1' AIRFLOW_CTX_DAG_RUN_ID='manual__2025-09-06T02:09:56.745781+00:00'
[2025-09-06T02:10:13.931+0000] {base.py:73} INFO - Using connection ID 'mysql_conn' for task execution.
[2025-09-06T02:10:14.101+0000] {logging_mixin.py:149} INFO - Accuracy: 1.00
[2025-09-06T02:10:14.101+0000] {logging_mixin.py:149} INFO - Classification Report:
[2025-09-06T02:10:14.105+0000] {logging_mixin.py:149} INFO -               precision    recall  f1-score   support

           1       1.00      1.00      1.00        29
           2       1.00      1.00      1.00        14
           3       1.00      1.00      1.00        24

    accuracy                           1.00        67
   macro avg       1.00      1.00      1.00        67
weighted avg       1.00      1.00      1.00        67
[2025-09-06T02:10:14.157+0000] {logging_mixin.py:149} INFO - Model saved as /opt/***/models/RandomForestclassifier.pkl
[2025-09-06T02:10:14.158+0000] {python.py:183} INFO - Done. Returned value was: None
[2025-09-06T02:10:14.180+0000] {taskinstance.py:1373} INFO - Marking task as SUCCESS. dag_id=mysql_insert_select, task_id=train_model, execution_date=20250906T020956, start_date=20250906T021013, end_date=20250906T021014
[2025-09-06T02:10:14.253+0000] {local_task_job_runner.py:232} INFO - Task exited with return code 0
[2025-09-06T02:10:14.287+0000] {taskinstance.py:2674} INFO - 0 downstream tasks scheduled from follow-on schedule check
