[2025-09-06T04:53:01.637+0000] {taskinstance.py:1125} INFO - Dependencies all met for dep_context=non-requeueable deps ti=<TaskInstance: mysql_insert_select.create_table_raw manual__2025-09-06T04:52:57.019954+00:00 [queued]>
[2025-09-06T04:53:01.658+0000] {taskinstance.py:1125} INFO - Dependencies all met for dep_context=requeueable deps ti=<TaskInstance: mysql_insert_select.create_table_raw manual__2025-09-06T04:52:57.019954+00:00 [queued]>
[2025-09-06T04:53:01.659+0000] {taskinstance.py:1331} INFO - Starting attempt 1 of 1
[2025-09-06T04:53:01.686+0000] {taskinstance.py:1350} INFO - Executing <Task(MySqlOperator): create_table_raw> on 2025-09-06 04:52:57.019954+00:00
[2025-09-06T04:53:01.699+0000] {standard_task_runner.py:57} INFO - Started process 750 to run task
[2025-09-06T04:53:01.707+0000] {standard_task_runner.py:84} INFO - Running: ['***', 'tasks', 'run', 'mysql_insert_select', 'create_table_raw', 'manual__2025-09-06T04:52:57.019954+00:00', '--job-id', '217', '--raw', '--subdir', 'DAGS_FOLDER/mysql_insert_select.py', '--cfg-path', '/tmp/tmp8rm2o537']
[2025-09-06T04:53:01.711+0000] {standard_task_runner.py:85} INFO - Job 217: Subtask create_table_raw
[2025-09-06T04:53:01.794+0000] {task_command.py:410} INFO - Running <TaskInstance: mysql_insert_select.create_table_raw manual__2025-09-06T04:52:57.019954+00:00 [running]> on host 6faa580ba6cb
[2025-09-06T04:53:01.945+0000] {taskinstance.py:1570} INFO - Exporting env vars: AIRFLOW_CTX_DAG_OWNER='***' AIRFLOW_CTX_DAG_ID='mysql_insert_select' AIRFLOW_CTX_TASK_ID='create_table_raw' AIRFLOW_CTX_EXECUTION_DATE='2025-09-06T04:52:57.019954+00:00' AIRFLOW_CTX_TRY_NUMBER='1' AIRFLOW_CTX_DAG_RUN_ID='manual__2025-09-06T04:52:57.019954+00:00'
[2025-09-06T04:53:01.946+0000] {sql.py:262} INFO - Executing:  CREATE TABLE penguins_raw (
            species VARCHAR(50) NULL,
            island VARCHAR(50) NULL,
            bill_length_mm DOUBLE NULL,
            bill_depth_mm DOUBLE NULL,
            flipper_length_mm DOUBLE NULL,
            body_mass_g DOUBLE NULL,
            sex VARCHAR(10) NULL,
            year INT NULL
        )
        
[2025-09-06T04:53:01.958+0000] {base.py:73} INFO - Using connection ID 'mysql_conn' for task execution.
[2025-09-06T04:53:02.042+0000] {base.py:73} INFO - Using connection ID 'mysql_conn' for task execution.
[2025-09-06T04:53:02.058+0000] {sql.py:375} INFO - Running statement:  CREATE TABLE penguins_raw (
            species VARCHAR(50) NULL,
            island VARCHAR(50) NULL,
            bill_length_mm DOUBLE NULL,
            bill_depth_mm DOUBLE NULL,
            flipper_length_mm DOUBLE NULL,
            body_mass_g DOUBLE NULL,
            sex VARCHAR(10) NULL,
            year INT NULL
        )
        , parameters: None
[2025-09-06T04:53:02.081+0000] {sql.py:384} INFO - Rows affected: 0
[2025-09-06T04:53:02.107+0000] {taskinstance.py:1373} INFO - Marking task as SUCCESS. dag_id=mysql_insert_select, task_id=create_table_raw, execution_date=20250906T045257, start_date=20250906T045301, end_date=20250906T045302
[2025-09-06T04:53:02.170+0000] {local_task_job_runner.py:232} INFO - Task exited with return code 0
[2025-09-06T04:53:02.230+0000] {taskinstance.py:2674} INFO - 1 downstream tasks scheduled from follow-on schedule check
