[2025-09-06T06:59:22.158+0000] {taskinstance.py:1125} INFO - Dependencies all met for dep_context=non-requeueable deps ti=<TaskInstance: orquestador.delete_table-clean manual__2025-09-06T06:59:15.842009+00:00 [queued]>
[2025-09-06T06:59:22.185+0000] {taskinstance.py:1125} INFO - Dependencies all met for dep_context=requeueable deps ti=<TaskInstance: orquestador.delete_table-clean manual__2025-09-06T06:59:15.842009+00:00 [queued]>
[2025-09-06T06:59:22.186+0000] {taskinstance.py:1331} INFO - Starting attempt 1 of 1
[2025-09-06T06:59:22.213+0000] {taskinstance.py:1350} INFO - Executing <Task(MySqlOperator): delete_table-clean> on 2025-09-06 06:59:15.842009+00:00
[2025-09-06T06:59:22.241+0000] {standard_task_runner.py:57} INFO - Started process 123 to run task
[2025-09-06T06:59:22.286+0000] {standard_task_runner.py:84} INFO - Running: ['***', 'tasks', 'run', 'orquestador', 'delete_table-clean', 'manual__2025-09-06T06:59:15.842009+00:00', '--job-id', '437', '--raw', '--subdir', 'DAGS_FOLDER/orquestador.py', '--cfg-path', '/tmp/tmpv4206htf']
[2025-09-06T06:59:22.294+0000] {standard_task_runner.py:85} INFO - Job 437: Subtask delete_table-clean
[2025-09-06T06:59:22.502+0000] {task_command.py:410} INFO - Running <TaskInstance: orquestador.delete_table-clean manual__2025-09-06T06:59:15.842009+00:00 [running]> on host 32a81c69218b
[2025-09-06T06:59:22.752+0000] {taskinstance.py:1570} INFO - Exporting env vars: AIRFLOW_CTX_DAG_OWNER='***' AIRFLOW_CTX_DAG_ID='orquestador' AIRFLOW_CTX_TASK_ID='delete_table-clean' AIRFLOW_CTX_EXECUTION_DATE='2025-09-06T06:59:15.842009+00:00' AIRFLOW_CTX_TRY_NUMBER='1' AIRFLOW_CTX_DAG_RUN_ID='manual__2025-09-06T06:59:15.842009+00:00'
[2025-09-06T06:59:22.756+0000] {sql.py:262} INFO - Executing: 
DROP TABLE IF EXISTS penguins_clean;            
 
[2025-09-06T06:59:22.796+0000] {base.py:73} INFO - Using connection ID 'mysql_conn' for task execution.
[2025-09-06T06:59:23.087+0000] {base.py:73} INFO - Using connection ID 'mysql_conn' for task execution.
[2025-09-06T06:59:23.151+0000] {sql.py:375} INFO - Running statement: 
DROP TABLE IF EXISTS penguins_clean;            
 , parameters: None
[2025-09-06T06:59:23.161+0000] {sql.py:384} INFO - Rows affected: 0
[2025-09-06T06:59:23.191+0000] {taskinstance.py:1373} INFO - Marking task as SUCCESS. dag_id=orquestador, task_id=delete_table-clean, execution_date=20250906T065915, start_date=20250906T065922, end_date=20250906T065923
[2025-09-06T06:59:23.294+0000] {local_task_job_runner.py:232} INFO - Task exited with return code 0
[2025-09-06T06:59:23.410+0000] {taskinstance.py:2674} INFO - 0 downstream tasks scheduled from follow-on schedule check
