[2025-09-06T22:06:47.018+0000] {taskinstance.py:1125} INFO - Dependencies all met for dep_context=non-requeueable deps ti=<TaskInstance: orquestador.create_table_raw manual__2025-09-06T22:06:43+00:00 [queued]>
[2025-09-06T22:06:47.036+0000] {taskinstance.py:1125} INFO - Dependencies all met for dep_context=requeueable deps ti=<TaskInstance: orquestador.create_table_raw manual__2025-09-06T22:06:43+00:00 [queued]>
[2025-09-06T22:06:47.036+0000] {taskinstance.py:1331} INFO - Starting attempt 1 of 1
[2025-09-06T22:06:47.054+0000] {taskinstance.py:1350} INFO - Executing <Task(MySqlOperator): create_table_raw> on 2025-09-06 22:06:43+00:00
[2025-09-06T22:06:47.062+0000] {standard_task_runner.py:57} INFO - Started process 168 to run task
[2025-09-06T22:06:47.068+0000] {standard_task_runner.py:84} INFO - Running: ['***', 'tasks', 'run', 'orquestador', 'create_table_raw', 'manual__2025-09-06T22:06:43+00:00', '--job-id', '13', '--raw', '--subdir', 'DAGS_FOLDER/orquestador.py', '--cfg-path', '/tmp/tmp8upt6tua']
[2025-09-06T22:06:47.071+0000] {standard_task_runner.py:85} INFO - Job 13: Subtask create_table_raw
[2025-09-06T22:06:47.142+0000] {task_command.py:410} INFO - Running <TaskInstance: orquestador.create_table_raw manual__2025-09-06T22:06:43+00:00 [running]> on host b0f46732fbd8
[2025-09-06T22:06:47.255+0000] {taskinstance.py:1570} INFO - Exporting env vars: AIRFLOW_CTX_DAG_OWNER='***' AIRFLOW_CTX_DAG_ID='orquestador' AIRFLOW_CTX_TASK_ID='create_table_raw' AIRFLOW_CTX_EXECUTION_DATE='2025-09-06T22:06:43+00:00' AIRFLOW_CTX_TRY_NUMBER='1' AIRFLOW_CTX_DAG_RUN_ID='manual__2025-09-06T22:06:43+00:00'
[2025-09-06T22:06:47.255+0000] {sql.py:262} INFO - Executing:  CREATE TABLE penguins_raw (
            species VARCHAR(50) NULL,
            island VARCHAR(50) NULL,
            bill_length_mm DOUBLE NULL,
            bill_depth_mm DOUBLE NULL,
            flipper_length_mm DOUBLE NULL,
            body_mass_g DOUBLE NULL,
            sex VARCHAR(10) NULL,
            year INT NULL
        )
        
[2025-09-06T22:06:47.256+0000] {crypto.py:83} WARNING - empty cryptography key - values will not be stored encrypted.
[2025-09-06T22:06:47.257+0000] {base.py:73} INFO - Using connection ID 'mysql_conn' for task execution.
[2025-09-06T22:06:47.322+0000] {base.py:73} INFO - Using connection ID 'mysql_conn' for task execution.
[2025-09-06T22:06:47.335+0000] {sql.py:375} INFO - Running statement:  CREATE TABLE penguins_raw (
            species VARCHAR(50) NULL,
            island VARCHAR(50) NULL,
            bill_length_mm DOUBLE NULL,
            bill_depth_mm DOUBLE NULL,
            flipper_length_mm DOUBLE NULL,
            body_mass_g DOUBLE NULL,
            sex VARCHAR(10) NULL,
            year INT NULL
        )
        , parameters: None
[2025-09-06T22:06:47.364+0000] {sql.py:384} INFO - Rows affected: 0
[2025-09-06T22:06:47.381+0000] {taskinstance.py:1373} INFO - Marking task as SUCCESS. dag_id=orquestador, task_id=create_table_raw, execution_date=20250906T220643, start_date=20250906T220647, end_date=20250906T220647
[2025-09-06T22:06:47.409+0000] {local_task_job_runner.py:232} INFO - Task exited with return code 0
[2025-09-06T22:06:47.448+0000] {taskinstance.py:2674} INFO - 1 downstream tasks scheduled from follow-on schedule check
