[2025-09-06T04:24:43.920+0000] {taskinstance.py:1125} INFO - Dependencies all met for dep_context=non-requeueable deps ti=<TaskInstance: mysql_insert_select.train_model manual__2025-09-06T04:24:27.007585+00:00 [queued]>
[2025-09-06T04:24:43.933+0000] {taskinstance.py:1125} INFO - Dependencies all met for dep_context=requeueable deps ti=<TaskInstance: mysql_insert_select.train_model manual__2025-09-06T04:24:27.007585+00:00 [queued]>
[2025-09-06T04:24:43.933+0000] {taskinstance.py:1331} INFO - Starting attempt 1 of 1
[2025-09-06T04:24:43.954+0000] {taskinstance.py:1350} INFO - Executing <Task(PythonOperator): train_model> on 2025-09-06 04:24:27.007585+00:00
[2025-09-06T04:24:43.966+0000] {standard_task_runner.py:57} INFO - Started process 128 to run task
[2025-09-06T04:24:43.975+0000] {standard_task_runner.py:84} INFO - Running: ['***', 'tasks', 'run', 'mysql_insert_select', 'train_model', 'manual__2025-09-06T04:24:27.007585+00:00', '--job-id', '186', '--raw', '--subdir', 'DAGS_FOLDER/mysql_insert_select.py', '--cfg-path', '/tmp/tmp5hdisa2m']
[2025-09-06T04:24:43.979+0000] {standard_task_runner.py:85} INFO - Job 186: Subtask train_model
[2025-09-06T04:24:44.078+0000] {task_command.py:410} INFO - Running <TaskInstance: mysql_insert_select.train_model manual__2025-09-06T04:24:27.007585+00:00 [running]> on host 6faa580ba6cb
[2025-09-06T04:24:44.228+0000] {taskinstance.py:1570} INFO - Exporting env vars: AIRFLOW_CTX_DAG_OWNER='***' AIRFLOW_CTX_DAG_ID='mysql_insert_select' AIRFLOW_CTX_TASK_ID='train_model' AIRFLOW_CTX_EXECUTION_DATE='2025-09-06T04:24:27.007585+00:00' AIRFLOW_CTX_TRY_NUMBER='1' AIRFLOW_CTX_DAG_RUN_ID='manual__2025-09-06T04:24:27.007585+00:00'
[2025-09-06T04:24:44.242+0000] {base.py:73} INFO - Using connection ID 'mysql_conn' for task execution.
[2025-09-06T04:24:44.554+0000] {logging_mixin.py:149} INFO - Accuracy: 1.00
[2025-09-06T04:24:44.555+0000] {logging_mixin.py:149} INFO - Classification Report:
[2025-09-06T04:24:44.566+0000] {logging_mixin.py:149} INFO -               precision    recall  f1-score   support

           1       1.00      1.00      1.00        29
           2       1.00      1.00      1.00        14
           3       1.00      1.00      1.00        24

    accuracy                           1.00        67
   macro avg       1.00      1.00      1.00        67
weighted avg       1.00      1.00      1.00        67
[2025-09-06T04:24:44.655+0000] {logging_mixin.py:149} INFO - Model saved as /opt/***/models/RandomForestclassifier.pkl
[2025-09-06T04:24:44.656+0000] {python.py:183} INFO - Done. Returned value was: None
[2025-09-06T04:24:44.686+0000] {taskinstance.py:1373} INFO - Marking task as SUCCESS. dag_id=mysql_insert_select, task_id=train_model, execution_date=20250906T042427, start_date=20250906T042443, end_date=20250906T042444
[2025-09-06T04:24:44.749+0000] {local_task_job_runner.py:232} INFO - Task exited with return code 0
[2025-09-06T04:24:44.811+0000] {taskinstance.py:2674} INFO - 1 downstream tasks scheduled from follow-on schedule check
