[2025-09-06T01:06:11.657+0000] {taskinstance.py:1125} INFO - Dependencies all met for dep_context=non-requeueable deps ti=<TaskInstance: mysql_insert_select.create_table_clean manual__2025-09-06T01:06:03.012055+00:00 [queued]>
[2025-09-06T01:06:11.674+0000] {taskinstance.py:1125} INFO - Dependencies all met for dep_context=requeueable deps ti=<TaskInstance: mysql_insert_select.create_table_clean manual__2025-09-06T01:06:03.012055+00:00 [queued]>
[2025-09-06T01:06:11.674+0000] {taskinstance.py:1331} INFO - Starting attempt 1 of 1
[2025-09-06T01:06:11.698+0000] {taskinstance.py:1350} INFO - Executing <Task(MySqlOperator): create_table_clean> on 2025-09-06 01:06:03.012055+00:00
[2025-09-06T01:06:11.711+0000] {standard_task_runner.py:57} INFO - Started process 4647 to run task
[2025-09-06T01:06:11.724+0000] {standard_task_runner.py:84} INFO - Running: ['***', 'tasks', 'run', 'mysql_insert_select', 'create_table_clean', 'manual__2025-09-06T01:06:03.012055+00:00', '--job-id', '68', '--raw', '--subdir', 'DAGS_FOLDER/crea_tablas.py', '--cfg-path', '/tmp/tmpvjh96_es']
[2025-09-06T01:06:11.731+0000] {standard_task_runner.py:85} INFO - Job 68: Subtask create_table_clean
[2025-09-06T01:06:11.814+0000] {task_command.py:410} INFO - Running <TaskInstance: mysql_insert_select.create_table_clean manual__2025-09-06T01:06:03.012055+00:00 [running]> on host 72c5ffe25b48
[2025-09-06T01:06:11.951+0000] {taskinstance.py:1570} INFO - Exporting env vars: AIRFLOW_CTX_DAG_OWNER='***' AIRFLOW_CTX_DAG_ID='mysql_insert_select' AIRFLOW_CTX_TASK_ID='create_table_clean' AIRFLOW_CTX_EXECUTION_DATE='2025-09-06T01:06:03.012055+00:00' AIRFLOW_CTX_TRY_NUMBER='1' AIRFLOW_CTX_DAG_RUN_ID='manual__2025-09-06T01:06:03.012055+00:00'
[2025-09-06T01:06:11.952+0000] {sql.py:262} INFO - Executing:  CREATE TABLE penguins_clean (
    species INT,
    bill_length_mm DOUBLE,
    bill_depth_mm DOUBLE,
    flipper_length_mm DOUBLE,
    body_mass_g DOUBLE,
    year INT,
    island_Biscoe INT,
    island_Dream INT,
    island_Torgersen INT,
    sex_female INT,
    sex_male INT
        );      
        
[2025-09-06T01:06:11.969+0000] {base.py:73} INFO - Using connection ID 'mysql_conn' for task execution.
[2025-09-06T01:06:12.056+0000] {base.py:73} INFO - Using connection ID 'mysql_conn' for task execution.
[2025-09-06T01:06:12.073+0000] {sql.py:375} INFO - Running statement:  CREATE TABLE penguins_clean (
    species INT,
    bill_length_mm DOUBLE,
    bill_depth_mm DOUBLE,
    flipper_length_mm DOUBLE,
    body_mass_g DOUBLE,
    year INT,
    island_Biscoe INT,
    island_Dream INT,
    island_Torgersen INT,
    sex_female INT,
    sex_male INT
        );      
        , parameters: None
[2025-09-06T01:06:12.093+0000] {sql.py:384} INFO - Rows affected: 0
[2025-09-06T01:06:12.118+0000] {taskinstance.py:1373} INFO - Marking task as SUCCESS. dag_id=mysql_insert_select, task_id=create_table_clean, execution_date=20250906T010603, start_date=20250906T010611, end_date=20250906T010612
[2025-09-06T01:06:12.172+0000] {local_task_job_runner.py:232} INFO - Task exited with return code 0
[2025-09-06T01:06:12.218+0000] {taskinstance.py:2674} INFO - 1 downstream tasks scheduled from follow-on schedule check
