[2025-09-06T05:39:06.724+0000] {taskinstance.py:1125} INFO - Dependencies all met for dep_context=non-requeueable deps ti=<TaskInstance: mysql_insert_select.setup_fastapi manual__2025-09-06T05:38:45.486954+00:00 [queued]>
[2025-09-06T05:39:06.745+0000] {taskinstance.py:1125} INFO - Dependencies all met for dep_context=requeueable deps ti=<TaskInstance: mysql_insert_select.setup_fastapi manual__2025-09-06T05:38:45.486954+00:00 [queued]>
[2025-09-06T05:39:06.745+0000] {taskinstance.py:1331} INFO - Starting attempt 1 of 1
[2025-09-06T05:39:06.764+0000] {taskinstance.py:1350} INFO - Executing <Task(PythonOperator): setup_fastapi> on 2025-09-06 05:38:45.486954+00:00
[2025-09-06T05:39:06.777+0000] {standard_task_runner.py:57} INFO - Started process 1948 to run task
[2025-09-06T05:39:06.792+0000] {standard_task_runner.py:84} INFO - Running: ['***', 'tasks', 'run', 'mysql_insert_select', 'setup_fastapi', 'manual__2025-09-06T05:38:45.486954+00:00', '--job-id', '325', '--raw', '--subdir', 'DAGS_FOLDER/mysql_insert_select.py', '--cfg-path', '/tmp/tmp5_ezc6m3']
[2025-09-06T05:39:06.799+0000] {standard_task_runner.py:85} INFO - Job 325: Subtask setup_fastapi
[2025-09-06T05:39:06.883+0000] {task_command.py:410} INFO - Running <TaskInstance: mysql_insert_select.setup_fastapi manual__2025-09-06T05:38:45.486954+00:00 [running]> on host 6faa580ba6cb
[2025-09-06T05:39:07.023+0000] {taskinstance.py:1570} INFO - Exporting env vars: AIRFLOW_CTX_DAG_OWNER='***' AIRFLOW_CTX_DAG_ID='mysql_insert_select' AIRFLOW_CTX_TASK_ID='setup_fastapi' AIRFLOW_CTX_EXECUTION_DATE='2025-09-06T05:38:45.486954+00:00' AIRFLOW_CTX_TRY_NUMBER='1' AIRFLOW_CTX_DAG_RUN_ID='manual__2025-09-06T05:38:45.486954+00:00'
[2025-09-06T05:39:07.024+0000] {logging_mixin.py:149} INFO - ✅ Modelo encontrado en: /opt/***/models/LogisticRegressionModel.pkl
[2025-09-06T05:39:07.024+0000] {logging_mixin.py:149} INFO - 🚀 Iniciando servidor FastAPI...
[2025-09-06T05:39:07.024+0000] {logging_mixin.py:149} INFO - 📋 Configuración de FastAPI lista:
[2025-09-06T05:39:07.025+0000] {logging_mixin.py:149} INFO -    - Modelo: /opt/***/models/LogisticRegressionModel.pkl
[2025-09-06T05:39:07.025+0000] {logging_mixin.py:149} INFO -    - App: /opt/***/dags/fastapi_app.py
[2025-09-06T05:39:07.025+0000] {logging_mixin.py:149} INFO -    - Puerto sugerido: 8000
[2025-09-06T05:39:07.025+0000] {logging_mixin.py:149} INFO -    - Comando sugerido: uvicorn fastapi_app:app --host 0.0.0.0 --port 8000
[2025-09-06T05:39:07.026+0000] {logging_mixin.py:149} INFO - ✅ FastAPI configurado y listo para usar
[2025-09-06T05:39:07.026+0000] {python.py:183} INFO - Done. Returned value was: None
[2025-09-06T05:39:07.039+0000] {taskinstance.py:1373} INFO - Marking task as SUCCESS. dag_id=mysql_insert_select, task_id=setup_fastapi, execution_date=20250906T053845, start_date=20250906T053906, end_date=20250906T053907
[2025-09-06T05:39:07.074+0000] {local_task_job_runner.py:232} INFO - Task exited with return code 0
[2025-09-06T05:39:07.116+0000] {taskinstance.py:2674} INFO - 1 downstream tasks scheduled from follow-on schedule check
