[2025-09-07T14:27:44.976+0000] {processor.py:156} INFO - Started process (PID=87) to work on /opt/airflow/dags/orquestador.py
[2025-09-07T14:27:44.977+0000] {processor.py:799} INFO - Processing file /opt/airflow/dags/orquestador.py for tasks to queue
[2025-09-07T14:27:44.986+0000] {logging_mixin.py:149} INFO - [2025-09-07T14:27:44.986+0000] {dagbag.py:541} INFO - Filling up the DagBag from /opt/airflow/dags/orquestador.py
[2025-09-07T14:27:49.594+0000] {processor.py:809} INFO - DAG(s) dict_keys(['orquestador']) retrieved from /opt/airflow/dags/orquestador.py
[2025-09-07T14:27:49.673+0000] {logging_mixin.py:149} INFO - [2025-09-07T14:27:49.673+0000] {dag.py:2726} INFO - Sync 1 DAGs
[2025-09-07T14:27:49.695+0000] {logging_mixin.py:149} INFO - [2025-09-07T14:27:49.695+0000] {dag.py:3490} INFO - Setting next_dagrun for orquestador to None, run_after=None
[2025-09-07T14:27:49.731+0000] {processor.py:178} INFO - Processing /opt/airflow/dags/orquestador.py took 4.784 seconds
[2025-09-07T14:28:19.931+0000] {processor.py:156} INFO - Started process (PID=106) to work on /opt/airflow/dags/orquestador.py
[2025-09-07T14:28:19.933+0000] {processor.py:799} INFO - Processing file /opt/airflow/dags/orquestador.py for tasks to queue
[2025-09-07T14:28:19.934+0000] {logging_mixin.py:149} INFO - [2025-09-07T14:28:19.934+0000] {dagbag.py:541} INFO - Filling up the DagBag from /opt/airflow/dags/orquestador.py
[2025-09-07T14:28:20.985+0000] {processor.py:809} INFO - DAG(s) dict_keys(['orquestador']) retrieved from /opt/airflow/dags/orquestador.py
[2025-09-07T14:28:21.049+0000] {logging_mixin.py:149} INFO - [2025-09-07T14:28:21.049+0000] {dag.py:2726} INFO - Sync 1 DAGs
[2025-09-07T14:28:21.085+0000] {logging_mixin.py:149} INFO - [2025-09-07T14:28:21.085+0000] {dag.py:3490} INFO - Setting next_dagrun for orquestador to None, run_after=None
[2025-09-07T14:28:21.137+0000] {processor.py:178} INFO - Processing /opt/airflow/dags/orquestador.py took 1.213 seconds
[2025-09-07T14:28:51.308+0000] {processor.py:156} INFO - Started process (PID=123) to work on /opt/airflow/dags/orquestador.py
[2025-09-07T14:28:51.310+0000] {processor.py:799} INFO - Processing file /opt/airflow/dags/orquestador.py for tasks to queue
[2025-09-07T14:28:51.310+0000] {logging_mixin.py:149} INFO - [2025-09-07T14:28:51.310+0000] {dagbag.py:541} INFO - Filling up the DagBag from /opt/airflow/dags/orquestador.py
[2025-09-07T14:28:52.205+0000] {processor.py:809} INFO - DAG(s) dict_keys(['orquestador']) retrieved from /opt/airflow/dags/orquestador.py
[2025-09-07T14:28:52.239+0000] {logging_mixin.py:149} INFO - [2025-09-07T14:28:52.238+0000] {dag.py:2726} INFO - Sync 1 DAGs
[2025-09-07T14:28:52.277+0000] {logging_mixin.py:149} INFO - [2025-09-07T14:28:52.276+0000] {dag.py:3490} INFO - Setting next_dagrun for orquestador to None, run_after=None
[2025-09-07T14:28:52.304+0000] {processor.py:178} INFO - Processing /opt/airflow/dags/orquestador.py took 1.001 seconds
[2025-09-07T14:29:22.469+0000] {processor.py:156} INFO - Started process (PID=140) to work on /opt/airflow/dags/orquestador.py
[2025-09-07T14:29:22.472+0000] {processor.py:799} INFO - Processing file /opt/airflow/dags/orquestador.py for tasks to queue
[2025-09-07T14:29:22.473+0000] {logging_mixin.py:149} INFO - [2025-09-07T14:29:22.472+0000] {dagbag.py:541} INFO - Filling up the DagBag from /opt/airflow/dags/orquestador.py
[2025-09-07T14:29:23.445+0000] {processor.py:809} INFO - DAG(s) dict_keys(['orquestador']) retrieved from /opt/airflow/dags/orquestador.py
[2025-09-07T14:29:23.478+0000] {logging_mixin.py:149} INFO - [2025-09-07T14:29:23.478+0000] {dag.py:2726} INFO - Sync 1 DAGs
[2025-09-07T14:29:23.506+0000] {logging_mixin.py:149} INFO - [2025-09-07T14:29:23.506+0000] {dag.py:3490} INFO - Setting next_dagrun for orquestador to None, run_after=None
[2025-09-07T14:29:23.524+0000] {processor.py:178} INFO - Processing /opt/airflow/dags/orquestador.py took 1.063 seconds
[2025-09-07T14:29:53.570+0000] {processor.py:156} INFO - Started process (PID=154) to work on /opt/airflow/dags/orquestador.py
[2025-09-07T14:29:53.572+0000] {processor.py:799} INFO - Processing file /opt/airflow/dags/orquestador.py for tasks to queue
[2025-09-07T14:29:53.573+0000] {logging_mixin.py:149} INFO - [2025-09-07T14:29:53.572+0000] {dagbag.py:541} INFO - Filling up the DagBag from /opt/airflow/dags/orquestador.py
[2025-09-07T14:29:54.476+0000] {processor.py:809} INFO - DAG(s) dict_keys(['orquestador']) retrieved from /opt/airflow/dags/orquestador.py
[2025-09-07T14:29:54.513+0000] {logging_mixin.py:149} INFO - [2025-09-07T14:29:54.513+0000] {dag.py:2726} INFO - Sync 1 DAGs
[2025-09-07T14:29:54.539+0000] {logging_mixin.py:149} INFO - [2025-09-07T14:29:54.539+0000] {dag.py:3490} INFO - Setting next_dagrun for orquestador to None, run_after=None
[2025-09-07T14:29:54.560+0000] {processor.py:178} INFO - Processing /opt/airflow/dags/orquestador.py took 0.993 seconds
[2025-09-07T14:30:24.748+0000] {processor.py:156} INFO - Started process (PID=171) to work on /opt/airflow/dags/orquestador.py
[2025-09-07T14:30:24.751+0000] {processor.py:799} INFO - Processing file /opt/airflow/dags/orquestador.py for tasks to queue
[2025-09-07T14:30:24.752+0000] {logging_mixin.py:149} INFO - [2025-09-07T14:30:24.752+0000] {dagbag.py:541} INFO - Filling up the DagBag from /opt/airflow/dags/orquestador.py
[2025-09-07T14:30:26.304+0000] {processor.py:809} INFO - DAG(s) dict_keys(['orquestador']) retrieved from /opt/airflow/dags/orquestador.py
[2025-09-07T14:30:26.339+0000] {logging_mixin.py:149} INFO - [2025-09-07T14:30:26.338+0000] {dag.py:2726} INFO - Sync 1 DAGs
[2025-09-07T14:30:26.364+0000] {logging_mixin.py:149} INFO - [2025-09-07T14:30:26.364+0000] {dag.py:3490} INFO - Setting next_dagrun for orquestador to None, run_after=None
[2025-09-07T14:30:26.383+0000] {processor.py:178} INFO - Processing /opt/airflow/dags/orquestador.py took 1.654 seconds
[2025-09-07T14:30:56.569+0000] {processor.py:156} INFO - Started process (PID=194) to work on /opt/airflow/dags/orquestador.py
[2025-09-07T14:30:56.572+0000] {processor.py:799} INFO - Processing file /opt/airflow/dags/orquestador.py for tasks to queue
[2025-09-07T14:30:56.573+0000] {logging_mixin.py:149} INFO - [2025-09-07T14:30:56.573+0000] {dagbag.py:541} INFO - Filling up the DagBag from /opt/airflow/dags/orquestador.py
[2025-09-07T14:30:57.660+0000] {processor.py:809} INFO - DAG(s) dict_keys(['orquestador']) retrieved from /opt/airflow/dags/orquestador.py
[2025-09-07T14:30:57.709+0000] {logging_mixin.py:149} INFO - [2025-09-07T14:30:57.708+0000] {dag.py:2726} INFO - Sync 1 DAGs
[2025-09-07T14:30:57.734+0000] {logging_mixin.py:149} INFO - [2025-09-07T14:30:57.734+0000] {dag.py:3490} INFO - Setting next_dagrun for orquestador to None, run_after=None
[2025-09-07T14:30:57.753+0000] {processor.py:178} INFO - Processing /opt/airflow/dags/orquestador.py took 1.189 seconds
[2025-09-07T14:31:27.920+0000] {processor.py:156} INFO - Started process (PID=208) to work on /opt/airflow/dags/orquestador.py
[2025-09-07T14:31:27.922+0000] {processor.py:799} INFO - Processing file /opt/airflow/dags/orquestador.py for tasks to queue
[2025-09-07T14:31:27.923+0000] {logging_mixin.py:149} INFO - [2025-09-07T14:31:27.923+0000] {dagbag.py:541} INFO - Filling up the DagBag from /opt/airflow/dags/orquestador.py
[2025-09-07T14:31:28.842+0000] {processor.py:809} INFO - DAG(s) dict_keys(['orquestador']) retrieved from /opt/airflow/dags/orquestador.py
[2025-09-07T14:31:28.878+0000] {logging_mixin.py:149} INFO - [2025-09-07T14:31:28.877+0000] {dag.py:2726} INFO - Sync 1 DAGs
[2025-09-07T14:31:28.914+0000] {logging_mixin.py:149} INFO - [2025-09-07T14:31:28.914+0000] {dag.py:3490} INFO - Setting next_dagrun for orquestador to None, run_after=None
[2025-09-07T14:31:28.935+0000] {processor.py:178} INFO - Processing /opt/airflow/dags/orquestador.py took 1.020 seconds
[2025-09-07T14:31:59.158+0000] {processor.py:156} INFO - Started process (PID=225) to work on /opt/airflow/dags/orquestador.py
[2025-09-07T14:31:59.160+0000] {processor.py:799} INFO - Processing file /opt/airflow/dags/orquestador.py for tasks to queue
[2025-09-07T14:31:59.161+0000] {logging_mixin.py:149} INFO - [2025-09-07T14:31:59.161+0000] {dagbag.py:541} INFO - Filling up the DagBag from /opt/airflow/dags/orquestador.py
[2025-09-07T14:32:00.040+0000] {processor.py:809} INFO - DAG(s) dict_keys(['orquestador']) retrieved from /opt/airflow/dags/orquestador.py
[2025-09-07T14:32:00.071+0000] {logging_mixin.py:149} INFO - [2025-09-07T14:32:00.070+0000] {dag.py:2726} INFO - Sync 1 DAGs
[2025-09-07T14:32:00.098+0000] {logging_mixin.py:149} INFO - [2025-09-07T14:32:00.098+0000] {dag.py:3490} INFO - Setting next_dagrun for orquestador to None, run_after=None
[2025-09-07T14:32:00.116+0000] {processor.py:178} INFO - Processing /opt/airflow/dags/orquestador.py took 0.963 seconds
[2025-09-07T14:32:30.281+0000] {processor.py:156} INFO - Started process (PID=242) to work on /opt/airflow/dags/orquestador.py
[2025-09-07T14:32:30.283+0000] {processor.py:799} INFO - Processing file /opt/airflow/dags/orquestador.py for tasks to queue
[2025-09-07T14:32:30.284+0000] {logging_mixin.py:149} INFO - [2025-09-07T14:32:30.284+0000] {dagbag.py:541} INFO - Filling up the DagBag from /opt/airflow/dags/orquestador.py
[2025-09-07T14:32:31.228+0000] {processor.py:809} INFO - DAG(s) dict_keys(['orquestador']) retrieved from /opt/airflow/dags/orquestador.py
[2025-09-07T14:32:31.262+0000] {logging_mixin.py:149} INFO - [2025-09-07T14:32:31.261+0000] {dag.py:2726} INFO - Sync 1 DAGs
[2025-09-07T14:32:31.288+0000] {logging_mixin.py:149} INFO - [2025-09-07T14:32:31.287+0000] {dag.py:3490} INFO - Setting next_dagrun for orquestador to None, run_after=None
[2025-09-07T14:32:31.314+0000] {processor.py:178} INFO - Processing /opt/airflow/dags/orquestador.py took 1.039 seconds
[2025-09-07T14:33:01.528+0000] {processor.py:156} INFO - Started process (PID=258) to work on /opt/airflow/dags/orquestador.py
[2025-09-07T14:33:01.529+0000] {processor.py:799} INFO - Processing file /opt/airflow/dags/orquestador.py for tasks to queue
[2025-09-07T14:33:01.530+0000] {logging_mixin.py:149} INFO - [2025-09-07T14:33:01.530+0000] {dagbag.py:541} INFO - Filling up the DagBag from /opt/airflow/dags/orquestador.py
[2025-09-07T14:33:02.785+0000] {processor.py:809} INFO - DAG(s) dict_keys(['orquestador']) retrieved from /opt/airflow/dags/orquestador.py
[2025-09-07T14:33:02.817+0000] {logging_mixin.py:149} INFO - [2025-09-07T14:33:02.816+0000] {dag.py:2726} INFO - Sync 1 DAGs
[2025-09-07T14:33:02.842+0000] {logging_mixin.py:149} INFO - [2025-09-07T14:33:02.842+0000] {dag.py:3490} INFO - Setting next_dagrun for orquestador to None, run_after=None
[2025-09-07T14:33:02.867+0000] {processor.py:178} INFO - Processing /opt/airflow/dags/orquestador.py took 1.345 seconds
[2025-09-07T14:33:33.058+0000] {processor.py:156} INFO - Started process (PID=279) to work on /opt/airflow/dags/orquestador.py
[2025-09-07T14:33:33.060+0000] {processor.py:799} INFO - Processing file /opt/airflow/dags/orquestador.py for tasks to queue
[2025-09-07T14:33:33.062+0000] {logging_mixin.py:149} INFO - [2025-09-07T14:33:33.062+0000] {dagbag.py:541} INFO - Filling up the DagBag from /opt/airflow/dags/orquestador.py
[2025-09-07T14:33:34.003+0000] {processor.py:809} INFO - DAG(s) dict_keys(['orquestador']) retrieved from /opt/airflow/dags/orquestador.py
[2025-09-07T14:33:34.032+0000] {logging_mixin.py:149} INFO - [2025-09-07T14:33:34.031+0000] {dag.py:2726} INFO - Sync 1 DAGs
[2025-09-07T14:33:34.056+0000] {logging_mixin.py:149} INFO - [2025-09-07T14:33:34.056+0000] {dag.py:3490} INFO - Setting next_dagrun for orquestador to None, run_after=None
[2025-09-07T14:33:34.073+0000] {processor.py:178} INFO - Processing /opt/airflow/dags/orquestador.py took 1.019 seconds
[2025-09-07T14:34:04.299+0000] {processor.py:156} INFO - Started process (PID=295) to work on /opt/airflow/dags/orquestador.py
[2025-09-07T14:34:04.309+0000] {processor.py:799} INFO - Processing file /opt/airflow/dags/orquestador.py for tasks to queue
[2025-09-07T14:34:04.310+0000] {logging_mixin.py:149} INFO - [2025-09-07T14:34:04.310+0000] {dagbag.py:541} INFO - Filling up the DagBag from /opt/airflow/dags/orquestador.py
[2025-09-07T14:34:05.524+0000] {processor.py:809} INFO - DAG(s) dict_keys(['orquestador']) retrieved from /opt/airflow/dags/orquestador.py
[2025-09-07T14:34:05.557+0000] {logging_mixin.py:149} INFO - [2025-09-07T14:34:05.557+0000] {dag.py:2726} INFO - Sync 1 DAGs
[2025-09-07T14:34:05.598+0000] {logging_mixin.py:149} INFO - [2025-09-07T14:34:05.598+0000] {dag.py:3490} INFO - Setting next_dagrun for orquestador to None, run_after=None
[2025-09-07T14:34:05.623+0000] {processor.py:178} INFO - Processing /opt/airflow/dags/orquestador.py took 1.334 seconds
[2025-09-07T14:34:35.856+0000] {processor.py:156} INFO - Started process (PID=320) to work on /opt/airflow/dags/orquestador.py
[2025-09-07T14:34:35.857+0000] {processor.py:799} INFO - Processing file /opt/airflow/dags/orquestador.py for tasks to queue
[2025-09-07T14:34:35.859+0000] {logging_mixin.py:149} INFO - [2025-09-07T14:34:35.859+0000] {dagbag.py:541} INFO - Filling up the DagBag from /opt/airflow/dags/orquestador.py
[2025-09-07T14:34:36.811+0000] {processor.py:809} INFO - DAG(s) dict_keys(['orquestador']) retrieved from /opt/airflow/dags/orquestador.py
[2025-09-07T14:34:36.846+0000] {logging_mixin.py:149} INFO - [2025-09-07T14:34:36.846+0000] {dag.py:2726} INFO - Sync 1 DAGs
[2025-09-07T14:34:36.874+0000] {logging_mixin.py:149} INFO - [2025-09-07T14:34:36.873+0000] {dag.py:3490} INFO - Setting next_dagrun for orquestador to None, run_after=None
[2025-09-07T14:34:36.892+0000] {processor.py:178} INFO - Processing /opt/airflow/dags/orquestador.py took 1.041 seconds
[2025-09-07T14:35:07.159+0000] {processor.py:156} INFO - Started process (PID=333) to work on /opt/airflow/dags/orquestador.py
[2025-09-07T14:35:07.160+0000] {processor.py:799} INFO - Processing file /opt/airflow/dags/orquestador.py for tasks to queue
[2025-09-07T14:35:07.161+0000] {logging_mixin.py:149} INFO - [2025-09-07T14:35:07.161+0000] {dagbag.py:541} INFO - Filling up the DagBag from /opt/airflow/dags/orquestador.py
[2025-09-07T14:35:08.099+0000] {processor.py:809} INFO - DAG(s) dict_keys(['orquestador']) retrieved from /opt/airflow/dags/orquestador.py
[2025-09-07T14:35:08.132+0000] {logging_mixin.py:149} INFO - [2025-09-07T14:35:08.132+0000] {dag.py:2726} INFO - Sync 1 DAGs
[2025-09-07T14:35:08.157+0000] {logging_mixin.py:149} INFO - [2025-09-07T14:35:08.157+0000] {dag.py:3490} INFO - Setting next_dagrun for orquestador to None, run_after=None
[2025-09-07T14:35:08.174+0000] {processor.py:178} INFO - Processing /opt/airflow/dags/orquestador.py took 1.018 seconds
[2025-09-07T14:35:38.384+0000] {processor.py:156} INFO - Started process (PID=350) to work on /opt/airflow/dags/orquestador.py
[2025-09-07T14:35:38.386+0000] {processor.py:799} INFO - Processing file /opt/airflow/dags/orquestador.py for tasks to queue
[2025-09-07T14:35:38.386+0000] {logging_mixin.py:149} INFO - [2025-09-07T14:35:38.386+0000] {dagbag.py:541} INFO - Filling up the DagBag from /opt/airflow/dags/orquestador.py
[2025-09-07T14:35:39.318+0000] {processor.py:809} INFO - DAG(s) dict_keys(['orquestador']) retrieved from /opt/airflow/dags/orquestador.py
[2025-09-07T14:35:39.370+0000] {logging_mixin.py:149} INFO - [2025-09-07T14:35:39.369+0000] {dag.py:2726} INFO - Sync 1 DAGs
[2025-09-07T14:35:39.398+0000] {logging_mixin.py:149} INFO - [2025-09-07T14:35:39.398+0000] {dag.py:3490} INFO - Setting next_dagrun for orquestador to None, run_after=None
[2025-09-07T14:35:39.416+0000] {processor.py:178} INFO - Processing /opt/airflow/dags/orquestador.py took 1.035 seconds
