[2025-09-06T03:32:17.717+0000] {taskinstance.py:1125} INFO - Dependencies all met for dep_context=non-requeueable deps ti=<TaskInstance: mysql_insert_select.delete_table-clean manual__2025-09-06T03:32:14.285199+00:00 [queued]>
[2025-09-06T03:32:17.729+0000] {taskinstance.py:1125} INFO - Dependencies all met for dep_context=requeueable deps ti=<TaskInstance: mysql_insert_select.delete_table-clean manual__2025-09-06T03:32:14.285199+00:00 [queued]>
[2025-09-06T03:32:17.729+0000] {taskinstance.py:1331} INFO - Starting attempt 1 of 1
[2025-09-06T03:32:17.749+0000] {taskinstance.py:1350} INFO - Executing <Task(MySqlOperator): delete_table-clean> on 2025-09-06 03:32:14.285199+00:00
[2025-09-06T03:32:17.760+0000] {standard_task_runner.py:57} INFO - Started process 224 to run task
[2025-09-06T03:32:17.773+0000] {standard_task_runner.py:84} INFO - Running: ['***', 'tasks', 'run', 'mysql_insert_select', 'delete_table-clean', 'manual__2025-09-06T03:32:14.285199+00:00', '--job-id', '167', '--raw', '--subdir', 'DAGS_FOLDER/mysql_insert_select.py', '--cfg-path', '/tmp/tmpkg_prsuw']
[2025-09-06T03:32:17.780+0000] {standard_task_runner.py:85} INFO - Job 167: Subtask delete_table-clean
[2025-09-06T03:32:17.887+0000] {task_command.py:410} INFO - Running <TaskInstance: mysql_insert_select.delete_table-clean manual__2025-09-06T03:32:14.285199+00:00 [running]> on host b8e94a005348
[2025-09-06T03:32:18.030+0000] {taskinstance.py:1570} INFO - Exporting env vars: AIRFLOW_CTX_DAG_OWNER='***' AIRFLOW_CTX_DAG_ID='mysql_insert_select' AIRFLOW_CTX_TASK_ID='delete_table-clean' AIRFLOW_CTX_EXECUTION_DATE='2025-09-06T03:32:14.285199+00:00' AIRFLOW_CTX_TRY_NUMBER='1' AIRFLOW_CTX_DAG_RUN_ID='manual__2025-09-06T03:32:14.285199+00:00'
[2025-09-06T03:32:18.031+0000] {sql.py:262} INFO - Executing: 
DROP TABLE IF EXISTS penguins_clean;            
 
[2025-09-06T03:32:18.048+0000] {base.py:73} INFO - Using connection ID 'mysql_conn' for task execution.
[2025-09-06T03:32:18.160+0000] {base.py:73} INFO - Using connection ID 'mysql_conn' for task execution.
[2025-09-06T03:32:18.195+0000] {sql.py:375} INFO - Running statement: 
DROP TABLE IF EXISTS penguins_clean;            
 , parameters: None
[2025-09-06T03:32:18.217+0000] {sql.py:384} INFO - Rows affected: 0
[2025-09-06T03:32:18.234+0000] {taskinstance.py:1373} INFO - Marking task as SUCCESS. dag_id=mysql_insert_select, task_id=delete_table-clean, execution_date=20250906T033214, start_date=20250906T033217, end_date=20250906T033218
[2025-09-06T03:32:18.300+0000] {local_task_job_runner.py:232} INFO - Task exited with return code 0
[2025-09-06T03:32:18.401+0000] {taskinstance.py:2674} INFO - 0 downstream tasks scheduled from follow-on schedule check
