[2025-09-06T04:29:59.644+0000] {taskinstance.py:1125} INFO - Dependencies all met for dep_context=non-requeueable deps ti=<TaskInstance: mysql_insert_select.read_data manual__2025-09-06T04:29:47.941895+00:00 [queued]>
[2025-09-06T04:29:59.678+0000] {taskinstance.py:1125} INFO - Dependencies all met for dep_context=requeueable deps ti=<TaskInstance: mysql_insert_select.read_data manual__2025-09-06T04:29:47.941895+00:00 [queued]>
[2025-09-06T04:29:59.679+0000] {taskinstance.py:1331} INFO - Starting attempt 1 of 1
[2025-09-06T04:29:59.704+0000] {taskinstance.py:1350} INFO - Executing <Task(PythonOperator): read_data> on 2025-09-06 04:29:47.941895+00:00
[2025-09-06T04:29:59.718+0000] {standard_task_runner.py:57} INFO - Started process 252 to run task
[2025-09-06T04:29:59.725+0000] {standard_task_runner.py:84} INFO - Running: ['***', 'tasks', 'run', 'mysql_insert_select', 'read_data', 'manual__2025-09-06T04:29:47.941895+00:00', '--job-id', '196', '--raw', '--subdir', 'DAGS_FOLDER/mysql_insert_select.py', '--cfg-path', '/tmp/tmpzg8y6f0u']
[2025-09-06T04:29:59.730+0000] {standard_task_runner.py:85} INFO - Job 196: Subtask read_data
[2025-09-06T04:29:59.807+0000] {task_command.py:410} INFO - Running <TaskInstance: mysql_insert_select.read_data manual__2025-09-06T04:29:47.941895+00:00 [running]> on host 6faa580ba6cb
[2025-09-06T04:29:59.961+0000] {taskinstance.py:1570} INFO - Exporting env vars: AIRFLOW_CTX_DAG_OWNER='***' AIRFLOW_CTX_DAG_ID='mysql_insert_select' AIRFLOW_CTX_TASK_ID='read_data' AIRFLOW_CTX_EXECUTION_DATE='2025-09-06T04:29:47.941895+00:00' AIRFLOW_CTX_TRY_NUMBER='1' AIRFLOW_CTX_DAG_RUN_ID='manual__2025-09-06T04:29:47.941895+00:00'
[2025-09-06T04:29:59.978+0000] {base.py:73} INFO - Using connection ID 'mysql_conn' for task execution.
[2025-09-06T04:30:00.056+0000] {logging_mixin.py:149} INFO -    species  bill_length_mm  ...  sex_female  sex_male
0        1            39.1  ...           0         1
1        1            39.5  ...           1         0
2        1            40.3  ...           1         0
4        1            36.7  ...           1         0
5        1            39.3  ...           0         1

[5 rows x 11 columns]
[2025-09-06T04:30:00.056+0000] {logging_mixin.py:149} INFO -  Datos limpios listos para insertar en penguins_clean
[2025-09-06T04:30:00.056+0000] {logging_mixin.py:149} INFO - Index(['species', 'bill_length_mm', 'bill_depth_mm', 'flipper_length_mm',
       'body_mass_g', 'year', 'island_Biscoe', 'island_Dream',
       'island_Torgersen', 'sex_female', 'sex_male'],
      dtype='object')
[2025-09-06T04:30:00.099+0000] {base.py:73} INFO - Using connection ID 'mysql_conn' for task execution.
[2025-09-06T04:30:00.133+0000] {logging_mixin.py:149} INFO -  Limpieza e inserción terminada en penguins_clean
[2025-09-06T04:30:00.134+0000] {python.py:183} INFO - Done. Returned value was: None
[2025-09-06T04:30:00.149+0000] {taskinstance.py:1373} INFO - Marking task as SUCCESS. dag_id=mysql_insert_select, task_id=read_data, execution_date=20250906T042947, start_date=20250906T042959, end_date=20250906T043000
[2025-09-06T04:30:00.179+0000] {local_task_job_runner.py:232} INFO - Task exited with return code 0
[2025-09-06T04:30:00.226+0000] {taskinstance.py:2674} INFO - 1 downstream tasks scheduled from follow-on schedule check
