[2025-09-06T06:23:36.876+0000] {taskinstance.py:1125} INFO - Dependencies all met for dep_context=non-requeueable deps ti=<TaskInstance: mysql_insert_select.train_model manual__2025-09-06T06:23:21.060447+00:00 [queued]>
[2025-09-06T06:23:36.896+0000] {taskinstance.py:1125} INFO - Dependencies all met for dep_context=requeueable deps ti=<TaskInstance: mysql_insert_select.train_model manual__2025-09-06T06:23:21.060447+00:00 [queued]>
[2025-09-06T06:23:36.896+0000] {taskinstance.py:1331} INFO - Starting attempt 1 of 1
[2025-09-06T06:23:36.915+0000] {taskinstance.py:1350} INFO - Executing <Task(PythonOperator): train_model> on 2025-09-06 06:23:21.060447+00:00
[2025-09-06T06:23:36.928+0000] {standard_task_runner.py:57} INFO - Started process 916 to run task
[2025-09-06T06:23:36.939+0000] {standard_task_runner.py:84} INFO - Running: ['***', 'tasks', 'run', 'mysql_insert_select', 'train_model', 'manual__2025-09-06T06:23:21.060447+00:00', '--job-id', '368', '--raw', '--subdir', 'DAGS_FOLDER/mysql_insert_select.py', '--cfg-path', '/tmp/tmpa0lxei97']
[2025-09-06T06:23:36.943+0000] {standard_task_runner.py:85} INFO - Job 368: Subtask train_model
[2025-09-06T06:23:37.042+0000] {task_command.py:410} INFO - Running <TaskInstance: mysql_insert_select.train_model manual__2025-09-06T06:23:21.060447+00:00 [running]> on host 498c9c87b7f1
[2025-09-06T06:23:37.183+0000] {taskinstance.py:1570} INFO - Exporting env vars: AIRFLOW_CTX_DAG_OWNER='***' AIRFLOW_CTX_DAG_ID='mysql_insert_select' AIRFLOW_CTX_TASK_ID='train_model' AIRFLOW_CTX_EXECUTION_DATE='2025-09-06T06:23:21.060447+00:00' AIRFLOW_CTX_TRY_NUMBER='1' AIRFLOW_CTX_DAG_RUN_ID='manual__2025-09-06T06:23:21.060447+00:00'
[2025-09-06T06:23:37.199+0000] {base.py:73} INFO - Using connection ID 'mysql_conn' for task execution.
[2025-09-06T06:23:37.260+0000] {warnings.py:110} WARNING - /home/***/.local/lib/python3.7/site-packages/sklearn/linear_model/_logistic.py:818: ConvergenceWarning: lbfgs failed to converge (status=1):
STOP: TOTAL NO. of ITERATIONS REACHED LIMIT.

Increase the number of iterations (max_iter) or scale the data as shown in:
    https://scikit-learn.org/stable/modules/preprocessing.html
Please also refer to the documentation for alternative solver options:
    https://scikit-learn.org/stable/modules/linear_model.html#logistic-regression
  extra_warning_msg=_LOGISTIC_SOLVER_CONVERGENCE_MSG,

[2025-09-06T06:23:37.262+0000] {taskinstance.py:1847} ERROR - Task failed with exception
Traceback (most recent call last):
  File "/home/airflow/.local/lib/python3.7/site-packages/airflow/operators/python.py", line 181, in execute
    return_value = self.execute_callable()
  File "/home/airflow/.local/lib/python3.7/site-packages/airflow/operators/python.py", line 198, in execute_callable
    return self.python_callable(*self.op_args, **self.op_kwargs)
  File "/opt/airflow/dags/scripts/funciones.py", line 144, in train_model
    joblib.dump(model, '/opt/airflow/models/RegresionLogistica.pkl')
  File "/home/airflow/.local/lib/python3.7/site-packages/joblib/numpy_pickle.py", line 552, in dump
    with open(filename, 'wb') as f:
FileNotFoundError: [Errno 2] No such file or directory: '/opt/airflow/models/RegresionLogistica.pkl'
[2025-09-06T06:23:37.275+0000] {taskinstance.py:1373} INFO - Marking task as FAILED. dag_id=mysql_insert_select, task_id=train_model, execution_date=20250906T062321, start_date=20250906T062336, end_date=20250906T062337
[2025-09-06T06:23:37.292+0000] {standard_task_runner.py:109} ERROR - Failed to execute job 368 for task train_model ([Errno 2] No such file or directory: '/opt/airflow/models/RegresionLogistica.pkl'; 916)
[2025-09-06T06:23:37.346+0000] {local_task_job_runner.py:232} INFO - Task exited with return code 1
[2025-09-06T06:23:37.411+0000] {taskinstance.py:2674} INFO - 0 downstream tasks scheduled from follow-on schedule check
