[2025-09-06T02:10:00.369+0000] {taskinstance.py:1125} INFO - Dependencies all met for dep_context=non-requeueable deps ti=<TaskInstance: mysql_insert_select.delete_table-clean manual__2025-09-06T02:09:56.745781+00:00 [queued]>
[2025-09-06T02:10:00.401+0000] {taskinstance.py:1125} INFO - Dependencies all met for dep_context=requeueable deps ti=<TaskInstance: mysql_insert_select.delete_table-clean manual__2025-09-06T02:09:56.745781+00:00 [queued]>
[2025-09-06T02:10:00.407+0000] {taskinstance.py:1331} INFO - Starting attempt 1 of 1
[2025-09-06T02:10:00.453+0000] {taskinstance.py:1350} INFO - Executing <Task(MySqlOperator): delete_table-clean> on 2025-09-06 02:09:56.745781+00:00
[2025-09-06T02:10:00.483+0000] {standard_task_runner.py:57} INFO - Started process 114 to run task
[2025-09-06T02:10:00.494+0000] {standard_task_runner.py:84} INFO - Running: ['***', 'tasks', 'run', 'mysql_insert_select', 'delete_table-clean', 'manual__2025-09-06T02:09:56.745781+00:00', '--job-id', '118', '--raw', '--subdir', 'DAGS_FOLDER/crea_tablas.py', '--cfg-path', '/tmp/tmpk8bhzk7c']
[2025-09-06T02:10:00.501+0000] {standard_task_runner.py:85} INFO - Job 118: Subtask delete_table-clean
[2025-09-06T02:10:00.656+0000] {task_command.py:410} INFO - Running <TaskInstance: mysql_insert_select.delete_table-clean manual__2025-09-06T02:09:56.745781+00:00 [running]> on host ded74915b8e2
[2025-09-06T02:10:00.907+0000] {taskinstance.py:1570} INFO - Exporting env vars: AIRFLOW_CTX_DAG_OWNER='***' AIRFLOW_CTX_DAG_ID='mysql_insert_select' AIRFLOW_CTX_TASK_ID='delete_table-clean' AIRFLOW_CTX_EXECUTION_DATE='2025-09-06T02:09:56.745781+00:00' AIRFLOW_CTX_TRY_NUMBER='1' AIRFLOW_CTX_DAG_RUN_ID='manual__2025-09-06T02:09:56.745781+00:00'
[2025-09-06T02:10:00.907+0000] {sql.py:262} INFO - Executing: 
DROP TABLE IF EXISTS penguins_clean;            
 
[2025-09-06T02:10:00.925+0000] {base.py:73} INFO - Using connection ID 'mysql_conn' for task execution.
[2025-09-06T02:10:01.027+0000] {base.py:73} INFO - Using connection ID 'mysql_conn' for task execution.
[2025-09-06T02:10:01.060+0000] {sql.py:375} INFO - Running statement: 
DROP TABLE IF EXISTS penguins_clean;            
 , parameters: None
[2025-09-06T02:10:01.092+0000] {sql.py:384} INFO - Rows affected: 0
[2025-09-06T02:10:01.146+0000] {taskinstance.py:1373} INFO - Marking task as SUCCESS. dag_id=mysql_insert_select, task_id=delete_table-clean, execution_date=20250906T020956, start_date=20250906T021000, end_date=20250906T021001
[2025-09-06T02:10:01.221+0000] {local_task_job_runner.py:232} INFO - Task exited with return code 0
[2025-09-06T02:10:01.361+0000] {taskinstance.py:2674} INFO - 0 downstream tasks scheduled from follow-on schedule check
