[2025-09-05T22:03:25.526+0000] {taskinstance.py:1125} INFO - Dependencies all met for dep_context=non-requeueable deps ti=<TaskInstance: mysql_insert_select.create_table manual__2025-09-05T22:03:22.728967+00:00 [queued]>
[2025-09-05T22:03:25.542+0000] {taskinstance.py:1125} INFO - Dependencies all met for dep_context=requeueable deps ti=<TaskInstance: mysql_insert_select.create_table manual__2025-09-05T22:03:22.728967+00:00 [queued]>
[2025-09-05T22:03:25.543+0000] {taskinstance.py:1331} INFO - Starting attempt 1 of 1
[2025-09-05T22:03:25.562+0000] {taskinstance.py:1350} INFO - Executing <Task(MySqlOperator): create_table> on 2025-09-05 22:03:22.728967+00:00
[2025-09-05T22:03:25.572+0000] {standard_task_runner.py:57} INFO - Started process 1403 to run task
[2025-09-05T22:03:25.581+0000] {standard_task_runner.py:84} INFO - Running: ['***', 'tasks', 'run', 'mysql_insert_select', 'create_table', 'manual__2025-09-05T22:03:22.728967+00:00', '--job-id', '20', '--raw', '--subdir', 'DAGS_FOLDER/crea_tablas.py', '--cfg-path', '/tmp/tmphjouwnd0']
[2025-09-05T22:03:25.584+0000] {standard_task_runner.py:85} INFO - Job 20: Subtask create_table
[2025-09-05T22:03:25.662+0000] {task_command.py:410} INFO - Running <TaskInstance: mysql_insert_select.create_table manual__2025-09-05T22:03:22.728967+00:00 [running]> on host 72c5ffe25b48
[2025-09-05T22:03:25.792+0000] {taskinstance.py:1570} INFO - Exporting env vars: AIRFLOW_CTX_DAG_OWNER='***' AIRFLOW_CTX_DAG_ID='mysql_insert_select' AIRFLOW_CTX_TASK_ID='create_table' AIRFLOW_CTX_EXECUTION_DATE='2025-09-05T22:03:22.728967+00:00' AIRFLOW_CTX_TRY_NUMBER='1' AIRFLOW_CTX_DAG_RUN_ID='manual__2025-09-05T22:03:22.728967+00:00'
[2025-09-05T22:03:25.793+0000] {sql.py:262} INFO - Executing: 
        CREATE TABLE penguins_raw (
        species VARCHAR(50) NULL,
        island VARCHAR(50) NULL,
        bill_length_mm DOUBLE NULL,
        bill_depth_mm DOUBLE NULL,
        flipper_length_mm DOUBLE NULL,
        body_mass_g DOUBLE NULL,
        sex VARCHAR(10) NULL,
        year INT NULL
        );
        
[2025-09-05T22:03:25.807+0000] {base.py:73} INFO - Using connection ID 'mysql_conn' for task execution.
[2025-09-05T22:03:25.896+0000] {base.py:73} INFO - Using connection ID 'mysql_conn' for task execution.
[2025-09-05T22:03:26.173+0000] {sql.py:375} INFO - Running statement: 
        CREATE TABLE penguins_raw (
        species VARCHAR(50) NULL,
        island VARCHAR(50) NULL,
        bill_length_mm DOUBLE NULL,
        bill_depth_mm DOUBLE NULL,
        flipper_length_mm DOUBLE NULL,
        body_mass_g DOUBLE NULL,
        sex VARCHAR(10) NULL,
        year INT NULL
        );
        , parameters: None
[2025-09-05T22:03:26.195+0000] {sql.py:384} INFO - Rows affected: 0
[2025-09-05T22:03:26.217+0000] {taskinstance.py:1373} INFO - Marking task as SUCCESS. dag_id=mysql_insert_select, task_id=create_table, execution_date=20250905T220322, start_date=20250905T220325, end_date=20250905T220326
[2025-09-05T22:03:26.289+0000] {local_task_job_runner.py:232} INFO - Task exited with return code 0
[2025-09-05T22:03:26.327+0000] {taskinstance.py:2674} INFO - 1 downstream tasks scheduled from follow-on schedule check
