[2025-09-07T14:30:36.297+0000] {taskinstance.py:1125} INFO - Dependencies all met for dep_context=non-requeueable deps ti=<TaskInstance: orquestador.create_table_raw manual__2025-09-07T14:30:31+00:00 [queued]>
[2025-09-07T14:30:36.309+0000] {taskinstance.py:1125} INFO - Dependencies all met for dep_context=requeueable deps ti=<TaskInstance: orquestador.create_table_raw manual__2025-09-07T14:30:31+00:00 [queued]>
[2025-09-07T14:30:36.309+0000] {taskinstance.py:1331} INFO - Starting attempt 1 of 1
[2025-09-07T14:30:36.325+0000] {taskinstance.py:1350} INFO - Executing <Task(MySqlOperator): create_table_raw> on 2025-09-07 14:30:31+00:00
[2025-09-07T14:30:36.333+0000] {standard_task_runner.py:57} INFO - Started process 143 to run task
[2025-09-07T14:30:36.350+0000] {standard_task_runner.py:84} INFO - Running: ['***', 'tasks', 'run', 'orquestador', 'create_table_raw', 'manual__2025-09-07T14:30:31+00:00', '--job-id', '25', '--raw', '--subdir', 'DAGS_FOLDER/orquestador.py', '--cfg-path', '/tmp/tmp8wkn95zr']
[2025-09-07T14:30:36.353+0000] {standard_task_runner.py:85} INFO - Job 25: Subtask create_table_raw
[2025-09-07T14:30:36.413+0000] {task_command.py:410} INFO - Running <TaskInstance: orquestador.create_table_raw manual__2025-09-07T14:30:31+00:00 [running]> on host b7ae5b05c2d0
[2025-09-07T14:30:36.536+0000] {taskinstance.py:1570} INFO - Exporting env vars: AIRFLOW_CTX_DAG_OWNER='***' AIRFLOW_CTX_DAG_ID='orquestador' AIRFLOW_CTX_TASK_ID='create_table_raw' AIRFLOW_CTX_EXECUTION_DATE='2025-09-07T14:30:31+00:00' AIRFLOW_CTX_TRY_NUMBER='1' AIRFLOW_CTX_DAG_RUN_ID='manual__2025-09-07T14:30:31+00:00'
[2025-09-07T14:30:36.536+0000] {sql.py:262} INFO - Executing:  CREATE TABLE penguins_raw (
            species VARCHAR(50) NULL,
            island VARCHAR(50) NULL,
            bill_length_mm DOUBLE NULL,
            bill_depth_mm DOUBLE NULL,
            flipper_length_mm DOUBLE NULL,
            body_mass_g DOUBLE NULL,
            sex VARCHAR(10) NULL,
            year INT NULL
        )
        
[2025-09-07T14:30:36.538+0000] {crypto.py:83} WARNING - empty cryptography key - values will not be stored encrypted.
[2025-09-07T14:30:36.538+0000] {base.py:73} INFO - Using connection ID 'mysql_conn' for task execution.
[2025-09-07T14:30:36.608+0000] {base.py:73} INFO - Using connection ID 'mysql_conn' for task execution.
[2025-09-07T14:30:36.628+0000] {sql.py:375} INFO - Running statement:  CREATE TABLE penguins_raw (
            species VARCHAR(50) NULL,
            island VARCHAR(50) NULL,
            bill_length_mm DOUBLE NULL,
            bill_depth_mm DOUBLE NULL,
            flipper_length_mm DOUBLE NULL,
            body_mass_g DOUBLE NULL,
            sex VARCHAR(10) NULL,
            year INT NULL
        )
        , parameters: None
[2025-09-07T14:30:36.653+0000] {sql.py:384} INFO - Rows affected: 0
[2025-09-07T14:30:36.667+0000] {taskinstance.py:1373} INFO - Marking task as SUCCESS. dag_id=orquestador, task_id=create_table_raw, execution_date=20250907T143031, start_date=20250907T143036, end_date=20250907T143036
[2025-09-07T14:30:36.711+0000] {local_task_job_runner.py:232} INFO - Task exited with return code 0
[2025-09-07T14:30:36.753+0000] {taskinstance.py:2674} INFO - 1 downstream tasks scheduled from follow-on schedule check
