[2025-09-06T04:54:42.819+0000] {taskinstance.py:1125} INFO - Dependencies all met for dep_context=non-requeueable deps ti=<TaskInstance: mysql_insert_select.delete_table manual__2025-09-06T04:54:40.579837+00:00 [queued]>
[2025-09-06T04:54:42.851+0000] {taskinstance.py:1125} INFO - Dependencies all met for dep_context=requeueable deps ti=<TaskInstance: mysql_insert_select.delete_table manual__2025-09-06T04:54:40.579837+00:00 [queued]>
[2025-09-06T04:54:42.852+0000] {taskinstance.py:1331} INFO - Starting attempt 1 of 1
[2025-09-06T04:54:42.876+0000] {taskinstance.py:1350} INFO - Executing <Task(MySqlOperator): delete_table> on 2025-09-06 04:54:40.579837+00:00
[2025-09-06T04:54:42.891+0000] {standard_task_runner.py:57} INFO - Started process 798 to run task
[2025-09-06T04:54:42.898+0000] {standard_task_runner.py:84} INFO - Running: ['***', 'tasks', 'run', 'mysql_insert_select', 'delete_table', 'manual__2025-09-06T04:54:40.579837+00:00', '--job-id', '223', '--raw', '--subdir', 'DAGS_FOLDER/mysql_insert_select.py', '--cfg-path', '/tmp/tmpe2t8e73s']
[2025-09-06T04:54:42.902+0000] {standard_task_runner.py:85} INFO - Job 223: Subtask delete_table
[2025-09-06T04:54:43.009+0000] {task_command.py:410} INFO - Running <TaskInstance: mysql_insert_select.delete_table manual__2025-09-06T04:54:40.579837+00:00 [running]> on host 6faa580ba6cb
[2025-09-06T04:54:43.167+0000] {taskinstance.py:1570} INFO - Exporting env vars: AIRFLOW_CTX_DAG_OWNER='***' AIRFLOW_CTX_DAG_ID='mysql_insert_select' AIRFLOW_CTX_TASK_ID='delete_table' AIRFLOW_CTX_EXECUTION_DATE='2025-09-06T04:54:40.579837+00:00' AIRFLOW_CTX_TRY_NUMBER='1' AIRFLOW_CTX_DAG_RUN_ID='manual__2025-09-06T04:54:40.579837+00:00'
[2025-09-06T04:54:43.168+0000] {sql.py:262} INFO - Executing: 
DROP TABLE IF EXISTS penguins_raw;

[2025-09-06T04:54:43.182+0000] {base.py:73} INFO - Using connection ID 'mysql_conn' for task execution.
[2025-09-06T04:54:43.280+0000] {base.py:73} INFO - Using connection ID 'mysql_conn' for task execution.
[2025-09-06T04:54:43.297+0000] {sql.py:375} INFO - Running statement: 
DROP TABLE IF EXISTS penguins_raw;
, parameters: None
[2025-09-06T04:54:43.312+0000] {sql.py:384} INFO - Rows affected: 0
[2025-09-06T04:54:43.329+0000] {taskinstance.py:1373} INFO - Marking task as SUCCESS. dag_id=mysql_insert_select, task_id=delete_table, execution_date=20250906T045440, start_date=20250906T045442, end_date=20250906T045443
[2025-09-06T04:54:43.390+0000] {local_task_job_runner.py:232} INFO - Task exited with return code 0
[2025-09-06T04:54:43.452+0000] {taskinstance.py:2674} INFO - 0 downstream tasks scheduled from follow-on schedule check
