[2025-09-06T01:48:51.137+0000] {taskinstance.py:1125} INFO - Dependencies all met for dep_context=non-requeueable deps ti=<TaskInstance: mysql_insert_select.create_table_clean manual__2025-09-06T01:48:42.332485+00:00 [queued]>
[2025-09-06T01:48:51.150+0000] {taskinstance.py:1125} INFO - Dependencies all met for dep_context=requeueable deps ti=<TaskInstance: mysql_insert_select.create_table_clean manual__2025-09-06T01:48:42.332485+00:00 [queued]>
[2025-09-06T01:48:51.151+0000] {taskinstance.py:1331} INFO - Starting attempt 1 of 1
[2025-09-06T01:48:51.170+0000] {taskinstance.py:1350} INFO - Executing <Task(MySqlOperator): create_table_clean> on 2025-09-06 01:48:42.332485+00:00
[2025-09-06T01:48:51.183+0000] {standard_task_runner.py:57} INFO - Started process 5483 to run task
[2025-09-06T01:48:51.192+0000] {standard_task_runner.py:84} INFO - Running: ['***', 'tasks', 'run', 'mysql_insert_select', 'create_table_clean', 'manual__2025-09-06T01:48:42.332485+00:00', '--job-id', '106', '--raw', '--subdir', 'DAGS_FOLDER/crea_tablas.py', '--cfg-path', '/tmp/tmpnydb3zkz']
[2025-09-06T01:48:51.199+0000] {standard_task_runner.py:85} INFO - Job 106: Subtask create_table_clean
[2025-09-06T01:48:51.277+0000] {task_command.py:410} INFO - Running <TaskInstance: mysql_insert_select.create_table_clean manual__2025-09-06T01:48:42.332485+00:00 [running]> on host 72c5ffe25b48
[2025-09-06T01:48:51.420+0000] {taskinstance.py:1570} INFO - Exporting env vars: AIRFLOW_CTX_DAG_OWNER='***' AIRFLOW_CTX_DAG_ID='mysql_insert_select' AIRFLOW_CTX_TASK_ID='create_table_clean' AIRFLOW_CTX_EXECUTION_DATE='2025-09-06T01:48:42.332485+00:00' AIRFLOW_CTX_TRY_NUMBER='1' AIRFLOW_CTX_DAG_RUN_ID='manual__2025-09-06T01:48:42.332485+00:00'
[2025-09-06T01:48:51.422+0000] {sql.py:262} INFO - Executing:  CREATE TABLE penguins_clean (
    species INT NULL,
    bill_length_mm DOUBLE NULL,
    bill_depth_mm DOUBLE NULL,
    flipper_length_mm DOUBLE NULL,
    body_mass_g DOUBLE NULL,
    year INT NULL,
    island_Biscoe INT NULL,
    island_Dream INT NULL,
    island_Torgersen INT NULL,
    sex_female INT NULL,
    sex_male INT NULL
        );      
        
[2025-09-06T01:48:51.435+0000] {base.py:73} INFO - Using connection ID 'mysql_conn' for task execution.
[2025-09-06T01:48:51.530+0000] {base.py:73} INFO - Using connection ID 'mysql_conn' for task execution.
[2025-09-06T01:48:51.548+0000] {sql.py:375} INFO - Running statement:  CREATE TABLE penguins_clean (
    species INT NULL,
    bill_length_mm DOUBLE NULL,
    bill_depth_mm DOUBLE NULL,
    flipper_length_mm DOUBLE NULL,
    body_mass_g DOUBLE NULL,
    year INT NULL,
    island_Biscoe INT NULL,
    island_Dream INT NULL,
    island_Torgersen INT NULL,
    sex_female INT NULL,
    sex_male INT NULL
        );      
        , parameters: None
[2025-09-06T01:48:51.577+0000] {sql.py:384} INFO - Rows affected: 0
[2025-09-06T01:48:51.600+0000] {taskinstance.py:1373} INFO - Marking task as SUCCESS. dag_id=mysql_insert_select, task_id=create_table_clean, execution_date=20250906T014842, start_date=20250906T014851, end_date=20250906T014851
[2025-09-06T01:48:51.640+0000] {local_task_job_runner.py:232} INFO - Task exited with return code 0
[2025-09-06T01:48:51.694+0000] {taskinstance.py:2674} INFO - 1 downstream tasks scheduled from follow-on schedule check
